<?xml version="1.0" encoding="UTF-8"?>
<coverage generated="1551875888520" clover="3.2.0">
  <project timestamp="1551875888520" name="All files">
    <metrics statements="172" coveredstatements="114" conditionals="101" coveredconditionals="60" methods="73" coveredmethods="43" elements="346" coveredelements="217" complexity="0" loc="172" ncloc="172" packages="18" files="29" classes="29">
      <package name="components.Header">
        <metrics statements="4" coveredstatements="4" conditionals="0" coveredconditionals="0" methods="1" coveredmethods="1"/>
        <file name="Header.js" path="C:\_src\identity-hostedpages\custom-pages\login\src\components\Header\Header.js">
          <metrics statements="4" coveredstatements="4" conditionals="0" coveredconditionals="0" methods="1" coveredmethods="1"/>
          <line num="5" count="2" type="stmt"/>
          <line num="6" count="1" type="stmt"/>
          <line num="12" count="2" type="stmt"/>
          <line num="16" count="2" type="stmt"/>
        </file>
        <file name="index.js" path="C:\_src\identity-hostedpages\custom-pages\login\src\components\Header\index.js">
          <metrics statements="0" coveredstatements="0" conditionals="0" coveredconditionals="0" methods="0" coveredmethods="0"/>
        </file>
      </package>
      <package name="components.Layout">
        <metrics statements="3" coveredstatements="3" conditionals="0" coveredconditionals="0" methods="1" coveredmethods="1"/>
        <file name="Layout.js" path="C:\_src\identity-hostedpages\custom-pages\login\src\components\Layout\Layout.js">
          <metrics statements="3" coveredstatements="3" conditionals="0" coveredconditionals="0" methods="1" coveredmethods="1"/>
          <line num="8" count="1" type="stmt"/>
          <line num="9" count="1" type="stmt"/>
          <line num="21" count="1" type="stmt"/>
        </file>
        <file name="index.js" path="C:\_src\identity-hostedpages\custom-pages\login\src\components\Layout\index.js">
          <metrics statements="0" coveredstatements="0" conditionals="0" coveredconditionals="0" methods="0" coveredmethods="0"/>
        </file>
      </package>
      <package name="components.Navigation">
        <metrics statements="3" coveredstatements="3" conditionals="2" coveredconditionals="1" methods="1" coveredmethods="1"/>
        <file name="Nav.js" path="C:\_src\identity-hostedpages\custom-pages\login\src\components\Navigation\Nav.js">
          <metrics statements="3" coveredstatements="3" conditionals="2" coveredconditionals="1" methods="1" coveredmethods="1"/>
          <line num="6" count="2" type="stmt"/>
          <line num="7" count="1" type="stmt"/>
          <line num="8" count="1" type="stmt"/>
        </file>
        <file name="index.js" path="C:\_src\identity-hostedpages\custom-pages\login\src\components\Navigation\index.js">
          <metrics statements="0" coveredstatements="0" conditionals="0" coveredconditionals="0" methods="0" coveredmethods="0"/>
        </file>
      </package>
      <package name="containers">
        <metrics statements="2" coveredstatements="2" conditionals="0" coveredconditionals="0" methods="1" coveredmethods="1"/>
        <file name="AppContainer.js" path="C:\_src\identity-hostedpages\custom-pages\login\src\containers\AppContainer.js">
          <metrics statements="2" coveredstatements="2" conditionals="0" coveredconditionals="0" methods="1" coveredmethods="1"/>
          <line num="16" count="1" type="stmt"/>
          <line num="18" count="1" type="stmt"/>
        </file>
      </package>
      <package name="routes.ForgotPassword">
        <metrics statements="0" coveredstatements="0" conditionals="0" coveredconditionals="0" methods="0" coveredmethods="0"/>
        <file name="index.js" path="C:\_src\identity-hostedpages\custom-pages\login\src\routes\ForgotPassword\index.js">
          <metrics statements="0" coveredstatements="0" conditionals="0" coveredconditionals="0" methods="0" coveredmethods="0"/>
        </file>
      </package>
      <package name="routes.ForgotPassword.components">
        <metrics statements="14" coveredstatements="11" conditionals="6" coveredconditionals="5" methods="6" coveredmethods="4"/>
        <file name="ForgotPasswordForm.js" path="C:\_src\identity-hostedpages\custom-pages\login\src\routes\ForgotPassword\components\ForgotPasswordForm.js">
          <metrics statements="14" coveredstatements="11" conditionals="6" coveredconditionals="5" methods="6" coveredmethods="4"/>
          <line num="13" count="5" type="stmt"/>
          <line num="14" count="5" type="stmt"/>
          <line num="15" count="5" type="stmt"/>
          <line num="22" count="0" type="stmt"/>
          <line num="25" count="1" type="cond" truecount="1" falsecount="1"/>
          <line num="26" count="1" type="stmt"/>
          <line num="27" count="1" type="stmt"/>
          <line num="28" count="1" type="stmt"/>
          <line num="29" count="1" type="stmt"/>
          <line num="32" count="0" type="stmt"/>
          <line num="37" count="0" type="stmt"/>
          <line num="47" count="9" type="stmt"/>
          <line num="48" count="9" type="stmt"/>
          <line num="49" count="9" type="stmt"/>
        </file>
      </package>
      <package name="routes.ForgotPasswordSuccess">
        <metrics statements="3" coveredstatements="3" conditionals="0" coveredconditionals="0" methods="1" coveredmethods="1"/>
        <file name="ForgotPasswordSuccess.js" path="C:\_src\identity-hostedpages\custom-pages\login\src\routes\ForgotPasswordSuccess\ForgotPasswordSuccess.js">
          <metrics statements="3" coveredstatements="3" conditionals="0" coveredconditionals="0" methods="1" coveredmethods="1"/>
          <line num="10" count="1" type="stmt"/>
          <line num="11" count="1" type="stmt"/>
          <line num="12" count="1" type="stmt"/>
        </file>
        <file name="index.js" path="C:\_src\identity-hostedpages\custom-pages\login\src\routes\ForgotPasswordSuccess\index.js">
          <metrics statements="0" coveredstatements="0" conditionals="0" coveredconditionals="0" methods="0" coveredmethods="0"/>
        </file>
      </package>
      <package name="routes.Login">
        <metrics statements="0" coveredstatements="0" conditionals="0" coveredconditionals="0" methods="0" coveredmethods="0"/>
        <file name="index.js" path="C:\_src\identity-hostedpages\custom-pages\login\src\routes\Login\index.js">
          <metrics statements="0" coveredstatements="0" conditionals="0" coveredconditionals="0" methods="0" coveredmethods="0"/>
        </file>
      </package>
      <package name="routes.Login.components">
        <metrics statements="16" coveredstatements="11" conditionals="8" coveredconditionals="5" methods="7" coveredmethods="4"/>
        <file name="LoginForm.js" path="C:\_src\identity-hostedpages\custom-pages\login\src\routes\Login\components\LoginForm.js">
          <metrics statements="16" coveredstatements="11" conditionals="8" coveredconditionals="5" methods="7" coveredmethods="4"/>
          <line num="13" count="5" type="stmt"/>
          <line num="14" count="5" type="stmt"/>
          <line num="15" count="5" type="stmt"/>
          <line num="24" count="0" type="stmt"/>
          <line num="27" count="1" type="cond" truecount="1" falsecount="1"/>
          <line num="28" count="1" type="stmt"/>
          <line num="29" count="1" type="stmt"/>
          <line num="30" count="1" type="stmt"/>
          <line num="31" count="1" type="stmt"/>
          <line num="35" count="0" type="stmt"/>
          <line num="40" count="0" type="stmt"/>
          <line num="41" count="0" type="cond" truecount="0" falsecount="2"/>
          <line num="45" count="0" type="stmt"/>
          <line num="55" count="9" type="stmt"/>
          <line num="56" count="9" type="stmt"/>
          <line num="57" count="9" type="stmt"/>
        </file>
      </package>
      <package name="routes.NotFound">
        <metrics statements="5" coveredstatements="3" conditionals="0" coveredconditionals="0" methods="2" coveredmethods="1"/>
        <file name="NotFound.js" path="C:\_src\identity-hostedpages\custom-pages\login\src\routes\NotFound\NotFound.js">
          <metrics statements="5" coveredstatements="3" conditionals="0" coveredconditionals="0" methods="2" coveredmethods="1"/>
          <line num="5" count="1" type="stmt"/>
          <line num="6" count="0" type="stmt"/>
          <line num="7" count="0" type="stmt"/>
          <line num="10" count="1" type="stmt"/>
          <line num="11" count="1" type="stmt"/>
        </file>
        <file name="index.js" path="C:\_src\identity-hostedpages\custom-pages\login\src\routes\NotFound\index.js">
          <metrics statements="0" coveredstatements="0" conditionals="0" coveredconditionals="0" methods="0" coveredmethods="0"/>
        </file>
      </package>
      <package name="routes.Register">
        <metrics statements="0" coveredstatements="0" conditionals="0" coveredconditionals="0" methods="0" coveredmethods="0"/>
        <file name="index.js" path="C:\_src\identity-hostedpages\custom-pages\login\src\routes\Register\index.js">
          <metrics statements="0" coveredstatements="0" conditionals="0" coveredconditionals="0" methods="0" coveredmethods="0"/>
        </file>
      </package>
      <package name="routes.Register.components">
        <metrics statements="24" coveredstatements="17" conditionals="18" coveredconditionals="12" methods="11" coveredmethods="6"/>
        <file name="RegisterForm.js" path="C:\_src\identity-hostedpages\custom-pages\login\src\routes\Register\components\RegisterForm.js">
          <metrics statements="24" coveredstatements="17" conditionals="18" coveredconditionals="12" methods="11" coveredmethods="6"/>
          <line num="11" count="5" type="stmt"/>
          <line num="12" count="5" type="stmt"/>
          <line num="13" count="5" type="stmt"/>
          <line num="36" count="1" type="cond" truecount="1" falsecount="1"/>
          <line num="39" count="1" type="stmt"/>
          <line num="40" count="1" type="stmt"/>
          <line num="41" count="1" type="cond" truecount="1" falsecount="1"/>
          <line num="42" count="1" type="stmt"/>
          <line num="50" count="0" type="stmt"/>
          <line num="60" count="0" type="stmt"/>
          <line num="67" count="0" type="stmt"/>
          <line num="73" count="0" type="stmt"/>
          <line num="82" count="1" type="stmt"/>
          <line num="83" count="1" type="stmt"/>
          <line num="85" count="7" type="cond" truecount="2" falsecount="0"/>
          <line num="88" count="1" type="cond" truecount="6" falsecount="0"/>
          <line num="92" count="1" type="stmt"/>
          <line num="93" count="1" type="stmt"/>
          <line num="107" count="0" type="cond" truecount="0" falsecount="2"/>
          <line num="108" count="0" type="stmt"/>
          <line num="116" count="9" type="stmt"/>
          <line num="117" count="9" type="stmt"/>
          <line num="118" count="9" type="stmt"/>
          <line num="264" count="0" type="stmt"/>
        </file>
      </package>
      <package name="routes.RegisterSuccess">
        <metrics statements="3" coveredstatements="3" conditionals="0" coveredconditionals="0" methods="1" coveredmethods="1"/>
        <file name="RegisterSuccess.js" path="C:\_src\identity-hostedpages\custom-pages\login\src\routes\RegisterSuccess\RegisterSuccess.js">
          <metrics statements="3" coveredstatements="3" conditionals="0" coveredconditionals="0" methods="1" coveredmethods="1"/>
          <line num="10" count="1" type="stmt"/>
          <line num="11" count="1" type="stmt"/>
          <line num="12" count="1" type="stmt"/>
        </file>
        <file name="index.js" path="C:\_src\identity-hostedpages\custom-pages\login\src\routes\RegisterSuccess\index.js">
          <metrics statements="0" coveredstatements="0" conditionals="0" coveredconditionals="0" methods="0" coveredmethods="0"/>
        </file>
      </package>
      <package name="routes.ResetPassword">
        <metrics statements="0" coveredstatements="0" conditionals="0" coveredconditionals="0" methods="0" coveredmethods="0"/>
        <file name="index.js" path="C:\_src\identity-hostedpages\custom-pages\login\src\routes\ResetPassword\index.js">
          <metrics statements="0" coveredstatements="0" conditionals="0" coveredconditionals="0" methods="0" coveredmethods="0"/>
        </file>
      </package>
      <package name="routes.ResetPassword.components">
        <metrics statements="26" coveredstatements="17" conditionals="15" coveredconditionals="8" methods="12" coveredmethods="6"/>
        <file name="ResetPasswordForm.js" path="C:\_src\identity-hostedpages\custom-pages\login\src\routes\ResetPassword\components\ResetPasswordForm.js">
          <metrics statements="26" coveredstatements="17" conditionals="15" coveredconditionals="8" methods="12" coveredmethods="6"/>
          <line num="11" count="5" type="stmt"/>
          <line num="12" count="5" type="stmt"/>
          <line num="13" count="5" type="stmt"/>
          <line num="26" count="1" type="cond" truecount="1" falsecount="1"/>
          <line num="27" count="1" type="stmt"/>
          <line num="28" count="1" type="stmt"/>
          <line num="29" count="1" type="cond" truecount="1" falsecount="1"/>
          <line num="30" count="1" type="stmt"/>
          <line num="32" count="0" type="stmt"/>
          <line num="33" count="0" type="stmt"/>
          <line num="34" count="0" type="cond" truecount="0" falsecount="2"/>
          <line num="40" count="0" type="stmt"/>
          <line num="47" count="0" type="stmt"/>
          <line num="53" count="0" type="stmt"/>
          <line num="60" count="1" type="stmt"/>
          <line num="61" count="1" type="stmt"/>
          <line num="63" count="2" type="cond" truecount="2" falsecount="0"/>
          <line num="66" count="1" type="cond" truecount="3" falsecount="0"/>
          <line num="70" count="1" type="stmt"/>
          <line num="71" count="1" type="stmt"/>
          <line num="80" count="0" type="cond" truecount="0" falsecount="2"/>
          <line num="81" count="0" type="stmt"/>
          <line num="87" count="9" type="stmt"/>
          <line num="88" count="9" type="stmt"/>
          <line num="89" count="9" type="stmt"/>
          <line num="142" count="0" type="stmt"/>
        </file>
      </package>
      <package name="routes.ResetPasswordSuccess">
        <metrics statements="3" coveredstatements="3" conditionals="0" coveredconditionals="0" methods="1" coveredmethods="1"/>
        <file name="ResetPasswordSuccess.js" path="C:\_src\identity-hostedpages\custom-pages\login\src\routes\ResetPasswordSuccess\ResetPasswordSuccess.js">
          <metrics statements="3" coveredstatements="3" conditionals="0" coveredconditionals="0" methods="1" coveredmethods="1"/>
          <line num="11" count="1" type="stmt"/>
          <line num="12" count="1" type="stmt"/>
          <line num="13" count="1" type="stmt"/>
        </file>
        <file name="index.js" path="C:\_src\identity-hostedpages\custom-pages\login\src\routes\ResetPasswordSuccess\index.js">
          <metrics statements="0" coveredstatements="0" conditionals="0" coveredconditionals="0" methods="0" coveredmethods="0"/>
        </file>
      </package>
      <package name="services">
        <metrics statements="39" coveredstatements="7" conditionals="26" coveredconditionals="5" methods="14" coveredmethods="1"/>
        <file name="AuthApi.js" path="C:\_src\identity-hostedpages\custom-pages\login\src\services\AuthApi.js">
          <metrics statements="38" coveredstatements="6" conditionals="26" coveredconditionals="5" methods="14" coveredmethods="1"/>
          <line num="8" count="20" type="cond" truecount="2" falsecount="0"/>
          <line num="9" count="4" type="stmt"/>
          <line num="11" count="20" type="cond" truecount="2" falsecount="0"/>
          <line num="12" count="20" type="stmt"/>
          <line num="28" count="20" type="stmt"/>
          <line num="29" count="20" type="stmt"/>
          <line num="33" count="0" type="stmt"/>
          <line num="41" count="0" type="cond" truecount="0" falsecount="2"/>
          <line num="42" count="0" type="cond" truecount="0" falsecount="2"/>
          <line num="43" count="0" type="stmt"/>
          <line num="45" count="0" type="stmt"/>
          <line num="47" count="0" type="stmt"/>
          <line num="53" count="0" type="stmt"/>
          <line num="60" count="0" type="cond" truecount="0" falsecount="2"/>
          <line num="61" count="0" type="cond" truecount="0" falsecount="2"/>
          <line num="62" count="0" type="stmt"/>
          <line num="64" count="0" type="stmt"/>
          <line num="68" count="0" type="stmt"/>
          <line num="70" count="0" type="stmt"/>
          <line num="71" count="0" type="stmt"/>
          <line num="77" count="0" type="stmt"/>
          <line num="78" count="0" type="cond" truecount="0" falsecount="2"/>
          <line num="79" count="0" type="stmt"/>
          <line num="89" count="0" type="stmt"/>
          <line num="98" count="0" type="cond" truecount="0" falsecount="2"/>
          <line num="99" count="0" type="stmt"/>
          <line num="100" count="0" type="cond" truecount="0" falsecount="2"/>
          <line num="101" count="0" type="stmt"/>
          <line num="105" count="0" type="cond" truecount="0" falsecount="2"/>
          <line num="106" count="0" type="stmt"/>
          <line num="108" count="0" type="stmt"/>
          <line num="114" count="0" type="stmt"/>
          <line num="127" count="0" type="cond" truecount="0" falsecount="2"/>
          <line num="128" count="0" type="cond" truecount="0" falsecount="2"/>
          <line num="129" count="0" type="stmt"/>
          <line num="131" count="0" type="stmt"/>
          <line num="133" count="0" type="stmt"/>
          <line num="134" count="0" type="stmt"/>
        </file>
        <file name="constants.js" path="C:\_src\identity-hostedpages\custom-pages\login\src\services\constants.js">
          <metrics statements="1" coveredstatements="1" conditionals="0" coveredconditionals="0" methods="0" coveredmethods="0"/>
          <line num="11" count="5" type="stmt"/>
        </file>
      </package>
      <package name="util">
        <metrics statements="27" coveredstatements="27" conditionals="26" coveredconditionals="24" methods="14" coveredmethods="14"/>
        <file name="getFirstErrorElement.js" path="C:\_src\identity-hostedpages\custom-pages\login\src\util\getFirstErrorElement.js">
          <metrics statements="8" coveredstatements="8" conditionals="12" coveredconditionals="10" methods="2" coveredmethods="2"/>
          <line num="1" count="10" type="stmt"/>
          <line num="2" count="3" type="cond" truecount="2" falsecount="0"/>
          <line num="3" count="2" type="stmt"/>
          <line num="4" count="2" type="stmt"/>
          <line num="5" count="2" type="cond" truecount="4" falsecount="0"/>
          <line num="6" count="2" type="cond" truecount="2" falsecount="0"/>
          <line num="7" count="2" type="cond" truecount="2" falsecount="2"/>
          <line num="9" count="1" type="stmt"/>
        </file>
        <file name="index.js" path="C:\_src\identity-hostedpages\custom-pages\login\src\util\index.js">
          <metrics statements="0" coveredstatements="0" conditionals="0" coveredconditionals="0" methods="0" coveredmethods="0"/>
        </file>
        <file name="toggleNavigation.js" path="C:\_src\identity-hostedpages\custom-pages\login\src\util\toggleNavigation.js">
          <metrics statements="8" coveredstatements="8" conditionals="0" coveredconditionals="0" methods="4" coveredmethods="4"/>
          <line num="1" count="10" type="stmt"/>
          <line num="2" count="22" type="stmt"/>
          <line num="3" count="1" type="stmt"/>
          <line num="4" count="1" type="stmt"/>
          <line num="7" count="10" type="stmt"/>
          <line num="8" count="19" type="stmt"/>
          <line num="9" count="1" type="stmt"/>
          <line num="10" count="1" type="stmt"/>
        </file>
        <file name="validateFields.js" path="C:\_src\identity-hostedpages\custom-pages\login\src\util\validateFields.js">
          <metrics statements="11" coveredstatements="11" conditionals="14" coveredconditionals="14" methods="8" coveredmethods="8"/>
          <line num="1" count="10" type="stmt"/>
          <line num="9" count="23" type="stmt"/>
          <line num="11" count="4" type="stmt"/>
          <line num="12" count="4" type="cond" truecount="2" falsecount="0"/>
          <line num="14" count="5" type="cond" truecount="3" falsecount="0"/>
          <line num="17" count="8" type="stmt"/>
          <line num="18" count="8" type="cond" truecount="2" falsecount="0"/>
          <line num="21" count="6" type="cond" truecount="3" falsecount="0"/>
          <line num="22" count="3" type="cond" truecount="2" falsecount="0"/>
          <line num="23" count="3" type="cond" truecount="2" falsecount="0"/>
          <line num="24" count="1" type="stmt"/>
        </file>
      </package>
    </metrics>
  </project>
</coverage>
