<?xml version="1.0" encoding="UTF-8"?>
<coverage generated="1552928603447" clover="3.2.0">
  <project timestamp="1552928603447" name="All files">
    <metrics statements="264" coveredstatements="145" conditionals="195" coveredconditionals="103" methods="99" coveredmethods="51" elements="558" coveredelements="299" complexity="0" loc="264" ncloc="264" packages="18" files="32" classes="32">
      <package name="components.Header">
        <metrics statements="4" coveredstatements="4" conditionals="0" coveredconditionals="0" methods="1" coveredmethods="1"/>
        <file name="Header.js" path="/Users/alessiofimognari/sandbox/NICE/identity-hostedpages/custom-pages/login/src/components/Header/Header.js">
          <metrics statements="4" coveredstatements="4" conditionals="0" coveredconditionals="0" methods="1" coveredmethods="1"/>
          <line num="5" count="2" type="stmt"/>
          <line num="6" count="1" type="stmt"/>
          <line num="12" count="2" type="stmt"/>
          <line num="16" count="2" type="stmt"/>
        </file>
        <file name="index.js" path="/Users/alessiofimognari/sandbox/NICE/identity-hostedpages/custom-pages/login/src/components/Header/index.js">
          <metrics statements="0" coveredstatements="0" conditionals="0" coveredconditionals="0" methods="0" coveredmethods="0"/>
        </file>
      </package>
      <package name="components.Layout">
        <metrics statements="3" coveredstatements="3" conditionals="0" coveredconditionals="0" methods="1" coveredmethods="1"/>
        <file name="Layout.js" path="/Users/alessiofimognari/sandbox/NICE/identity-hostedpages/custom-pages/login/src/components/Layout/Layout.js">
          <metrics statements="3" coveredstatements="3" conditionals="0" coveredconditionals="0" methods="1" coveredmethods="1"/>
          <line num="8" count="1" type="stmt"/>
          <line num="9" count="1" type="stmt"/>
          <line num="21" count="1" type="stmt"/>
        </file>
        <file name="index.js" path="/Users/alessiofimognari/sandbox/NICE/identity-hostedpages/custom-pages/login/src/components/Layout/index.js">
          <metrics statements="0" coveredstatements="0" conditionals="0" coveredconditionals="0" methods="0" coveredmethods="0"/>
        </file>
      </package>
      <package name="components.Navigation">
        <metrics statements="3" coveredstatements="3" conditionals="2" coveredconditionals="1" methods="1" coveredmethods="1"/>
        <file name="Nav.js" path="/Users/alessiofimognari/sandbox/NICE/identity-hostedpages/custom-pages/login/src/components/Navigation/Nav.js">
          <metrics statements="3" coveredstatements="3" conditionals="2" coveredconditionals="1" methods="1" coveredmethods="1"/>
          <line num="6" count="2" type="stmt"/>
          <line num="7" count="1" type="stmt"/>
          <line num="8" count="1" type="stmt"/>
        </file>
        <file name="index.js" path="/Users/alessiofimognari/sandbox/NICE/identity-hostedpages/custom-pages/login/src/components/Navigation/index.js">
          <metrics statements="0" coveredstatements="0" conditionals="0" coveredconditionals="0" methods="0" coveredmethods="0"/>
        </file>
      </package>
      <package name="containers">
        <metrics statements="2" coveredstatements="2" conditionals="0" coveredconditionals="0" methods="1" coveredmethods="1"/>
        <file name="AppContainer.js" path="/Users/alessiofimognari/sandbox/NICE/identity-hostedpages/custom-pages/login/src/containers/AppContainer.js">
          <metrics statements="2" coveredstatements="2" conditionals="0" coveredconditionals="0" methods="1" coveredmethods="1"/>
          <line num="16" count="1" type="stmt"/>
          <line num="18" count="1" type="stmt"/>
        </file>
      </package>
      <package name="routes.ForgotPassword">
        <metrics statements="0" coveredstatements="0" conditionals="0" coveredconditionals="0" methods="0" coveredmethods="0"/>
        <file name="index.js" path="/Users/alessiofimognari/sandbox/NICE/identity-hostedpages/custom-pages/login/src/routes/ForgotPassword/index.js">
          <metrics statements="0" coveredstatements="0" conditionals="0" coveredconditionals="0" methods="0" coveredmethods="0"/>
        </file>
      </package>
      <package name="routes.ForgotPassword.components">
        <metrics statements="14" coveredstatements="11" conditionals="6" coveredconditionals="5" methods="6" coveredmethods="4"/>
        <file name="ForgotPasswordForm.js" path="/Users/alessiofimognari/sandbox/NICE/identity-hostedpages/custom-pages/login/src/routes/ForgotPassword/components/ForgotPasswordForm.js">
          <metrics statements="14" coveredstatements="11" conditionals="6" coveredconditionals="5" methods="6" coveredmethods="4"/>
          <line num="13" count="5" type="stmt"/>
          <line num="14" count="5" type="stmt"/>
          <line num="15" count="5" type="stmt"/>
          <line num="22" count="0" type="stmt"/>
          <line num="25" count="1" type="cond" truecount="1" falsecount="1"/>
          <line num="26" count="1" type="stmt"/>
          <line num="27" count="1" type="stmt"/>
          <line num="28" count="1" type="stmt"/>
          <line num="29" count="1" type="stmt"/>
          <line num="32" count="0" type="stmt"/>
          <line num="37" count="0" type="stmt"/>
          <line num="47" count="9" type="stmt"/>
          <line num="48" count="9" type="stmt"/>
          <line num="49" count="9" type="stmt"/>
        </file>
      </package>
      <package name="routes.ForgotPasswordSuccess">
        <metrics statements="3" coveredstatements="3" conditionals="0" coveredconditionals="0" methods="1" coveredmethods="1"/>
        <file name="ForgotPasswordSuccess.js" path="/Users/alessiofimognari/sandbox/NICE/identity-hostedpages/custom-pages/login/src/routes/ForgotPasswordSuccess/ForgotPasswordSuccess.js">
          <metrics statements="3" coveredstatements="3" conditionals="0" coveredconditionals="0" methods="1" coveredmethods="1"/>
          <line num="10" count="1" type="stmt"/>
          <line num="11" count="1" type="stmt"/>
          <line num="12" count="1" type="stmt"/>
        </file>
        <file name="index.js" path="/Users/alessiofimognari/sandbox/NICE/identity-hostedpages/custom-pages/login/src/routes/ForgotPasswordSuccess/index.js">
          <metrics statements="0" coveredstatements="0" conditionals="0" coveredconditionals="0" methods="0" coveredmethods="0"/>
        </file>
      </package>
      <package name="routes.Login">
        <metrics statements="0" coveredstatements="0" conditionals="0" coveredconditionals="0" methods="0" coveredmethods="0"/>
        <file name="index.js" path="/Users/alessiofimognari/sandbox/NICE/identity-hostedpages/custom-pages/login/src/routes/Login/index.js">
          <metrics statements="0" coveredstatements="0" conditionals="0" coveredconditionals="0" methods="0" coveredmethods="0"/>
        </file>
      </package>
      <package name="routes.Login.components">
        <metrics statements="25" coveredstatements="14" conditionals="16" coveredconditionals="9" methods="10" coveredmethods="5"/>
        <file name="LoginForm.js" path="/Users/alessiofimognari/sandbox/NICE/identity-hostedpages/custom-pages/login/src/routes/Login/components/LoginForm.js">
          <metrics statements="25" coveredstatements="14" conditionals="16" coveredconditionals="9" methods="10" coveredmethods="5"/>
          <line num="15" count="5" type="stmt"/>
          <line num="16" count="5" type="stmt"/>
          <line num="17" count="5" type="stmt"/>
          <line num="28" count="5" type="stmt"/>
          <line num="29" count="0" type="stmt"/>
          <line num="34" count="0" type="stmt"/>
          <line num="39" count="0" type="stmt"/>
          <line num="44" count="1" type="cond" truecount="1" falsecount="1"/>
          <line num="45" count="1" type="stmt"/>
          <line num="46" count="0" type="stmt"/>
          <line num="47" count="1" type="stmt"/>
          <line num="48" count="1" type="stmt"/>
          <line num="49" count="1" type="stmt"/>
          <line num="50" count="1" type="cond" truecount="1" falsecount="1"/>
          <line num="51" count="1" type="stmt"/>
          <line num="60" count="0" type="stmt"/>
          <line num="65" count="0" type="stmt"/>
          <line num="66" count="0" type="cond" truecount="0" falsecount="2"/>
          <line num="67" count="0" type="stmt"/>
          <line num="69" count="0" type="stmt"/>
          <line num="78" count="9" type="stmt"/>
          <line num="81" count="9" type="stmt"/>
          <line num="83" count="9" type="stmt"/>
          <line num="111" count="0" type="stmt"/>
          <line num="121" count="0" type="stmt"/>
        </file>
      </package>
      <package name="routes.NotFound">
        <metrics statements="5" coveredstatements="3" conditionals="0" coveredconditionals="0" methods="2" coveredmethods="1"/>
        <file name="NotFound.js" path="/Users/alessiofimognari/sandbox/NICE/identity-hostedpages/custom-pages/login/src/routes/NotFound/NotFound.js">
          <metrics statements="5" coveredstatements="3" conditionals="0" coveredconditionals="0" methods="2" coveredmethods="1"/>
          <line num="5" count="1" type="stmt"/>
          <line num="6" count="0" type="stmt"/>
          <line num="7" count="0" type="stmt"/>
          <line num="10" count="1" type="stmt"/>
          <line num="11" count="1" type="stmt"/>
        </file>
        <file name="index.js" path="/Users/alessiofimognari/sandbox/NICE/identity-hostedpages/custom-pages/login/src/routes/NotFound/index.js">
          <metrics statements="0" coveredstatements="0" conditionals="0" coveredconditionals="0" methods="0" coveredmethods="0"/>
        </file>
      </package>
      <package name="routes.Register">
        <metrics statements="0" coveredstatements="0" conditionals="0" coveredconditionals="0" methods="0" coveredmethods="0"/>
        <file name="index.js" path="/Users/alessiofimognari/sandbox/NICE/identity-hostedpages/custom-pages/login/src/routes/Register/index.js">
          <metrics statements="0" coveredstatements="0" conditionals="0" coveredconditionals="0" methods="0" coveredmethods="0"/>
        </file>
      </package>
      <package name="routes.Register.components">
        <metrics statements="33" coveredstatements="21" conditionals="36" coveredconditionals="22" methods="13" coveredmethods="7"/>
        <file name="RegisterForm.js" path="/Users/alessiofimognari/sandbox/NICE/identity-hostedpages/custom-pages/login/src/routes/Register/components/RegisterForm.js">
          <metrics statements="33" coveredstatements="21" conditionals="36" coveredconditionals="22" methods="13" coveredmethods="7"/>
          <line num="12" count="5" type="stmt"/>
          <line num="13" count="5" type="stmt"/>
          <line num="14" count="5" type="stmt"/>
          <line num="37" count="0" type="cond" truecount="0" falsecount="2"/>
          <line num="38" count="0" type="stmt"/>
          <line num="42" count="0" type="stmt"/>
          <line num="46" count="1" type="cond" truecount="1" falsecount="1"/>
          <line num="49" count="1" type="stmt"/>
          <line num="50" count="1" type="cond" truecount="1" falsecount="1"/>
          <line num="51" count="1" type="stmt"/>
          <line num="52" count="1" type="stmt"/>
          <line num="54" count="1" type="cond" truecount="2" falsecount="2"/>
          <line num="55" count="1" type="stmt"/>
          <line num="63" count="0" type="stmt"/>
          <line num="69" count="0" type="cond" truecount="0" falsecount="2"/>
          <line num="72" count="0" type="stmt"/>
          <line num="79" count="0" type="stmt"/>
          <line num="85" count="0" type="stmt"/>
          <line num="94" count="1" type="stmt"/>
          <line num="95" count="1" type="stmt"/>
          <line num="97" count="7" type="cond" truecount="2" falsecount="0"/>
          <line num="100" count="1" type="cond" truecount="6" falsecount="0"/>
          <line num="112" count="1" type="stmt"/>
          <line num="113" count="1" type="stmt"/>
          <line num="127" count="1" type="stmt"/>
          <line num="128" count="1" type="stmt"/>
          <line num="142" count="0" type="cond" truecount="0" falsecount="2"/>
          <line num="143" count="0" type="cond" truecount="0" falsecount="2"/>
          <line num="144" count="0" type="stmt"/>
          <line num="160" count="10" type="stmt"/>
          <line num="161" count="10" type="stmt"/>
          <line num="162" count="10" type="stmt"/>
          <line num="325" count="0" type="stmt"/>
        </file>
      </package>
      <package name="routes.RegisterSuccess">
        <metrics statements="3" coveredstatements="3" conditionals="0" coveredconditionals="0" methods="1" coveredmethods="1"/>
        <file name="RegisterSuccess.js" path="/Users/alessiofimognari/sandbox/NICE/identity-hostedpages/custom-pages/login/src/routes/RegisterSuccess/RegisterSuccess.js">
          <metrics statements="3" coveredstatements="3" conditionals="0" coveredconditionals="0" methods="1" coveredmethods="1"/>
          <line num="10" count="1" type="stmt"/>
          <line num="11" count="1" type="stmt"/>
          <line num="12" count="1" type="stmt"/>
        </file>
        <file name="index.js" path="/Users/alessiofimognari/sandbox/NICE/identity-hostedpages/custom-pages/login/src/routes/RegisterSuccess/index.js">
          <metrics statements="0" coveredstatements="0" conditionals="0" coveredconditionals="0" methods="0" coveredmethods="0"/>
        </file>
      </package>
      <package name="routes.ResetPassword">
        <metrics statements="0" coveredstatements="0" conditionals="0" coveredconditionals="0" methods="0" coveredmethods="0"/>
        <file name="index.js" path="/Users/alessiofimognari/sandbox/NICE/identity-hostedpages/custom-pages/login/src/routes/ResetPassword/index.js">
          <metrics statements="0" coveredstatements="0" conditionals="0" coveredconditionals="0" methods="0" coveredmethods="0"/>
        </file>
      </package>
      <package name="routes.ResetPassword.components">
        <metrics statements="26" coveredstatements="17" conditionals="15" coveredconditionals="8" methods="12" coveredmethods="6"/>
        <file name="ResetPasswordForm.js" path="/Users/alessiofimognari/sandbox/NICE/identity-hostedpages/custom-pages/login/src/routes/ResetPassword/components/ResetPasswordForm.js">
          <metrics statements="26" coveredstatements="17" conditionals="15" coveredconditionals="8" methods="12" coveredmethods="6"/>
          <line num="11" count="5" type="stmt"/>
          <line num="12" count="5" type="stmt"/>
          <line num="13" count="5" type="stmt"/>
          <line num="26" count="1" type="cond" truecount="1" falsecount="1"/>
          <line num="27" count="1" type="stmt"/>
          <line num="28" count="1" type="stmt"/>
          <line num="29" count="1" type="cond" truecount="1" falsecount="1"/>
          <line num="30" count="1" type="stmt"/>
          <line num="32" count="0" type="stmt"/>
          <line num="33" count="0" type="stmt"/>
          <line num="34" count="0" type="cond" truecount="0" falsecount="2"/>
          <line num="40" count="0" type="stmt"/>
          <line num="47" count="0" type="stmt"/>
          <line num="53" count="0" type="stmt"/>
          <line num="60" count="1" type="stmt"/>
          <line num="61" count="1" type="stmt"/>
          <line num="63" count="2" type="cond" truecount="2" falsecount="0"/>
          <line num="66" count="1" type="cond" truecount="3" falsecount="0"/>
          <line num="70" count="1" type="stmt"/>
          <line num="71" count="1" type="stmt"/>
          <line num="80" count="0" type="cond" truecount="0" falsecount="2"/>
          <line num="81" count="0" type="stmt"/>
          <line num="87" count="9" type="stmt"/>
          <line num="88" count="9" type="stmt"/>
          <line num="89" count="9" type="stmt"/>
          <line num="142" count="0" type="stmt"/>
        </file>
      </package>
      <package name="routes.ResetPasswordSuccess">
        <metrics statements="3" coveredstatements="3" conditionals="0" coveredconditionals="0" methods="1" coveredmethods="1"/>
        <file name="ResetPasswordSuccess.js" path="/Users/alessiofimognari/sandbox/NICE/identity-hostedpages/custom-pages/login/src/routes/ResetPasswordSuccess/ResetPasswordSuccess.js">
          <metrics statements="3" coveredstatements="3" conditionals="0" coveredconditionals="0" methods="1" coveredmethods="1"/>
          <line num="11" count="1" type="stmt"/>
          <line num="12" count="1" type="stmt"/>
          <line num="13" count="1" type="stmt"/>
        </file>
        <file name="index.js" path="/Users/alessiofimognari/sandbox/NICE/identity-hostedpages/custom-pages/login/src/routes/ResetPasswordSuccess/index.js">
          <metrics statements="0" coveredstatements="0" conditionals="0" coveredconditionals="0" methods="0" coveredmethods="0"/>
        </file>
      </package>
      <package name="services">
        <metrics statements="94" coveredstatements="18" conditionals="66" coveredconditionals="13" methods="32" coveredmethods="4"/>
        <file name="AuthApi.js" path="/Users/alessiofimognari/sandbox/NICE/identity-hostedpages/custom-pages/login/src/services/AuthApi.js">
          <metrics statements="92" coveredstatements="16" conditionals="58" coveredconditionals="8" methods="32" coveredmethods="4"/>
          <line num="9" count="5" type="cond" truecount="2" falsecount="0"/>
          <line num="13" count="21" type="cond" truecount="2" falsecount="0"/>
          <line num="14" count="5" type="stmt"/>
          <line num="16" count="21" type="cond" truecount="2" falsecount="0"/>
          <line num="17" count="21" type="stmt"/>
          <line num="33" count="21" type="stmt"/>
          <line num="34" count="21" type="stmt"/>
          <line num="38" count="5" type="stmt"/>
          <line num="40" count="0" type="stmt"/>
          <line num="45" count="0" type="stmt"/>
          <line num="51" count="5" type="stmt"/>
          <line num="52" count="5" type="cond" truecount="1" falsecount="1"/>
          <line num="53" count="5" type="cond" truecount="1" falsecount="1"/>
          <line num="56" count="5" type="stmt"/>
          <line num="59" count="5" type="stmt"/>
          <line num="60" count="5" type="stmt"/>
          <line num="61" count="5" type="stmt"/>
          <line num="62" count="5" type="stmt"/>
          <line num="67" count="0" type="stmt"/>
          <line num="68" count="0" type="stmt"/>
          <line num="77" count="0" type="stmt"/>
          <line num="81" count="0" type="stmt"/>
          <line num="82" count="0" type="stmt"/>
          <line num="89" count="0" type="cond" truecount="0" falsecount="2"/>
          <line num="90" count="0" type="stmt"/>
          <line num="96" count="0" type="stmt"/>
          <line num="98" count="0" type="stmt"/>
          <line num="106" count="0" type="stmt"/>
          <line num="108" count="0" type="cond" truecount="0" falsecount="2"/>
          <line num="109" count="0" type="stmt"/>
          <line num="111" count="0" type="stmt"/>
          <line num="112" count="0" type="cond" truecount="0" falsecount="2"/>
          <line num="113" count="0" type="stmt"/>
          <line num="115" count="0" type="stmt"/>
          <line num="116" count="0" type="stmt"/>
          <line num="117" count="0" type="cond" truecount="0" falsecount="2"/>
          <line num="118" count="0" type="cond" truecount="0" falsecount="2"/>
          <line num="119" count="0" type="stmt"/>
          <line num="120" count="0" type="cond" truecount="0" falsecount="2"/>
          <line num="124" count="0" type="stmt"/>
          <line num="129" count="0" type="stmt"/>
          <line num="134" count="0" type="stmt"/>
          <line num="139" count="0" type="stmt"/>
          <line num="153" count="0" type="cond" truecount="0" falsecount="2"/>
          <line num="154" count="0" type="stmt"/>
          <line num="155" count="0" type="cond" truecount="0" falsecount="2"/>
          <line num="156" count="0" type="stmt"/>
          <line num="160" count="0" type="cond" truecount="0" falsecount="2"/>
          <line num="161" count="0" type="stmt"/>
          <line num="163" count="0" type="stmt"/>
          <line num="168" count="0" type="stmt"/>
          <line num="169" count="0" type="stmt"/>
          <line num="170" count="0" type="stmt"/>
          <line num="171" count="0" type="stmt"/>
          <line num="175" count="0" type="stmt"/>
          <line num="182" count="0" type="cond" truecount="0" falsecount="2"/>
          <line num="183" count="0" type="cond" truecount="0" falsecount="2"/>
          <line num="184" count="0" type="stmt"/>
          <line num="186" count="0" type="stmt"/>
          <line num="190" count="0" type="stmt"/>
          <line num="192" count="0" type="stmt"/>
          <line num="193" count="0" type="stmt"/>
          <line num="199" count="0" type="stmt"/>
          <line num="200" count="0" type="cond" truecount="0" falsecount="2"/>
          <line num="201" count="0" type="stmt"/>
          <line num="211" count="0" type="stmt"/>
          <line num="220" count="0" type="cond" truecount="0" falsecount="2"/>
          <line num="221" count="0" type="stmt"/>
          <line num="222" count="0" type="cond" truecount="0" falsecount="2"/>
          <line num="223" count="0" type="stmt"/>
          <line num="227" count="0" type="cond" truecount="0" falsecount="2"/>
          <line num="228" count="0" type="stmt"/>
          <line num="230" count="0" type="stmt"/>
          <line num="236" count="0" type="stmt"/>
          <line num="248" count="0" type="cond" truecount="0" falsecount="2"/>
          <line num="249" count="0" type="stmt"/>
          <line num="251" count="0" type="stmt"/>
          <line num="252" count="0" type="cond" truecount="0" falsecount="2"/>
          <line num="253" count="0" type="cond" truecount="0" falsecount="2"/>
          <line num="254" count="0" type="stmt"/>
          <line num="256" count="0" type="stmt"/>
          <line num="258" count="0" type="stmt"/>
          <line num="259" count="0" type="stmt"/>
          <line num="264" count="0" type="stmt"/>
          <line num="265" count="0" type="stmt"/>
          <line num="270" count="0" type="stmt"/>
          <line num="283" count="0" type="cond" truecount="0" falsecount="2"/>
          <line num="285" count="0" type="cond" truecount="0" falsecount="2"/>
          <line num="286" count="0" type="stmt"/>
          <line num="290" count="0" type="cond" truecount="0" falsecount="2"/>
          <line num="291" count="0" type="stmt"/>
          <line num="293" count="0" type="stmt"/>
        </file>
        <file name="constants.js" path="/Users/alessiofimognari/sandbox/NICE/identity-hostedpages/custom-pages/login/src/services/constants.js">
          <metrics statements="2" coveredstatements="2" conditionals="8" coveredconditionals="5" methods="0" coveredmethods="0"/>
          <line num="4" count="6" type="cond" truecount="2" falsecount="0"/>
          <line num="6" count="6" type="stmt"/>
        </file>
      </package>
      <package name="util">
        <metrics statements="46" coveredstatements="40" conditionals="54" coveredconditionals="45" methods="17" coveredmethods="17"/>
        <file name="ensureTrailingSlash.js" path="/Users/alessiofimognari/sandbox/NICE/identity-hostedpages/custom-pages/login/src/util/ensureTrailingSlash.js">
          <metrics statements="5" coveredstatements="5" conditionals="6" coveredconditionals="6" methods="1" coveredmethods="1"/>
          <line num="1" count="12" type="stmt"/>
          <line num="3" count="10" type="cond" truecount="4" falsecount="0"/>
          <line num="4" count="2" type="cond" truecount="2" falsecount="0"/>
          <line num="5" count="2" type="stmt"/>
          <line num="7" count="8" type="stmt"/>
        </file>
        <file name="getFirstErrorElement.js" path="/Users/alessiofimognari/sandbox/NICE/identity-hostedpages/custom-pages/login/src/util/getFirstErrorElement.js">
          <metrics statements="8" coveredstatements="8" conditionals="12" coveredconditionals="10" methods="2" coveredmethods="2"/>
          <line num="1" count="12" type="stmt"/>
          <line num="2" count="3" type="cond" truecount="2" falsecount="0"/>
          <line num="3" count="2" type="stmt"/>
          <line num="4" count="2" type="stmt"/>
          <line num="5" count="2" type="cond" truecount="4" falsecount="0"/>
          <line num="6" count="2" type="cond" truecount="2" falsecount="0"/>
          <line num="7" count="2" type="cond" truecount="2" falsecount="2"/>
          <line num="9" count="1" type="stmt"/>
        </file>
        <file name="index.js" path="/Users/alessiofimognari/sandbox/NICE/identity-hostedpages/custom-pages/login/src/util/index.js">
          <metrics statements="0" coveredstatements="0" conditionals="0" coveredconditionals="0" methods="0" coveredmethods="0"/>
        </file>
        <file name="isDomainInUsername.js" path="/Users/alessiofimognari/sandbox/NICE/identity-hostedpages/custom-pages/login/src/util/isDomainInUsername.js">
          <metrics statements="5" coveredstatements="4" conditionals="5" coveredconditionals="4" methods="1" coveredmethods="1"/>
          <line num="3" count="13" type="stmt"/>
          <line num="4" count="2" type="stmt"/>
          <line num="9" count="2" type="cond" truecount="4" falsecount="1"/>
          <line num="10" count="2" type="stmt"/>
          <line num="12" count="0" type="stmt"/>
        </file>
        <file name="isIE8.js" path="/Users/alessiofimognari/sandbox/NICE/identity-hostedpages/custom-pages/login/src/util/isIE8.js">
          <metrics statements="7" coveredstatements="3" conditionals="6" coveredconditionals="1" methods="1" coveredmethods="1"/>
          <line num="1" count="13" type="stmt"/>
          <line num="2" count="1" type="cond" truecount="1" falsecount="1"/>
          <line num="5" count="0" type="cond" truecount="0" falsecount="2"/>
          <line num="8" count="0" type="cond" truecount="0" falsecount="2"/>
          <line num="9" count="0" type="stmt"/>
          <line num="11" count="0" type="stmt"/>
          <line num="13" count="1" type="stmt"/>
        </file>
        <file name="toggleNavigation.js" path="/Users/alessiofimognari/sandbox/NICE/identity-hostedpages/custom-pages/login/src/util/toggleNavigation.js">
          <metrics statements="10" coveredstatements="9" conditionals="2" coveredconditionals="1" methods="4" coveredmethods="4"/>
          <line num="1" count="12" type="stmt"/>
          <line num="2" count="22" type="stmt"/>
          <line num="3" count="1" type="stmt"/>
          <line num="4" count="1" type="stmt"/>
          <line num="9" count="12" type="stmt"/>
          <line num="10" count="20" type="stmt"/>
          <line num="11" count="1" type="stmt"/>
          <line num="12" count="1" type="cond" truecount="1" falsecount="1"/>
          <line num="13" count="0" type="stmt"/>
          <line num="17" count="1" type="stmt"/>
        </file>
        <file name="validateFields.js" path="/Users/alessiofimognari/sandbox/NICE/identity-hostedpages/custom-pages/login/src/util/validateFields.js">
          <metrics statements="11" coveredstatements="11" conditionals="23" coveredconditionals="23" methods="8" coveredmethods="8"/>
          <line num="1" count="12" type="stmt"/>
          <line num="9" count="23" type="stmt"/>
          <line num="11" count="4" type="stmt"/>
          <line num="12" count="4" type="cond" truecount="2" falsecount="0"/>
          <line num="14" count="5" type="cond" truecount="5" falsecount="0"/>
          <line num="17" count="8" type="stmt"/>
          <line num="18" count="8" type="cond" truecount="2" falsecount="0"/>
          <line num="21" count="6" type="cond" truecount="5" falsecount="0"/>
          <line num="23" count="3" type="cond" truecount="2" falsecount="0"/>
          <line num="24" count="3" type="cond" truecount="2" falsecount="0"/>
          <line num="25" count="1" type="cond" truecount="5" falsecount="0"/>
        </file>
      </package>
    </metrics>
  </project>
</coverage>
