{"/Users/alessiofimognari/sandbox/NICE/identity-hostedpages/custom-pages/login/src/components/Header/Header.js": {"path":"/Users/alessiofimognari/sandbox/NICE/identity-hostedpages/custom-pages/login/src/components/Header/Header.js","statementMap":{"0":{"start":{"line":5,"column":22},"end":{"line":10,"column":1}},"1":{"start":{"line":6,"column":2},"end":{"line":9,"column":8}},"2":{"start":{"line":12,"column":0},"end":{"line":14,"column":1}},"3":{"start":{"line":16,"column":0},"end":{"line":18,"column":1}}},"fnMap":{"0":{"name":"(anonymous_0)","decl":{"start":{"line":5,"column":22},"end":{"line":5,"column":23}},"loc":{"start":{"line":6,"column":2},"end":{"line":9,"column":8}},"line":6}},"branchMap":{},"s":{"0":2,"1":1,"2":2,"3":2},"f":{"0":1},"b":{},"_coverageSchema":"332fd63041d2c1bcb487cc26dd0d5f7d97098a6c","hash":"83dac62f21b0e5e3188687f6b6bee77fd52487b3"}
,"/Users/alessiofimognari/sandbox/NICE/identity-hostedpages/custom-pages/login/src/components/Header/index.js": {"path":"/Users/alessiofimognari/sandbox/NICE/identity-hostedpages/custom-pages/login/src/components/Header/index.js","statementMap":{},"fnMap":{},"branchMap":{},"s":{},"f":{},"b":{},"_coverageSchema":"332fd63041d2c1bcb487cc26dd0d5f7d97098a6c","hash":"6a51f646dd249335f28593fcaccfd13b649496db"}
,"/Users/alessiofimognari/sandbox/NICE/identity-hostedpages/custom-pages/login/src/components/Layout/Layout.js": {"path":"/Users/alessiofimognari/sandbox/NICE/identity-hostedpages/custom-pages/login/src/components/Layout/Layout.js","statementMap":{"0":{"start":{"line":8,"column":26},"end":{"line":19,"column":1}},"1":{"start":{"line":9,"column":2},"end":{"line":18,"column":8}},"2":{"start":{"line":21,"column":0},"end":{"line":23,"column":1}}},"fnMap":{"0":{"name":"(anonymous_0)","decl":{"start":{"line":8,"column":26},"end":{"line":8,"column":27}},"loc":{"start":{"line":9,"column":2},"end":{"line":18,"column":8}},"line":9}},"branchMap":{},"s":{"0":1,"1":1,"2":1},"f":{"0":1},"b":{},"_coverageSchema":"332fd63041d2c1bcb487cc26dd0d5f7d97098a6c","hash":"2c65fbc2086464e7bd54450a0d125a6cc9589fc5"}
,"/Users/alessiofimognari/sandbox/NICE/identity-hostedpages/custom-pages/login/src/components/Layout/index.js": {"path":"/Users/alessiofimognari/sandbox/NICE/identity-hostedpages/custom-pages/login/src/components/Layout/index.js","statementMap":{},"fnMap":{},"branchMap":{},"s":{},"f":{},"b":{},"_coverageSchema":"332fd63041d2c1bcb487cc26dd0d5f7d97098a6c","hash":"b20097eb9ef349f4a8bf1940882571c7af2a9937"}
,"/Users/alessiofimognari/sandbox/NICE/identity-hostedpages/custom-pages/login/src/components/Navigation/Nav.js": {"path":"/Users/alessiofimognari/sandbox/NICE/identity-hostedpages/custom-pages/login/src/components/Navigation/Nav.js","statementMap":{"0":{"start":{"line":6,"column":26},"end":{"line":37,"column":1}},"1":{"start":{"line":7,"column":19},"end":{"line":7,"column":66}},"2":{"start":{"line":8,"column":2},"end":{"line":36,"column":3}}},"fnMap":{"0":{"name":"(anonymous_0)","decl":{"start":{"line":6,"column":26},"end":{"line":6,"column":27}},"loc":{"start":{"line":6,"column":32},"end":{"line":37,"column":1}},"line":6}},"branchMap":{"0":{"loc":{"start":{"line":10,"column":7},"end":{"line":34,"column":7}},"type":"cond-expr","locations":[{"start":{"line":11,"column":8},"end":{"line":21,"column":14}},{"start":{"line":23,"column":8},"end":{"line":33,"column":14}}],"line":10}},"s":{"0":2,"1":1,"2":1},"f":{"0":1},"b":{"0":[0,1]},"_coverageSchema":"332fd63041d2c1bcb487cc26dd0d5f7d97098a6c","hash":"ffc51aa4556c41ea0011f627f4494dd42118a8e8"}
,"/Users/alessiofimognari/sandbox/NICE/identity-hostedpages/custom-pages/login/src/components/Navigation/index.js": {"path":"/Users/alessiofimognari/sandbox/NICE/identity-hostedpages/custom-pages/login/src/components/Navigation/index.js","statementMap":{},"fnMap":{},"branchMap":{},"s":{},"f":{},"b":{},"_coverageSchema":"332fd63041d2c1bcb487cc26dd0d5f7d97098a6c","hash":"394554ad0f882248d06aa39e76ae3b7f404932ef"}
,"/Users/alessiofimognari/sandbox/NICE/identity-hostedpages/custom-pages/login/src/containers/AppContainer.js": {"path":"/Users/alessiofimognari/sandbox/NICE/identity-hostedpages/custom-pages/login/src/containers/AppContainer.js","statementMap":{"0":{"start":{"line":16,"column":43},"end":{"line":16,"column":53}},"1":{"start":{"line":18,"column":4},"end":{"line":22,"column":5}}},"fnMap":{"0":{"name":"(anonymous_0)","decl":{"start":{"line":15,"column":2},"end":{"line":15,"column":3}},"loc":{"start":{"line":15,"column":11},"end":{"line":23,"column":3}},"line":15}},"branchMap":{},"s":{"0":1,"1":1},"f":{"0":1},"b":{},"_coverageSchema":"332fd63041d2c1bcb487cc26dd0d5f7d97098a6c","hash":"b527f3e437a38980797fabd7112ba7b19de5f8a1"}
,"/Users/alessiofimognari/sandbox/NICE/identity-hostedpages/custom-pages/login/src/routes/ForgotPassword/index.js": {"path":"/Users/alessiofimognari/sandbox/NICE/identity-hostedpages/custom-pages/login/src/routes/ForgotPassword/index.js","statementMap":{},"fnMap":{},"branchMap":{},"s":{},"f":{},"b":{},"_coverageSchema":"332fd63041d2c1bcb487cc26dd0d5f7d97098a6c","hash":"8856548fc43a14429a2e29626070c9b556961c3f"}
,"/Users/alessiofimognari/sandbox/NICE/identity-hostedpages/custom-pages/login/src/routes/ForgotPassword/components/ForgotPasswordForm.js": {"path":"/Users/alessiofimognari/sandbox/NICE/identity-hostedpages/custom-pages/login/src/routes/ForgotPassword/components/ForgotPasswordForm.js","statementMap":{"0":{"start":{"line":13,"column":4},"end":{"line":13,"column":16}},"1":{"start":{"line":14,"column":4},"end":{"line":14,"column":29}},"2":{"start":{"line":15,"column":4},"end":{"line":19,"column":5}},"3":{"start":{"line":22,"column":32},"end":{"line":22,"column":77}},"4":{"start":{"line":25,"column":4},"end":{"line":25,"column":29}},"5":{"start":{"line":25,"column":11},"end":{"line":25,"column":29}},"6":{"start":{"line":26,"column":4},"end":{"line":33,"column":5}},"7":{"start":{"line":27,"column":6},"end":{"line":30,"column":8}},"8":{"start":{"line":28,"column":26},"end":{"line":28,"column":36}},"9":{"start":{"line":29,"column":8},"end":{"line":29,"column":66}},"10":{"start":{"line":32,"column":6},"end":{"line":32,"column":39}},"11":{"start":{"line":37,"column":4},"end":{"line":43,"column":5}},"12":{"start":{"line":47,"column":4},"end":{"line":47,"column":13}},"13":{"start":{"line":48,"column":38},"end":{"line":48,"column":48}},"14":{"start":{"line":49,"column":4},"end":{"line":88,"column":5}}},"fnMap":{"0":{"name":"(anonymous_0)","decl":{"start":{"line":12,"column":2},"end":{"line":12,"column":3}},"loc":{"start":{"line":12,"column":21},"end":{"line":20,"column":3}},"line":12},"1":{"name":"(anonymous_1)","decl":{"start":{"line":22,"column":25},"end":{"line":22,"column":26}},"loc":{"start":{"line":22,"column":32},"end":{"line":22,"column":77}},"line":22},"2":{"name":"(anonymous_2)","decl":{"start":{"line":24,"column":19},"end":{"line":24,"column":20}},"loc":{"start":{"line":24,"column":26},"end":{"line":34,"column":3}},"line":24},"3":{"name":"(anonymous_3)","decl":{"start":{"line":27,"column":39},"end":{"line":27,"column":40}},"loc":{"start":{"line":27,"column":45},"end":{"line":30,"column":7}},"line":27},"4":{"name":"(anonymous_4)","decl":{"start":{"line":36,"column":17},"end":{"line":36,"column":18}},"loc":{"start":{"line":36,"column":50},"end":{"line":44,"column":3}},"line":36},"5":{"name":"(anonymous_5)","decl":{"start":{"line":46,"column":2},"end":{"line":46,"column":3}},"loc":{"start":{"line":46,"column":11},"end":{"line":89,"column":3}},"line":46}},"branchMap":{"0":{"loc":{"start":{"line":25,"column":4},"end":{"line":25,"column":29}},"type":"if","locations":[{"start":{"line":25,"column":4},"end":{"line":25,"column":29}},{"start":{"line":25,"column":4},"end":{"line":25,"column":29}}],"line":25},"1":{"loc":{"start":{"line":60,"column":13},"end":{"line":60,"column":57}},"type":"binary-expr","locations":[{"start":{"line":60,"column":13},"end":{"line":60,"column":18}},{"start":{"line":60,"column":22},"end":{"line":60,"column":57}}],"line":60},"2":{"loc":{"start":{"line":71,"column":11},"end":{"line":82,"column":11}},"type":"cond-expr","locations":[{"start":{"line":72,"column":12},"end":{"line":79,"column":21}},{"start":{"line":81,"column":12},"end":{"line":81,"column":24}}],"line":71}},"s":{"0":5,"1":5,"2":5,"3":0,"4":1,"5":0,"6":1,"7":1,"8":1,"9":1,"10":0,"11":0,"12":9,"13":9,"14":9},"f":{"0":5,"1":0,"2":1,"3":1,"4":0,"5":9},"b":{"0":[0,1],"1":[9,1],"2":[8,1]},"_coverageSchema":"332fd63041d2c1bcb487cc26dd0d5f7d97098a6c","hash":"1f4abf05fdc8c6842baaec14aa9e512d6c8958fc"}
,"/Users/alessiofimognari/sandbox/NICE/identity-hostedpages/custom-pages/login/src/routes/ForgotPasswordSuccess/ForgotPasswordSuccess.js": {"path":"/Users/alessiofimognari/sandbox/NICE/identity-hostedpages/custom-pages/login/src/routes/ForgotPasswordSuccess/ForgotPasswordSuccess.js","statementMap":{"0":{"start":{"line":10,"column":37},"end":{"line":25,"column":1}},"1":{"start":{"line":11,"column":2},"end":{"line":11,"column":11}},"2":{"start":{"line":12,"column":2},"end":{"line":24,"column":3}}},"fnMap":{"0":{"name":"(anonymous_0)","decl":{"start":{"line":10,"column":37},"end":{"line":10,"column":38}},"loc":{"start":{"line":10,"column":43},"end":{"line":25,"column":1}},"line":10}},"branchMap":{},"s":{"0":1,"1":1,"2":1},"f":{"0":1},"b":{},"_coverageSchema":"332fd63041d2c1bcb487cc26dd0d5f7d97098a6c","hash":"bddabc702ea46b7d9e7c10b08aef1f6261a9fab6"}
,"/Users/alessiofimognari/sandbox/NICE/identity-hostedpages/custom-pages/login/src/routes/ForgotPasswordSuccess/index.js": {"path":"/Users/alessiofimognari/sandbox/NICE/identity-hostedpages/custom-pages/login/src/routes/ForgotPasswordSuccess/index.js","statementMap":{},"fnMap":{},"branchMap":{},"s":{},"f":{},"b":{},"_coverageSchema":"332fd63041d2c1bcb487cc26dd0d5f7d97098a6c","hash":"7a78888f73dd7d4bbd5027ea659a7f8ffc93df71"}
,"/Users/alessiofimognari/sandbox/NICE/identity-hostedpages/custom-pages/login/src/routes/Login/index.js": {"path":"/Users/alessiofimognari/sandbox/NICE/identity-hostedpages/custom-pages/login/src/routes/Login/index.js","statementMap":{},"fnMap":{},"branchMap":{},"s":{},"f":{},"b":{},"_coverageSchema":"332fd63041d2c1bcb487cc26dd0d5f7d97098a6c","hash":"0b94268f751293f0fe5c8583362892d01e9246bb"}
,"/Users/alessiofimognari/sandbox/NICE/identity-hostedpages/custom-pages/login/src/routes/Login/components/LoginForm.js": {"path":"/Users/alessiofimognari/sandbox/NICE/identity-hostedpages/custom-pages/login/src/routes/Login/components/LoginForm.js","statementMap":{"0":{"start":{"line":15,"column":4},"end":{"line":15,"column":16}},"1":{"start":{"line":16,"column":4},"end":{"line":16,"column":29}},"2":{"start":{"line":17,"column":4},"end":{"line":25,"column":5}},"3":{"start":{"line":28,"column":4},"end":{"line":40,"column":6}},"4":{"start":{"line":29,"column":6},"end":{"line":33,"column":7}},"5":{"start":{"line":34,"column":6},"end":{"line":38,"column":7}},"6":{"start":{"line":39,"column":6},"end":{"line":39,"column":65}},"7":{"start":{"line":44,"column":4},"end":{"line":44,"column":29}},"8":{"start":{"line":44,"column":11},"end":{"line":44,"column":29}},"9":{"start":{"line":45,"column":33},"end":{"line":46,"column":51}},"10":{"start":{"line":46,"column":6},"end":{"line":46,"column":51}},"11":{"start":{"line":47,"column":4},"end":{"line":61,"column":5}},"12":{"start":{"line":48,"column":6},"end":{"line":57,"column":8}},"13":{"start":{"line":49,"column":51},"end":{"line":49,"column":61}},"14":{"start":{"line":50,"column":32},"end":{"line":50,"column":77}},"15":{"start":{"line":51,"column":8},"end":{"line":56,"column":9}},"16":{"start":{"line":60,"column":6},"end":{"line":60,"column":39}},"17":{"start":{"line":65,"column":15},"end":{"line":65,"column":19}},"18":{"start":{"line":66,"column":4},"end":{"line":68,"column":5}},"19":{"start":{"line":67,"column":6},"end":{"line":67,"column":38}},"20":{"start":{"line":69,"column":4},"end":{"line":74,"column":6}},"21":{"start":{"line":78,"column":4},"end":{"line":78,"column":13}},"22":{"start":{"line":81,"column":8},"end":{"line":81,"column":18}},"23":{"start":{"line":83,"column":4},"end":{"line":136,"column":5}},"24":{"start":{"line":111,"column":28},"end":{"line":111,"column":48}},"25":{"start":{"line":121,"column":30},"end":{"line":121,"column":49}}},"fnMap":{"0":{"name":"(anonymous_0)","decl":{"start":{"line":14,"column":2},"end":{"line":14,"column":3}},"loc":{"start":{"line":14,"column":21},"end":{"line":26,"column":3}},"line":14},"1":{"name":"(anonymous_1)","decl":{"start":{"line":27,"column":2},"end":{"line":27,"column":3}},"loc":{"start":{"line":27,"column":22},"end":{"line":41,"column":3}},"line":27},"2":{"name":"(anonymous_2)","decl":{"start":{"line":28,"column":41},"end":{"line":28,"column":42}},"loc":{"start":{"line":28,"column":47},"end":{"line":40,"column":5}},"line":28},"3":{"name":"(anonymous_3)","decl":{"start":{"line":43,"column":10},"end":{"line":43,"column":11}},"loc":{"start":{"line":43,"column":27},"end":{"line":62,"column":3}},"line":43},"4":{"name":"(anonymous_4)","decl":{"start":{"line":45,"column":33},"end":{"line":45,"column":34}},"loc":{"start":{"line":46,"column":6},"end":{"line":46,"column":51}},"line":46},"5":{"name":"(anonymous_5)","decl":{"start":{"line":48,"column":39},"end":{"line":48,"column":40}},"loc":{"start":{"line":48,"column":45},"end":{"line":57,"column":7}},"line":48},"6":{"name":"(anonymous_6)","decl":{"start":{"line":64,"column":17},"end":{"line":64,"column":18}},"loc":{"start":{"line":64,"column":50},"end":{"line":75,"column":3}},"line":64},"7":{"name":"(anonymous_7)","decl":{"start":{"line":77,"column":2},"end":{"line":77,"column":3}},"loc":{"start":{"line":77,"column":11},"end":{"line":137,"column":3}},"line":77},"8":{"name":"(anonymous_8)","decl":{"start":{"line":111,"column":23},"end":{"line":111,"column":24}},"loc":{"start":{"line":111,"column":28},"end":{"line":111,"column":48}},"line":111},"9":{"name":"(anonymous_9)","decl":{"start":{"line":121,"column":25},"end":{"line":121,"column":26}},"loc":{"start":{"line":121,"column":30},"end":{"line":121,"column":49}},"line":121}},"branchMap":{"0":{"loc":{"start":{"line":44,"column":4},"end":{"line":44,"column":29}},"type":"if","locations":[{"start":{"line":44,"column":4},"end":{"line":44,"column":29}},{"start":{"line":44,"column":4},"end":{"line":44,"column":29}}],"line":44},"1":{"loc":{"start":{"line":50,"column":32},"end":{"line":50,"column":77}},"type":"cond-expr","locations":[{"start":{"line":50,"column":43},"end":{"line":50,"column":64}},{"start":{"line":50,"column":67},"end":{"line":50,"column":77}}],"line":50},"2":{"loc":{"start":{"line":66,"column":4},"end":{"line":68,"column":5}},"type":"if","locations":[{"start":{"line":66,"column":4},"end":{"line":68,"column":5}},{"start":{"line":66,"column":4},"end":{"line":68,"column":5}}],"line":66},"3":{"loc":{"start":{"line":73,"column":18},"end":{"line":73,"column":66}},"type":"cond-expr","locations":[{"start":{"line":73,"column":25},"end":{"line":73,"column":42}},{"start":{"line":73,"column":45},"end":{"line":73,"column":66}}],"line":73},"4":{"loc":{"start":{"line":86,"column":11},"end":{"line":86,"column":55}},"type":"binary-expr","locations":[{"start":{"line":86,"column":11},"end":{"line":86,"column":16}},{"start":{"line":86,"column":20},"end":{"line":86,"column":55}}],"line":86},"5":{"loc":{"start":{"line":96,"column":11},"end":{"line":104,"column":11}},"type":"binary-expr","locations":[{"start":{"line":96,"column":11},"end":{"line":96,"column":16}},{"start":{"line":97,"column":12},"end":{"line":103,"column":14}}],"line":96},"6":{"loc":{"start":{"line":106,"column":9},"end":{"line":134,"column":9}},"type":"cond-expr","locations":[{"start":{"line":107,"column":10},"end":{"line":131,"column":16}},{"start":{"line":133,"column":10},"end":{"line":133,"column":22}}],"line":106},"7":{"loc":{"start":{"line":116,"column":13},"end":{"line":130,"column":13}},"type":"binary-expr","locations":[{"start":{"line":116,"column":13},"end":{"line":116,"column":28}},{"start":{"line":117,"column":14},"end":{"line":129,"column":23}}],"line":116}},"s":{"0":5,"1":5,"2":5,"3":5,"4":0,"5":0,"6":0,"7":1,"8":0,"9":1,"10":0,"11":1,"12":1,"13":1,"14":1,"15":1,"16":0,"17":0,"18":0,"19":0,"20":0,"21":9,"22":9,"23":9,"24":0,"25":0},"f":{"0":5,"1":5,"2":0,"3":1,"4":0,"5":1,"6":0,"7":9,"8":0,"9":0},"b":{"0":[0,1],"1":[0,1],"2":[0,0],"3":[0,0],"4":[9,1],"5":[9,9],"6":[8,1],"7":[8,0]},"_coverageSchema":"332fd63041d2c1bcb487cc26dd0d5f7d97098a6c","hash":"a03e0247c8dcea3dfbf31c15d6ef81f80ebe96f8"}
,"/Users/alessiofimognari/sandbox/NICE/identity-hostedpages/custom-pages/login/src/routes/NotFound/NotFound.js": {"path":"/Users/alessiofimognari/sandbox/NICE/identity-hostedpages/custom-pages/login/src/routes/NotFound/NotFound.js","statementMap":{"0":{"start":{"line":5,"column":15},"end":{"line":8,"column":1}},"1":{"start":{"line":6,"column":2},"end":{"line":6,"column":20}},"2":{"start":{"line":7,"column":2},"end":{"line":7,"column":32}},"3":{"start":{"line":10,"column":24},"end":{"line":15,"column":1}},"4":{"start":{"line":11,"column":2},"end":{"line":14,"column":8}}},"fnMap":{"0":{"name":"(anonymous_0)","decl":{"start":{"line":5,"column":15},"end":{"line":5,"column":16}},"loc":{"start":{"line":5,"column":22},"end":{"line":8,"column":1}},"line":5},"1":{"name":"(anonymous_1)","decl":{"start":{"line":10,"column":24},"end":{"line":10,"column":25}},"loc":{"start":{"line":11,"column":2},"end":{"line":14,"column":8}},"line":11}},"branchMap":{},"s":{"0":1,"1":0,"2":0,"3":1,"4":1},"f":{"0":0,"1":1},"b":{},"_coverageSchema":"332fd63041d2c1bcb487cc26dd0d5f7d97098a6c","hash":"0e29684c620d825911f9f97f18e7de3e6755d2ec"}
,"/Users/alessiofimognari/sandbox/NICE/identity-hostedpages/custom-pages/login/src/routes/NotFound/index.js": {"path":"/Users/alessiofimognari/sandbox/NICE/identity-hostedpages/custom-pages/login/src/routes/NotFound/index.js","statementMap":{},"fnMap":{},"branchMap":{},"s":{},"f":{},"b":{},"_coverageSchema":"332fd63041d2c1bcb487cc26dd0d5f7d97098a6c","hash":"baf009b23e408867814a6116328a0b7a38e78e3a"}
,"/Users/alessiofimognari/sandbox/NICE/identity-hostedpages/custom-pages/login/src/routes/Register/index.js": {"path":"/Users/alessiofimognari/sandbox/NICE/identity-hostedpages/custom-pages/login/src/routes/Register/index.js","statementMap":{},"fnMap":{},"branchMap":{},"s":{},"f":{},"b":{},"_coverageSchema":"332fd63041d2c1bcb487cc26dd0d5f7d97098a6c","hash":"f0b7cb835b0e20b562661e4d2bbb0f550d07cafd"}
,"/Users/alessiofimognari/sandbox/NICE/identity-hostedpages/custom-pages/login/src/routes/Register/components/RegisterForm.js": {"path":"/Users/alessiofimognari/sandbox/NICE/identity-hostedpages/custom-pages/login/src/routes/Register/components/RegisterForm.js","statementMap":{"0":{"start":{"line":12,"column":4},"end":{"line":12,"column":16}},"1":{"start":{"line":13,"column":4},"end":{"line":13,"column":29}},"2":{"start":{"line":14,"column":4},"end":{"line":33,"column":5}},"3":{"start":{"line":37,"column":4},"end":{"line":41,"column":5}},"4":{"start":{"line":38,"column":6},"end":{"line":40,"column":44}},"5":{"start":{"line":42,"column":4},"end":{"line":42,"column":15}},"6":{"start":{"line":46,"column":4},"end":{"line":46,"column":37}},"7":{"start":{"line":46,"column":15},"end":{"line":46,"column":37}},"8":{"start":{"line":49,"column":8},"end":{"line":49,"column":18}},"9":{"start":{"line":50,"column":4},"end":{"line":53,"column":5}},"10":{"start":{"line":51,"column":6},"end":{"line":51,"column":21}},"11":{"start":{"line":52,"column":6},"end":{"line":52,"column":24}},"12":{"start":{"line":54,"column":4},"end":{"line":64,"column":5}},"13":{"start":{"line":55,"column":6},"end":{"line":61,"column":7}},"14":{"start":{"line":63,"column":6},"end":{"line":63,"column":67}},"15":{"start":{"line":69,"column":6},"end":{"line":71,"column":27}},"16":{"start":{"line":72,"column":4},"end":{"line":75,"column":6}},"17":{"start":{"line":79,"column":4},"end":{"line":81,"column":6}},"18":{"start":{"line":85,"column":4},"end":{"line":88,"column":6}},"19":{"start":{"line":94,"column":8},"end":{"line":94,"column":18}},"20":{"start":{"line":95,"column":21},"end":{"line":99,"column":5}},"21":{"start":{"line":97,"column":8},"end":{"line":97,"column":48}},"22":{"start":{"line":100,"column":4},"end":{"line":100,"column":69}},"23":{"start":{"line":112,"column":8},"end":{"line":112,"column":18}},"24":{"start":{"line":113,"column":4},"end":{"line":123,"column":6}},"25":{"start":{"line":127,"column":18},"end":{"line":127,"column":44}},"26":{"start":{"line":128,"column":4},"end":{"line":138,"column":6}},"27":{"start":{"line":142,"column":4},"end":{"line":142,"column":29}},"28":{"start":{"line":142,"column":11},"end":{"line":142,"column":29}},"29":{"start":{"line":143,"column":4},"end":{"line":147,"column":5}},"30":{"start":{"line":144,"column":6},"end":{"line":146,"column":8}},"31":{"start":{"line":160,"column":8},"end":{"line":160,"column":18}},"32":{"start":{"line":161,"column":4},"end":{"line":161,"column":17}},"33":{"start":{"line":162,"column":4},"end":{"line":330,"column":5}},"34":{"start":{"line":325,"column":24},"end":{"line":325,"column":40}}},"fnMap":{"0":{"name":"(anonymous_0)","decl":{"start":{"line":11,"column":2},"end":{"line":11,"column":3}},"loc":{"start":{"line":11,"column":21},"end":{"line":34,"column":3}},"line":11},"1":{"name":"(anonymous_1)","decl":{"start":{"line":36,"column":25},"end":{"line":36,"column":26}},"loc":{"start":{"line":36,"column":31},"end":{"line":43,"column":3}},"line":36},"2":{"name":"(anonymous_2)","decl":{"start":{"line":45,"column":13},"end":{"line":45,"column":14}},"loc":{"start":{"line":45,"column":24},"end":{"line":65,"column":3}},"line":45},"3":{"name":"(anonymous_3)","decl":{"start":{"line":67,"column":25},"end":{"line":67,"column":26}},"loc":{"start":{"line":67,"column":36},"end":{"line":76,"column":3}},"line":67},"4":{"name":"(anonymous_4)","decl":{"start":{"line":78,"column":17},"end":{"line":78,"column":18}},"loc":{"start":{"line":78,"column":28},"end":{"line":82,"column":3}},"line":78},"5":{"name":"(anonymous_5)","decl":{"start":{"line":84,"column":15},"end":{"line":84,"column":16}},"loc":{"start":{"line":84,"column":26},"end":{"line":89,"column":3}},"line":84},"6":{"name":"(anonymous_6)","decl":{"start":{"line":91,"column":2},"end":{"line":91,"column":3}},"loc":{"start":{"line":91,"column":29},"end":{"line":101,"column":3}},"line":91},"7":{"name":"(anonymous_7)","decl":{"start":{"line":96,"column":6},"end":{"line":96,"column":7}},"loc":{"start":{"line":97,"column":8},"end":{"line":97,"column":48}},"line":97},"8":{"name":"(anonymous_8)","decl":{"start":{"line":103,"column":2},"end":{"line":103,"column":3}},"loc":{"start":{"line":103,"column":16},"end":{"line":124,"column":3}},"line":103},"9":{"name":"(anonymous_9)","decl":{"start":{"line":126,"column":13},"end":{"line":126,"column":14}},"loc":{"start":{"line":126,"column":19},"end":{"line":139,"column":3}},"line":126},"10":{"name":"(anonymous_10)","decl":{"start":{"line":141,"column":14},"end":{"line":141,"column":15}},"loc":{"start":{"line":141,"column":21},"end":{"line":148,"column":3}},"line":141},"11":{"name":"(anonymous_11)","decl":{"start":{"line":150,"column":2},"end":{"line":150,"column":3}},"loc":{"start":{"line":150,"column":11},"end":{"line":331,"column":3}},"line":150},"12":{"name":"(anonymous_12)","decl":{"start":{"line":325,"column":19},"end":{"line":325,"column":20}},"loc":{"start":{"line":325,"column":24},"end":{"line":325,"column":40}},"line":325}},"branchMap":{"0":{"loc":{"start":{"line":37,"column":4},"end":{"line":41,"column":5}},"type":"if","locations":[{"start":{"line":37,"column":4},"end":{"line":41,"column":5}},{"start":{"line":37,"column":4},"end":{"line":41,"column":5}}],"line":37},"1":{"loc":{"start":{"line":46,"column":4},"end":{"line":46,"column":37}},"type":"if","locations":[{"start":{"line":46,"column":4},"end":{"line":46,"column":37}},{"start":{"line":46,"column":4},"end":{"line":46,"column":37}}],"line":46},"2":{"loc":{"start":{"line":50,"column":4},"end":{"line":53,"column":5}},"type":"if","locations":[{"start":{"line":50,"column":4},"end":{"line":53,"column":5}},{"start":{"line":50,"column":4},"end":{"line":53,"column":5}}],"line":50},"3":{"loc":{"start":{"line":54,"column":4},"end":{"line":64,"column":5}},"type":"if","locations":[{"start":{"line":54,"column":4},"end":{"line":64,"column":5}},{"start":{"line":54,"column":4},"end":{"line":64,"column":5}}],"line":54},"4":{"loc":{"start":{"line":54,"column":8},"end":{"line":54,"column":50}},"type":"binary-expr","locations":[{"start":{"line":54,"column":8},"end":{"line":54,"column":39}},{"start":{"line":54,"column":43},"end":{"line":54,"column":50}}],"line":54},"5":{"loc":{"start":{"line":69,"column":6},"end":{"line":71,"column":27}},"type":"cond-expr","locations":[{"start":{"line":70,"column":10},"end":{"line":70,"column":48}},{"start":{"line":71,"column":10},"end":{"line":71,"column":27}}],"line":69},"6":{"loc":{"start":{"line":97,"column":8},"end":{"line":97,"column":48}},"type":"binary-expr","locations":[{"start":{"line":97,"column":8},"end":{"line":97,"column":21}},{"start":{"line":97,"column":25},"end":{"line":97,"column":48}}],"line":97},"7":{"loc":{"start":{"line":100,"column":11},"end":{"line":100,"column":69}},"type":"binary-expr","locations":[{"start":{"line":100,"column":11},"end":{"line":100,"column":16}},{"start":{"line":100,"column":20},"end":{"line":100,"column":28}},{"start":{"line":100,"column":32},"end":{"line":100,"column":36}},{"start":{"line":100,"column":40},"end":{"line":100,"column":47}},{"start":{"line":100,"column":51},"end":{"line":100,"column":56}},{"start":{"line":100,"column":60},"end":{"line":100,"column":69}}],"line":100},"8":{"loc":{"start":{"line":142,"column":4},"end":{"line":142,"column":29}},"type":"if","locations":[{"start":{"line":142,"column":4},"end":{"line":142,"column":29}},{"start":{"line":142,"column":4},"end":{"line":142,"column":29}}],"line":142},"9":{"loc":{"start":{"line":143,"column":4},"end":{"line":147,"column":5}},"type":"if","locations":[{"start":{"line":143,"column":4},"end":{"line":147,"column":5}},{"start":{"line":143,"column":4},"end":{"line":147,"column":5}}],"line":143},"10":{"loc":{"start":{"line":169,"column":13},"end":{"line":185,"column":13}},"type":"binary-expr","locations":[{"start":{"line":169,"column":13},"end":{"line":169,"column":22}},{"start":{"line":170,"column":14},"end":{"line":184,"column":22}}],"line":169},"11":{"loc":{"start":{"line":196,"column":14},"end":{"line":198,"column":57}},"type":"cond-expr","locations":[{"start":{"line":197,"column":18},"end":{"line":197,"column":42}},{"start":{"line":198,"column":18},"end":{"line":198,"column":57}}],"line":196},"12":{"loc":{"start":{"line":225,"column":14},"end":{"line":227,"column":249}},"type":"cond-expr","locations":[{"start":{"line":226,"column":18},"end":{"line":226,"column":42}},{"start":{"line":227,"column":18},"end":{"line":227,"column":249}}],"line":225},"13":{"loc":{"start":{"line":252,"column":14},"end":{"line":254,"column":63}},"type":"cond-expr","locations":[{"start":{"line":253,"column":18},"end":{"line":253,"column":42}},{"start":{"line":254,"column":18},"end":{"line":254,"column":63}}],"line":252},"14":{"loc":{"start":{"line":267,"column":14},"end":{"line":269,"column":62}},"type":"cond-expr","locations":[{"start":{"line":268,"column":18},"end":{"line":268,"column":42}},{"start":{"line":269,"column":18},"end":{"line":269,"column":62}}],"line":267},"15":{"loc":{"start":{"line":287,"column":13},"end":{"line":292,"column":20}},"type":"cond-expr","locations":[{"start":{"line":288,"column":14},"end":{"line":291,"column":22}},{"start":{"line":292,"column":16},"end":{"line":292,"column":20}}],"line":287}},"s":{"0":5,"1":5,"2":5,"3":0,"4":0,"5":0,"6":1,"7":0,"8":1,"9":1,"10":1,"11":1,"12":1,"13":1,"14":0,"15":0,"16":0,"17":0,"18":0,"19":1,"20":1,"21":7,"22":1,"23":1,"24":1,"25":1,"26":1,"27":0,"28":0,"29":0,"30":0,"31":10,"32":10,"33":10,"34":0},"f":{"0":5,"1":0,"2":1,"3":0,"4":0,"5":0,"6":1,"7":7,"8":1,"9":1,"10":0,"11":10,"12":0},"b":{"0":[0,0],"1":[0,1],"2":[1,0],"3":[1,0],"4":[1,0],"5":[0,0],"6":[7,7],"7":[1,1,1,1,1,1],"8":[0,0],"9":[0,0],"10":[10,0],"11":[6,4],"12":[6,4],"13":[6,4],"14":[6,4],"15":[0,10]},"_coverageSchema":"332fd63041d2c1bcb487cc26dd0d5f7d97098a6c","hash":"fef2e7516f9cbce47c7ac4621a76c8a9b4dfcb4a"}
,"/Users/alessiofimognari/sandbox/NICE/identity-hostedpages/custom-pages/login/src/routes/RegisterSuccess/RegisterSuccess.js": {"path":"/Users/alessiofimognari/sandbox/NICE/identity-hostedpages/custom-pages/login/src/routes/RegisterSuccess/RegisterSuccess.js","statementMap":{"0":{"start":{"line":10,"column":31},"end":{"line":27,"column":1}},"1":{"start":{"line":11,"column":2},"end":{"line":11,"column":11}},"2":{"start":{"line":12,"column":2},"end":{"line":26,"column":3}}},"fnMap":{"0":{"name":"(anonymous_0)","decl":{"start":{"line":10,"column":31},"end":{"line":10,"column":32}},"loc":{"start":{"line":10,"column":37},"end":{"line":27,"column":1}},"line":10}},"branchMap":{},"s":{"0":1,"1":1,"2":1},"f":{"0":1},"b":{},"_coverageSchema":"332fd63041d2c1bcb487cc26dd0d5f7d97098a6c","hash":"0b1a4fa10bb6e4e007cac0185245710e972036d1"}
,"/Users/alessiofimognari/sandbox/NICE/identity-hostedpages/custom-pages/login/src/routes/RegisterSuccess/index.js": {"path":"/Users/alessiofimognari/sandbox/NICE/identity-hostedpages/custom-pages/login/src/routes/RegisterSuccess/index.js","statementMap":{},"fnMap":{},"branchMap":{},"s":{},"f":{},"b":{},"_coverageSchema":"332fd63041d2c1bcb487cc26dd0d5f7d97098a6c","hash":"ba17f4743a18506efa25b656907cd70d52916b83"}
,"/Users/alessiofimognari/sandbox/NICE/identity-hostedpages/custom-pages/login/src/routes/ResetPassword/index.js": {"path":"/Users/alessiofimognari/sandbox/NICE/identity-hostedpages/custom-pages/login/src/routes/ResetPassword/index.js","statementMap":{},"fnMap":{},"branchMap":{},"s":{},"f":{},"b":{},"_coverageSchema":"332fd63041d2c1bcb487cc26dd0d5f7d97098a6c","hash":"36786e1fb679b37a34c31b03c67411c4a328e2ca"}
,"/Users/alessiofimognari/sandbox/NICE/identity-hostedpages/custom-pages/login/src/routes/ResetPassword/components/ResetPasswordForm.js": {"path":"/Users/alessiofimognari/sandbox/NICE/identity-hostedpages/custom-pages/login/src/routes/ResetPassword/components/ResetPasswordForm.js","statementMap":{"0":{"start":{"line":11,"column":4},"end":{"line":11,"column":16}},"1":{"start":{"line":12,"column":4},"end":{"line":12,"column":29}},"2":{"start":{"line":13,"column":4},"end":{"line":22,"column":5}},"3":{"start":{"line":26,"column":4},"end":{"line":26,"column":37}},"4":{"start":{"line":26,"column":15},"end":{"line":26,"column":37}},"5":{"start":{"line":27,"column":25},"end":{"line":27,"column":35}},"6":{"start":{"line":28,"column":4},"end":{"line":28,"column":19}},"7":{"start":{"line":29,"column":4},"end":{"line":36,"column":5}},"8":{"start":{"line":30,"column":6},"end":{"line":30,"column":39}},"9":{"start":{"line":32,"column":6},"end":{"line":35,"column":8}},"10":{"start":{"line":33,"column":19},"end":{"line":33,"column":60}},"11":{"start":{"line":34,"column":8},"end":{"line":34,"column":54}},"12":{"start":{"line":34,"column":16},"end":{"line":34,"column":54}},"13":{"start":{"line":40,"column":4},"end":{"line":43,"column":6}},"14":{"start":{"line":47,"column":4},"end":{"line":49,"column":6}},"15":{"start":{"line":53,"column":4},"end":{"line":56,"column":6}},"16":{"start":{"line":60,"column":50},"end":{"line":60,"column":60}},"17":{"start":{"line":61,"column":21},"end":{"line":65,"column":5}},"18":{"start":{"line":63,"column":8},"end":{"line":63,"column":48}},"19":{"start":{"line":66,"column":4},"end":{"line":66,"column":51}},"20":{"start":{"line":70,"column":18},"end":{"line":70,"column":44}},"21":{"start":{"line":71,"column":4},"end":{"line":76,"column":6}},"22":{"start":{"line":80,"column":4},"end":{"line":80,"column":29}},"23":{"start":{"line":80,"column":11},"end":{"line":80,"column":29}},"24":{"start":{"line":81,"column":4},"end":{"line":83,"column":6}},"25":{"start":{"line":87,"column":34},"end":{"line":87,"column":44}},"26":{"start":{"line":88,"column":4},"end":{"line":88,"column":13}},"27":{"start":{"line":89,"column":4},"end":{"line":149,"column":5}},"28":{"start":{"line":142,"column":28},"end":{"line":142,"column":49}}},"fnMap":{"0":{"name":"(anonymous_0)","decl":{"start":{"line":10,"column":2},"end":{"line":10,"column":3}},"loc":{"start":{"line":10,"column":21},"end":{"line":23,"column":3}},"line":10},"1":{"name":"(anonymous_1)","decl":{"start":{"line":25,"column":18},"end":{"line":25,"column":19}},"loc":{"start":{"line":25,"column":29},"end":{"line":37,"column":3}},"line":25},"2":{"name":"(anonymous_2)","decl":{"start":{"line":32,"column":41},"end":{"line":32,"column":42}},"loc":{"start":{"line":32,"column":47},"end":{"line":35,"column":7}},"line":32},"3":{"name":"(anonymous_3)","decl":{"start":{"line":39,"column":25},"end":{"line":39,"column":26}},"loc":{"start":{"line":39,"column":36},"end":{"line":44,"column":3}},"line":39},"4":{"name":"(anonymous_4)","decl":{"start":{"line":46,"column":17},"end":{"line":46,"column":18}},"loc":{"start":{"line":46,"column":28},"end":{"line":50,"column":3}},"line":46},"5":{"name":"(anonymous_5)","decl":{"start":{"line":52,"column":15},"end":{"line":52,"column":16}},"loc":{"start":{"line":52,"column":26},"end":{"line":57,"column":3}},"line":52},"6":{"name":"(anonymous_6)","decl":{"start":{"line":59,"column":2},"end":{"line":59,"column":3}},"loc":{"start":{"line":59,"column":29},"end":{"line":67,"column":3}},"line":59},"7":{"name":"(anonymous_7)","decl":{"start":{"line":62,"column":6},"end":{"line":62,"column":7}},"loc":{"start":{"line":63,"column":8},"end":{"line":63,"column":48}},"line":63},"8":{"name":"(anonymous_8)","decl":{"start":{"line":69,"column":13},"end":{"line":69,"column":14}},"loc":{"start":{"line":69,"column":19},"end":{"line":77,"column":3}},"line":69},"9":{"name":"(anonymous_9)","decl":{"start":{"line":79,"column":14},"end":{"line":79,"column":15}},"loc":{"start":{"line":79,"column":21},"end":{"line":84,"column":3}},"line":79},"10":{"name":"(anonymous_10)","decl":{"start":{"line":86,"column":2},"end":{"line":86,"column":3}},"loc":{"start":{"line":86,"column":11},"end":{"line":150,"column":3}},"line":86},"11":{"name":"(anonymous_11)","decl":{"start":{"line":142,"column":23},"end":{"line":142,"column":24}},"loc":{"start":{"line":142,"column":28},"end":{"line":142,"column":49}},"line":142}},"branchMap":{"0":{"loc":{"start":{"line":26,"column":4},"end":{"line":26,"column":37}},"type":"if","locations":[{"start":{"line":26,"column":4},"end":{"line":26,"column":37}},{"start":{"line":26,"column":4},"end":{"line":26,"column":37}}],"line":26},"1":{"loc":{"start":{"line":29,"column":4},"end":{"line":36,"column":5}},"type":"if","locations":[{"start":{"line":29,"column":4},"end":{"line":36,"column":5}},{"start":{"line":29,"column":4},"end":{"line":36,"column":5}}],"line":29},"2":{"loc":{"start":{"line":34,"column":8},"end":{"line":34,"column":54}},"type":"if","locations":[{"start":{"line":34,"column":8},"end":{"line":34,"column":54}},{"start":{"line":34,"column":8},"end":{"line":34,"column":54}}],"line":34},"3":{"loc":{"start":{"line":63,"column":8},"end":{"line":63,"column":48}},"type":"binary-expr","locations":[{"start":{"line":63,"column":8},"end":{"line":63,"column":21}},{"start":{"line":63,"column":25},"end":{"line":63,"column":48}}],"line":63},"4":{"loc":{"start":{"line":66,"column":11},"end":{"line":66,"column":51}},"type":"binary-expr","locations":[{"start":{"line":66,"column":11},"end":{"line":66,"column":26}},{"start":{"line":66,"column":30},"end":{"line":66,"column":38}},{"start":{"line":66,"column":42},"end":{"line":66,"column":51}}],"line":66},"5":{"loc":{"start":{"line":80,"column":4},"end":{"line":80,"column":29}},"type":"if","locations":[{"start":{"line":80,"column":4},"end":{"line":80,"column":29}},{"start":{"line":80,"column":4},"end":{"line":80,"column":29}}],"line":80},"6":{"loc":{"start":{"line":96,"column":15},"end":{"line":112,"column":15}},"type":"binary-expr","locations":[{"start":{"line":96,"column":15},"end":{"line":96,"column":24}},{"start":{"line":97,"column":16},"end":{"line":111,"column":24}}],"line":96}},"s":{"0":5,"1":5,"2":5,"3":1,"4":0,"5":1,"6":1,"7":1,"8":1,"9":0,"10":0,"11":0,"12":0,"13":0,"14":0,"15":0,"16":1,"17":1,"18":2,"19":1,"20":1,"21":1,"22":0,"23":0,"24":0,"25":9,"26":9,"27":9,"28":0},"f":{"0":5,"1":1,"2":0,"3":0,"4":0,"5":0,"6":1,"7":2,"8":1,"9":0,"10":9,"11":0},"b":{"0":[0,1],"1":[1,0],"2":[0,0],"3":[2,2],"4":[1,1,1],"5":[0,0],"6":[9,0]},"_coverageSchema":"332fd63041d2c1bcb487cc26dd0d5f7d97098a6c","hash":"44561df4b684cd37d2448507677c12dd92d9a061"}
,"/Users/alessiofimognari/sandbox/NICE/identity-hostedpages/custom-pages/login/src/routes/ResetPasswordSuccess/ResetPasswordSuccess.js": {"path":"/Users/alessiofimognari/sandbox/NICE/identity-hostedpages/custom-pages/login/src/routes/ResetPasswordSuccess/ResetPasswordSuccess.js","statementMap":{"0":{"start":{"line":11,"column":36},"end":{"line":22,"column":1}},"1":{"start":{"line":12,"column":2},"end":{"line":12,"column":11}},"2":{"start":{"line":13,"column":2},"end":{"line":21,"column":3}}},"fnMap":{"0":{"name":"(anonymous_0)","decl":{"start":{"line":11,"column":36},"end":{"line":11,"column":37}},"loc":{"start":{"line":11,"column":42},"end":{"line":22,"column":1}},"line":11}},"branchMap":{},"s":{"0":1,"1":1,"2":1},"f":{"0":1},"b":{},"_coverageSchema":"332fd63041d2c1bcb487cc26dd0d5f7d97098a6c","hash":"60b7de4fb3592937182a1139b0ae2f7099b7509d"}
,"/Users/alessiofimognari/sandbox/NICE/identity-hostedpages/custom-pages/login/src/routes/ResetPasswordSuccess/index.js": {"path":"/Users/alessiofimognari/sandbox/NICE/identity-hostedpages/custom-pages/login/src/routes/ResetPasswordSuccess/index.js","statementMap":{},"fnMap":{},"branchMap":{},"s":{},"f":{},"b":{},"_coverageSchema":"332fd63041d2c1bcb487cc26dd0d5f7d97098a6c","hash":"f7103407ea84a5be2c7e4214a5d0a2b3f674faf7"}
,"/Users/alessiofimognari/sandbox/NICE/identity-hostedpages/custom-pages/login/src/services/AuthApi.js": {"path":"/Users/alessiofimognari/sandbox/NICE/identity-hostedpages/custom-pages/login/src/services/AuthApi.js","statementMap":{"0":{"start":{"line":9,"column":16},"end":{"line":9,"column":39}},"1":{"start":{"line":13,"column":4},"end":{"line":15,"column":5}},"2":{"start":{"line":14,"column":6},"end":{"line":14,"column":24}},"3":{"start":{"line":16,"column":4},"end":{"line":16,"column":63}},"4":{"start":{"line":17,"column":4},"end":{"line":32,"column":5}},"5":{"start":{"line":33,"column":4},"end":{"line":33,"column":73}},"6":{"start":{"line":34,"column":4},"end":{"line":34,"column":50}},"7":{"start":{"line":38,"column":4},"end":{"line":47,"column":5}},"8":{"start":{"line":40,"column":8},"end":{"line":44,"column":9}},"9":{"start":{"line":45,"column":8},"end":{"line":45,"column":25}},"10":{"start":{"line":51,"column":4},"end":{"line":64,"column":6}},"11":{"start":{"line":52,"column":6},"end":{"line":63,"column":7}},"12":{"start":{"line":53,"column":27},"end":{"line":55,"column":52}},"13":{"start":{"line":56,"column":23},"end":{"line":58,"column":29}},"14":{"start":{"line":59,"column":8},"end":{"line":59,"column":43}},"15":{"start":{"line":60,"column":26},"end":{"line":60,"column":58}},"16":{"start":{"line":61,"column":8},"end":{"line":61,"column":30}},"17":{"start":{"line":62,"column":8},"end":{"line":62,"column":44}},"18":{"start":{"line":67,"column":4},"end":{"line":78,"column":10}},"19":{"start":{"line":68,"column":6},"end":{"line":76,"column":7}},"20":{"start":{"line":77,"column":6},"end":{"line":77,"column":16}},"21":{"start":{"line":81,"column":4},"end":{"line":130,"column":5}},"22":{"start":{"line":82,"column":26},"end":{"line":86,"column":7}},"23":{"start":{"line":89,"column":6},"end":{"line":107,"column":7}},"24":{"start":{"line":90,"column":8},"end":{"line":95,"column":9}},"25":{"start":{"line":96,"column":8},"end":{"line":96,"column":24}},"26":{"start":{"line":98,"column":8},"end":{"line":105,"column":9}},"27":{"start":{"line":106,"column":8},"end":{"line":106,"column":28}},"28":{"start":{"line":108,"column":6},"end":{"line":110,"column":7}},"29":{"start":{"line":109,"column":8},"end":{"line":109,"column":42}},"30":{"start":{"line":111,"column":6},"end":{"line":111,"column":40}},"31":{"start":{"line":112,"column":6},"end":{"line":127,"column":7}},"32":{"start":{"line":113,"column":8},"end":{"line":113,"column":45}},"33":{"start":{"line":115,"column":8},"end":{"line":126,"column":10}},"34":{"start":{"line":116,"column":10},"end":{"line":116,"column":39}},"35":{"start":{"line":117,"column":10},"end":{"line":125,"column":11}},"36":{"start":{"line":118,"column":12},"end":{"line":123,"column":13}},"37":{"start":{"line":119,"column":14},"end":{"line":122,"column":48}},"38":{"start":{"line":120,"column":16},"end":{"line":122,"column":47}},"39":{"start":{"line":124,"column":12},"end":{"line":124,"column":32}},"40":{"start":{"line":129,"column":6},"end":{"line":129,"column":24}},"41":{"start":{"line":134,"column":24},"end":{"line":138,"column":5}},"42":{"start":{"line":139,"column":4},"end":{"line":164,"column":8}},"43":{"start":{"line":153,"column":8},"end":{"line":157,"column":9}},"44":{"start":{"line":154,"column":10},"end":{"line":154,"column":42}},"45":{"start":{"line":155,"column":15},"end":{"line":157,"column":9}},"46":{"start":{"line":156,"column":10},"end":{"line":156,"column":68}},"47":{"start":{"line":156,"column":27},"end":{"line":156,"column":67}},"48":{"start":{"line":160,"column":8},"end":{"line":162,"column":9}},"49":{"start":{"line":161,"column":10},"end":{"line":161,"column":70}},"50":{"start":{"line":161,"column":27},"end":{"line":161,"column":69}},"51":{"start":{"line":163,"column":8},"end":{"line":163,"column":17}},"52":{"start":{"line":168,"column":16},"end":{"line":168,"column":45}},"53":{"start":{"line":169,"column":4},"end":{"line":169,"column":32}},"54":{"start":{"line":170,"column":24},"end":{"line":170,"column":66}},"55":{"start":{"line":171,"column":4},"end":{"line":171,"column":24}},"56":{"start":{"line":175,"column":4},"end":{"line":195,"column":5}},"57":{"start":{"line":182,"column":8},"end":{"line":191,"column":9}},"58":{"start":{"line":183,"column":10},"end":{"line":189,"column":11}},"59":{"start":{"line":184,"column":12},"end":{"line":188,"column":13}},"60":{"start":{"line":186,"column":16},"end":{"line":186,"column":79}},"61":{"start":{"line":190,"column":10},"end":{"line":190,"column":22}},"62":{"start":{"line":192,"column":8},"end":{"line":192,"column":50}},"63":{"start":{"line":193,"column":8},"end":{"line":193,"column":19}},"64":{"start":{"line":199,"column":4},"end":{"line":199,"column":34}},"65":{"start":{"line":200,"column":4},"end":{"line":232,"column":5}},"66":{"start":{"line":201,"column":19},"end":{"line":209,"column":7}},"67":{"start":{"line":211,"column":6},"end":{"line":231,"column":10}},"68":{"start":{"line":220,"column":10},"end":{"line":224,"column":11}},"69":{"start":{"line":221,"column":12},"end":{"line":221,"column":53}},"70":{"start":{"line":222,"column":17},"end":{"line":224,"column":11}},"71":{"start":{"line":223,"column":12},"end":{"line":223,"column":70}},"72":{"start":{"line":223,"column":29},"end":{"line":223,"column":69}},"73":{"start":{"line":227,"column":10},"end":{"line":229,"column":11}},"74":{"start":{"line":228,"column":12},"end":{"line":228,"column":70}},"75":{"start":{"line":228,"column":29},"end":{"line":228,"column":69}},"76":{"start":{"line":230,"column":10},"end":{"line":230,"column":19}},"77":{"start":{"line":236,"column":20},"end":{"line":247,"column":5}},"78":{"start":{"line":248,"column":4},"end":{"line":250,"column":5}},"79":{"start":{"line":249,"column":6},"end":{"line":249,"column":46}},"80":{"start":{"line":251,"column":4},"end":{"line":260,"column":6}},"81":{"start":{"line":252,"column":6},"end":{"line":257,"column":7}},"82":{"start":{"line":253,"column":8},"end":{"line":255,"column":9}},"83":{"start":{"line":254,"column":10},"end":{"line":254,"column":43}},"84":{"start":{"line":254,"column":27},"end":{"line":254,"column":42}},"85":{"start":{"line":256,"column":8},"end":{"line":256,"column":20}},"86":{"start":{"line":258,"column":6},"end":{"line":258,"column":45}},"87":{"start":{"line":259,"column":6},"end":{"line":259,"column":17}},"88":{"start":{"line":264,"column":4},"end":{"line":264,"column":30}},"89":{"start":{"line":265,"column":24},"end":{"line":269,"column":5}},"90":{"start":{"line":270,"column":4},"end":{"line":294,"column":8}},"91":{"start":{"line":283,"column":8},"end":{"line":287,"column":9}},"92":{"start":{"line":285,"column":15},"end":{"line":287,"column":9}},"93":{"start":{"line":286,"column":10},"end":{"line":286,"column":68}},"94":{"start":{"line":286,"column":27},"end":{"line":286,"column":67}},"95":{"start":{"line":290,"column":8},"end":{"line":292,"column":9}},"96":{"start":{"line":291,"column":10},"end":{"line":291,"column":68}},"97":{"start":{"line":291,"column":27},"end":{"line":291,"column":67}},"98":{"start":{"line":293,"column":8},"end":{"line":293,"column":17}}},"fnMap":{"0":{"name":"(anonymous_0)","decl":{"start":{"line":12,"column":2},"end":{"line":12,"column":3}},"loc":{"start":{"line":12,"column":16},"end":{"line":35,"column":3}},"line":12},"1":{"name":"(anonymous_1)","decl":{"start":{"line":37,"column":25},"end":{"line":37,"column":26}},"loc":{"start":{"line":37,"column":46},"end":{"line":48,"column":3}},"line":37},"2":{"name":"(anonymous_2)","decl":{"start":{"line":39,"column":17},"end":{"line":39,"column":18}},"loc":{"start":{"line":39,"column":26},"end":{"line":46,"column":7}},"line":39},"3":{"name":"(anonymous_3)","decl":{"start":{"line":50,"column":24},"end":{"line":50,"column":25}},"loc":{"start":{"line":51,"column":4},"end":{"line":64,"column":6}},"line":51},"4":{"name":"(anonymous_4)","decl":{"start":{"line":51,"column":16},"end":{"line":51,"column":17}},"loc":{"start":{"line":51,"column":30},"end":{"line":64,"column":5}},"line":51},"5":{"name":"(anonymous_5)","decl":{"start":{"line":66,"column":17},"end":{"line":66,"column":18}},"loc":{"start":{"line":67,"column":4},"end":{"line":78,"column":10}},"line":67},"6":{"name":"(anonymous_6)","decl":{"start":{"line":67,"column":22},"end":{"line":67,"column":23}},"loc":{"start":{"line":67,"column":37},"end":{"line":78,"column":5}},"line":67},"7":{"name":"(anonymous_7)","decl":{"start":{"line":80,"column":2},"end":{"line":80,"column":3}},"loc":{"start":{"line":80,"column":55},"end":{"line":131,"column":3}},"line":80},"8":{"name":"(anonymous_8)","decl":{"start":{"line":115,"column":39},"end":{"line":115,"column":40}},"loc":{"start":{"line":115,"column":48},"end":{"line":126,"column":9}},"line":115},"9":{"name":"(anonymous_9)","decl":{"start":{"line":119,"column":25},"end":{"line":119,"column":26}},"loc":{"start":{"line":120,"column":16},"end":{"line":122,"column":47}},"line":120},"10":{"name":"(anonymous_10)","decl":{"start":{"line":133,"column":13},"end":{"line":133,"column":14}},"loc":{"start":{"line":133,"column":38},"end":{"line":165,"column":3}},"line":133},"11":{"name":"(anonymous_11)","decl":{"start":{"line":152,"column":12},"end":{"line":152,"column":13}},"loc":{"start":{"line":152,"column":21},"end":{"line":158,"column":7}},"line":152},"12":{"name":"(anonymous_12)","decl":{"start":{"line":156,"column":21},"end":{"line":156,"column":22}},"loc":{"start":{"line":156,"column":27},"end":{"line":156,"column":67}},"line":156},"13":{"name":"(anonymous_13)","decl":{"start":{"line":159,"column":13},"end":{"line":159,"column":14}},"loc":{"start":{"line":159,"column":22},"end":{"line":164,"column":7}},"line":159},"14":{"name":"(anonymous_14)","decl":{"start":{"line":161,"column":21},"end":{"line":161,"column":22}},"loc":{"start":{"line":161,"column":27},"end":{"line":161,"column":69}},"line":161},"15":{"name":"(anonymous_15)","decl":{"start":{"line":167,"column":17},"end":{"line":167,"column":18}},"loc":{"start":{"line":167,"column":35},"end":{"line":172,"column":3}},"line":167},"16":{"name":"(anonymous_16)","decl":{"start":{"line":174,"column":2},"end":{"line":174,"column":3}},"loc":{"start":{"line":174,"column":39},"end":{"line":196,"column":3}},"line":174},"17":{"name":"(anonymous_17)","decl":{"start":{"line":181,"column":6},"end":{"line":181,"column":7}},"loc":{"start":{"line":181,"column":15},"end":{"line":194,"column":7}},"line":181},"18":{"name":"(anonymous_18)","decl":{"start":{"line":185,"column":14},"end":{"line":185,"column":15}},"loc":{"start":{"line":186,"column":16},"end":{"line":186,"column":79}},"line":186},"19":{"name":"(anonymous_19)","decl":{"start":{"line":198,"column":18},"end":{"line":198,"column":19}},"loc":{"start":{"line":198,"column":47},"end":{"line":233,"column":3}},"line":198},"20":{"name":"(anonymous_20)","decl":{"start":{"line":219,"column":14},"end":{"line":219,"column":15}},"loc":{"start":{"line":219,"column":23},"end":{"line":225,"column":9}},"line":219},"21":{"name":"(anonymous_21)","decl":{"start":{"line":223,"column":23},"end":{"line":223,"column":24}},"loc":{"start":{"line":223,"column":29},"end":{"line":223,"column":69}},"line":223},"22":{"name":"(anonymous_22)","decl":{"start":{"line":226,"column":15},"end":{"line":226,"column":16}},"loc":{"start":{"line":226,"column":24},"end":{"line":231,"column":9}},"line":226},"23":{"name":"(anonymous_23)","decl":{"start":{"line":228,"column":23},"end":{"line":228,"column":24}},"loc":{"start":{"line":228,"column":29},"end":{"line":228,"column":69}},"line":228},"24":{"name":"(anonymous_24)","decl":{"start":{"line":235,"column":2},"end":{"line":235,"column":3}},"loc":{"start":{"line":235,"column":74},"end":{"line":261,"column":3}},"line":235},"25":{"name":"(anonymous_25)","decl":{"start":{"line":251,"column":34},"end":{"line":251,"column":35}},"loc":{"start":{"line":251,"column":43},"end":{"line":260,"column":5}},"line":251},"26":{"name":"(anonymous_26)","decl":{"start":{"line":254,"column":21},"end":{"line":254,"column":22}},"loc":{"start":{"line":254,"column":27},"end":{"line":254,"column":42}},"line":254},"27":{"name":"(anonymous_27)","decl":{"start":{"line":263,"column":16},"end":{"line":263,"column":17}},"loc":{"start":{"line":263,"column":41},"end":{"line":295,"column":3}},"line":263},"28":{"name":"(anonymous_28)","decl":{"start":{"line":282,"column":12},"end":{"line":282,"column":13}},"loc":{"start":{"line":282,"column":21},"end":{"line":288,"column":7}},"line":282},"29":{"name":"(anonymous_29)","decl":{"start":{"line":286,"column":21},"end":{"line":286,"column":22}},"loc":{"start":{"line":286,"column":27},"end":{"line":286,"column":67}},"line":286},"30":{"name":"(anonymous_30)","decl":{"start":{"line":289,"column":13},"end":{"line":289,"column":14}},"loc":{"start":{"line":289,"column":22},"end":{"line":294,"column":7}},"line":289},"31":{"name":"(anonymous_31)","decl":{"start":{"line":291,"column":21},"end":{"line":291,"column":22}},"loc":{"start":{"line":291,"column":27},"end":{"line":291,"column":67}},"line":291}},"branchMap":{"0":{"loc":{"start":{"line":9,"column":16},"end":{"line":9,"column":39}},"type":"binary-expr","locations":[{"start":{"line":9,"column":16},"end":{"line":9,"column":30}},{"start":{"line":9,"column":34},"end":{"line":9,"column":39}}],"line":9},"1":{"loc":{"start":{"line":13,"column":4},"end":{"line":15,"column":5}},"type":"if","locations":[{"start":{"line":13,"column":4},"end":{"line":15,"column":5}},{"start":{"line":13,"column":4},"end":{"line":15,"column":5}}],"line":13},"2":{"loc":{"start":{"line":16,"column":32},"end":{"line":16,"column":63}},"type":"binary-expr","locations":[{"start":{"line":16,"column":32},"end":{"line":16,"column":57}},{"start":{"line":16,"column":61},"end":{"line":16,"column":63}}],"line":16},"3":{"loc":{"start":{"line":52,"column":6},"end":{"line":63,"column":7}},"type":"if","locations":[{"start":{"line":52,"column":6},"end":{"line":63,"column":7}},{"start":{"line":52,"column":6},"end":{"line":63,"column":7}}],"line":52},"4":{"loc":{"start":{"line":53,"column":27},"end":{"line":55,"column":52}},"type":"cond-expr","locations":[{"start":{"line":54,"column":12},"end":{"line":54,"column":29}},{"start":{"line":55,"column":12},"end":{"line":55,"column":52}}],"line":53},"5":{"loc":{"start":{"line":70,"column":22},"end":{"line":72,"column":16}},"type":"cond-expr","locations":[{"start":{"line":71,"column":12},"end":{"line":71,"column":38}},{"start":{"line":72,"column":12},"end":{"line":72,"column":16}}],"line":70},"6":{"loc":{"start":{"line":73,"column":24},"end":{"line":75,"column":16}},"type":"cond-expr","locations":[{"start":{"line":74,"column":12},"end":{"line":74,"column":36}},{"start":{"line":75,"column":12},"end":{"line":75,"column":16}}],"line":73},"7":{"loc":{"start":{"line":89,"column":6},"end":{"line":107,"column":7}},"type":"if","locations":[{"start":{"line":89,"column":6},"end":{"line":107,"column":7}},{"start":{"line":89,"column":6},"end":{"line":107,"column":7}}],"line":89},"8":{"loc":{"start":{"line":108,"column":6},"end":{"line":110,"column":7}},"type":"if","locations":[{"start":{"line":108,"column":6},"end":{"line":110,"column":7}},{"start":{"line":108,"column":6},"end":{"line":110,"column":7}}],"line":108},"9":{"loc":{"start":{"line":112,"column":6},"end":{"line":127,"column":7}},"type":"if","locations":[{"start":{"line":112,"column":6},"end":{"line":127,"column":7}},{"start":{"line":112,"column":6},"end":{"line":127,"column":7}}],"line":112},"10":{"loc":{"start":{"line":117,"column":10},"end":{"line":125,"column":11}},"type":"if","locations":[{"start":{"line":117,"column":10},"end":{"line":125,"column":11}},{"start":{"line":117,"column":10},"end":{"line":125,"column":11}}],"line":117},"11":{"loc":{"start":{"line":118,"column":12},"end":{"line":123,"column":13}},"type":"if","locations":[{"start":{"line":118,"column":12},"end":{"line":123,"column":13}},{"start":{"line":118,"column":12},"end":{"line":123,"column":13}}],"line":118},"12":{"loc":{"start":{"line":120,"column":30},"end":{"line":122,"column":46}},"type":"cond-expr","locations":[{"start":{"line":121,"column":20},"end":{"line":121,"column":47}},{"start":{"line":122,"column":20},"end":{"line":122,"column":46}}],"line":120},"13":{"loc":{"start":{"line":147,"column":20},"end":{"line":147,"column":49}},"type":"binary-expr","locations":[{"start":{"line":147,"column":20},"end":{"line":147,"column":30}},{"start":{"line":147,"column":34},"end":{"line":147,"column":49}}],"line":147},"14":{"loc":{"start":{"line":153,"column":8},"end":{"line":157,"column":9}},"type":"if","locations":[{"start":{"line":153,"column":8},"end":{"line":157,"column":9}},{"start":{"line":153,"column":8},"end":{"line":157,"column":9}}],"line":153},"15":{"loc":{"start":{"line":155,"column":15},"end":{"line":157,"column":9}},"type":"if","locations":[{"start":{"line":155,"column":15},"end":{"line":157,"column":9}},{"start":{"line":155,"column":15},"end":{"line":157,"column":9}}],"line":155},"16":{"loc":{"start":{"line":160,"column":8},"end":{"line":162,"column":9}},"type":"if","locations":[{"start":{"line":160,"column":8},"end":{"line":162,"column":9}},{"start":{"line":160,"column":8},"end":{"line":162,"column":9}}],"line":160},"17":{"loc":{"start":{"line":182,"column":8},"end":{"line":191,"column":9}},"type":"if","locations":[{"start":{"line":182,"column":8},"end":{"line":191,"column":9}},{"start":{"line":182,"column":8},"end":{"line":191,"column":9}}],"line":182},"18":{"loc":{"start":{"line":183,"column":10},"end":{"line":189,"column":11}},"type":"if","locations":[{"start":{"line":183,"column":10},"end":{"line":189,"column":11}},{"start":{"line":183,"column":10},"end":{"line":189,"column":11}}],"line":183},"19":{"loc":{"start":{"line":200,"column":4},"end":{"line":232,"column":5}},"type":"if","locations":[{"start":{"line":200,"column":4},"end":{"line":232,"column":5}},{"start":{"line":200,"column":4},"end":{"line":232,"column":5}}],"line":200},"20":{"loc":{"start":{"line":220,"column":10},"end":{"line":224,"column":11}},"type":"if","locations":[{"start":{"line":220,"column":10},"end":{"line":224,"column":11}},{"start":{"line":220,"column":10},"end":{"line":224,"column":11}}],"line":220},"21":{"loc":{"start":{"line":222,"column":17},"end":{"line":224,"column":11}},"type":"if","locations":[{"start":{"line":222,"column":17},"end":{"line":224,"column":11}},{"start":{"line":222,"column":17},"end":{"line":224,"column":11}}],"line":222},"22":{"loc":{"start":{"line":227,"column":10},"end":{"line":229,"column":11}},"type":"if","locations":[{"start":{"line":227,"column":10},"end":{"line":229,"column":11}},{"start":{"line":227,"column":10},"end":{"line":229,"column":11}}],"line":227},"23":{"loc":{"start":{"line":248,"column":4},"end":{"line":250,"column":5}},"type":"if","locations":[{"start":{"line":248,"column":4},"end":{"line":250,"column":5}},{"start":{"line":248,"column":4},"end":{"line":250,"column":5}}],"line":248},"24":{"loc":{"start":{"line":252,"column":6},"end":{"line":257,"column":7}},"type":"if","locations":[{"start":{"line":252,"column":6},"end":{"line":257,"column":7}},{"start":{"line":252,"column":6},"end":{"line":257,"column":7}}],"line":252},"25":{"loc":{"start":{"line":253,"column":8},"end":{"line":255,"column":9}},"type":"if","locations":[{"start":{"line":253,"column":8},"end":{"line":255,"column":9}},{"start":{"line":253,"column":8},"end":{"line":255,"column":9}}],"line":253},"26":{"loc":{"start":{"line":283,"column":8},"end":{"line":287,"column":9}},"type":"if","locations":[{"start":{"line":283,"column":8},"end":{"line":287,"column":9}},{"start":{"line":283,"column":8},"end":{"line":287,"column":9}}],"line":283},"27":{"loc":{"start":{"line":285,"column":15},"end":{"line":287,"column":9}},"type":"if","locations":[{"start":{"line":285,"column":15},"end":{"line":287,"column":9}},{"start":{"line":285,"column":15},"end":{"line":287,"column":9}}],"line":285},"28":{"loc":{"start":{"line":290,"column":8},"end":{"line":292,"column":9}},"type":"if","locations":[{"start":{"line":290,"column":8},"end":{"line":292,"column":9}},{"start":{"line":290,"column":8},"end":{"line":292,"column":9}}],"line":290}},"s":{"0":5,"1":21,"2":5,"3":21,"4":21,"5":21,"6":21,"7":5,"8":0,"9":0,"10":5,"11":5,"12":5,"13":5,"14":5,"15":5,"16":5,"17":5,"18":0,"19":0,"20":0,"21":0,"22":0,"23":0,"24":0,"25":0,"26":0,"27":0,"28":0,"29":0,"30":0,"31":0,"32":0,"33":0,"34":0,"35":0,"36":0,"37":0,"38":0,"39":0,"40":0,"41":0,"42":0,"43":0,"44":0,"45":0,"46":0,"47":0,"48":0,"49":0,"50":0,"51":0,"52":0,"53":0,"54":0,"55":0,"56":0,"57":0,"58":0,"59":0,"60":0,"61":0,"62":0,"63":0,"64":0,"65":0,"66":0,"67":0,"68":0,"69":0,"70":0,"71":0,"72":0,"73":0,"74":0,"75":0,"76":0,"77":0,"78":0,"79":0,"80":0,"81":0,"82":0,"83":0,"84":0,"85":0,"86":0,"87":0,"88":0,"89":0,"90":0,"91":0,"92":0,"93":0,"94":0,"95":0,"96":0,"97":0,"98":0},"f":{"0":21,"1":5,"2":0,"3":5,"4":5,"5":0,"6":0,"7":0,"8":0,"9":0,"10":0,"11":0,"12":0,"13":0,"14":0,"15":0,"16":0,"17":0,"18":0,"19":0,"20":0,"21":0,"22":0,"23":0,"24":0,"25":0,"26":0,"27":0,"28":0,"29":0,"30":0,"31":0},"b":{"0":[5,5],"1":[5,16],"2":[21,5],"3":[5,0],"4":[0,5],"5":[0,0],"6":[0,0],"7":[0,0],"8":[0,0],"9":[0,0],"10":[0,0],"11":[0,0],"12":[0,0],"13":[0,0],"14":[0,0],"15":[0,0],"16":[0,0],"17":[0,0],"18":[0,0],"19":[0,0],"20":[0,0],"21":[0,0],"22":[0,0],"23":[0,0],"24":[0,0],"25":[0,0],"26":[0,0],"27":[0,0],"28":[0,0]},"_coverageSchema":"332fd63041d2c1bcb487cc26dd0d5f7d97098a6c","hash":"e4892c3767319f9d0c60242e0fc9bb71802c4b92"}
,"/Users/alessiofimognari/sandbox/NICE/identity-hostedpages/custom-pages/login/src/services/constants.js": {"path":"/Users/alessiofimognari/sandbox/NICE/identity-hostedpages/custom-pages/login/src/services/constants.js","statementMap":{"0":{"start":{"line":4,"column":16},"end":{"line":4,"column":39}},"1":{"start":{"line":6,"column":20},"end":{"line":17,"column":1}}},"fnMap":{},"branchMap":{"0":{"loc":{"start":{"line":4,"column":16},"end":{"line":4,"column":39}},"type":"binary-expr","locations":[{"start":{"line":4,"column":16},"end":{"line":4,"column":30}},{"start":{"line":4,"column":34},"end":{"line":4,"column":39}}],"line":4},"1":{"loc":{"start":{"line":7,"column":10},"end":{"line":7,"column":72}},"type":"cond-expr","locations":[{"start":{"line":7,"column":20},"end":{"line":7,"column":52}},{"start":{"line":7,"column":55},"end":{"line":7,"column":72}}],"line":7},"2":{"loc":{"start":{"line":8,"column":12},"end":{"line":10,"column":30}},"type":"cond-expr","locations":[{"start":{"line":9,"column":6},"end":{"line":9,"column":40}},{"start":{"line":10,"column":6},"end":{"line":10,"column":30}}],"line":8},"3":{"loc":{"start":{"line":13,"column":14},"end":{"line":15,"column":27}},"type":"cond-expr","locations":[{"start":{"line":14,"column":6},"end":{"line":14,"column":16}},{"start":{"line":15,"column":6},"end":{"line":15,"column":27}}],"line":13}},"s":{"0":6,"1":6},"f":{},"b":{"0":[6,6],"1":[0,6],"2":[0,6],"3":[0,6]},"_coverageSchema":"332fd63041d2c1bcb487cc26dd0d5f7d97098a6c","hash":"1ef4a842b6a8f3b6dc45fe309e841ab7701cd4ed"}
,"/Users/alessiofimognari/sandbox/NICE/identity-hostedpages/custom-pages/login/src/util/ensureTrailingSlash.js": {"path":"/Users/alessiofimognari/sandbox/NICE/identity-hostedpages/custom-pages/login/src/util/ensureTrailingSlash.js","statementMap":{"0":{"start":{"line":1,"column":35},"end":{"line":8,"column":1}},"1":{"start":{"line":3,"column":2},"end":{"line":6,"column":3}},"2":{"start":{"line":4,"column":4},"end":{"line":4,"column":66}},"3":{"start":{"line":5,"column":4},"end":{"line":5,"column":24}},"4":{"start":{"line":7,"column":2},"end":{"line":7,"column":14}}},"fnMap":{"0":{"name":"(anonymous_0)","decl":{"start":{"line":1,"column":35},"end":{"line":1,"column":36}},"loc":{"start":{"line":1,"column":46},"end":{"line":8,"column":1}},"line":1}},"branchMap":{"0":{"loc":{"start":{"line":3,"column":2},"end":{"line":6,"column":3}},"type":"if","locations":[{"start":{"line":3,"column":2},"end":{"line":6,"column":3}},{"start":{"line":3,"column":2},"end":{"line":6,"column":3}}],"line":3},"1":{"loc":{"start":{"line":3,"column":6},"end":{"line":3,"column":40}},"type":"binary-expr","locations":[{"start":{"line":3,"column":6},"end":{"line":3,"column":11}},{"start":{"line":3,"column":15},"end":{"line":3,"column":40}}],"line":3},"2":{"loc":{"start":{"line":4,"column":12},"end":{"line":4,"column":66}},"type":"cond-expr","locations":[{"start":{"line":4,"column":58},"end":{"line":4,"column":60}},{"start":{"line":4,"column":63},"end":{"line":4,"column":66}}],"line":4}},"s":{"0":12,"1":10,"2":2,"3":2,"4":8},"f":{"0":10},"b":{"0":[2,8],"1":[10,4],"2":[1,1]},"_coverageSchema":"332fd63041d2c1bcb487cc26dd0d5f7d97098a6c","hash":"725a3427f0449cb9bc6730badbb86ffbd4be147a"}
,"/Users/alessiofimognari/sandbox/NICE/identity-hostedpages/custom-pages/login/src/util/getFirstErrorElement.js": {"path":"/Users/alessiofimognari/sandbox/NICE/identity-hostedpages/custom-pages/login/src/util/getFirstErrorElement.js","statementMap":{"0":{"start":{"line":1,"column":36},"end":{"line":10,"column":1}},"1":{"start":{"line":2,"column":2},"end":{"line":8,"column":3}},"2":{"start":{"line":3,"column":38},"end":{"line":3,"column":54}},"3":{"start":{"line":3,"column":44},"end":{"line":3,"column":54}},"4":{"start":{"line":4,"column":29},"end":{"line":4,"column":82}},"5":{"start":{"line":5,"column":24},"end":{"line":5,"column":96}},"6":{"start":{"line":6,"column":18},"end":{"line":6,"column":68}},"7":{"start":{"line":7,"column":4},"end":{"line":7,"column":50}},"8":{"start":{"line":9,"column":2},"end":{"line":9,"column":13}}},"fnMap":{"0":{"name":"(anonymous_0)","decl":{"start":{"line":1,"column":36},"end":{"line":1,"column":37}},"loc":{"start":{"line":1,"column":48},"end":{"line":10,"column":1}},"line":1},"1":{"name":"(anonymous_1)","decl":{"start":{"line":3,"column":38},"end":{"line":3,"column":39}},"loc":{"start":{"line":3,"column":44},"end":{"line":3,"column":54}},"line":3}},"branchMap":{"0":{"loc":{"start":{"line":2,"column":2},"end":{"line":8,"column":3}},"type":"if","locations":[{"start":{"line":2,"column":2},"end":{"line":8,"column":3}},{"start":{"line":2,"column":2},"end":{"line":8,"column":3}}],"line":2},"1":{"loc":{"start":{"line":5,"column":24},"end":{"line":5,"column":96}},"type":"cond-expr","locations":[{"start":{"line":5,"column":70},"end":{"line":5,"column":89}},{"start":{"line":5,"column":92},"end":{"line":5,"column":96}}],"line":5},"2":{"loc":{"start":{"line":5,"column":24},"end":{"line":5,"column":67}},"type":"binary-expr","locations":[{"start":{"line":5,"column":24},"end":{"line":5,"column":40}},{"start":{"line":5,"column":44},"end":{"line":5,"column":67}}],"line":5},"3":{"loc":{"start":{"line":6,"column":45},"end":{"line":6,"column":67}},"type":"binary-expr","locations":[{"start":{"line":6,"column":45},"end":{"line":6,"column":56}},{"start":{"line":6,"column":60},"end":{"line":6,"column":67}}],"line":6},"4":{"loc":{"start":{"line":7,"column":11},"end":{"line":7,"column":50}},"type":"cond-expr","locations":[{"start":{"line":7,"column":35},"end":{"line":7,"column":43}},{"start":{"line":7,"column":46},"end":{"line":7,"column":50}}],"line":7},"5":{"loc":{"start":{"line":7,"column":11},"end":{"line":7,"column":32}},"type":"binary-expr","locations":[{"start":{"line":7,"column":11},"end":{"line":7,"column":16}},{"start":{"line":7,"column":20},"end":{"line":7,"column":32}}],"line":7}},"s":{"0":12,"1":3,"2":2,"3":1,"4":2,"5":2,"6":2,"7":2,"8":1},"f":{"0":3,"1":1},"b":{"0":[2,1],"1":[1,1],"2":[2,2],"3":[2,1],"4":[0,2],"5":[2,0]},"_coverageSchema":"332fd63041d2c1bcb487cc26dd0d5f7d97098a6c","hash":"ed12dcb7d390fa981d84c994fa815dff65c9546b"}
,"/Users/alessiofimognari/sandbox/NICE/identity-hostedpages/custom-pages/login/src/util/index.js": {"path":"/Users/alessiofimognari/sandbox/NICE/identity-hostedpages/custom-pages/login/src/util/index.js","statementMap":{},"fnMap":{},"branchMap":{},"s":{},"f":{},"b":{},"_coverageSchema":"332fd63041d2c1bcb487cc26dd0d5f7d97098a6c","hash":"a320db092efac081c27e13e9ff66ac3559d28dbe"}
,"/Users/alessiofimognari/sandbox/NICE/identity-hostedpages/custom-pages/login/src/util/isDomainInUsername.js": {"path":"/Users/alessiofimognari/sandbox/NICE/identity-hostedpages/custom-pages/login/src/util/isDomainInUsername.js","statementMap":{"0":{"start":{"line":3,"column":34},"end":{"line":13,"column":1}},"1":{"start":{"line":4,"column":17},"end":{"line":8,"column":3}},"2":{"start":{"line":9,"column":2},"end":{"line":11,"column":3}},"3":{"start":{"line":10,"column":4},"end":{"line":10,"column":70}},"4":{"start":{"line":12,"column":2},"end":{"line":12,"column":14}}},"fnMap":{"0":{"name":"(anonymous_0)","decl":{"start":{"line":3,"column":34},"end":{"line":3,"column":35}},"loc":{"start":{"line":3,"column":48},"end":{"line":13,"column":1}},"line":3}},"branchMap":{"0":{"loc":{"start":{"line":9,"column":2},"end":{"line":11,"column":3}},"type":"if","locations":[{"start":{"line":9,"column":2},"end":{"line":11,"column":3}},{"start":{"line":9,"column":2},"end":{"line":11,"column":3}}],"line":9},"1":{"loc":{"start":{"line":9,"column":6},"end":{"line":9,"column":54}},"type":"binary-expr","locations":[{"start":{"line":9,"column":6},"end":{"line":9,"column":14}},{"start":{"line":9,"column":18},"end":{"line":9,"column":24}},{"start":{"line":9,"column":28},"end":{"line":9,"column":54}}],"line":9}},"s":{"0":13,"1":2,"2":2,"3":2,"4":0},"f":{"0":2},"b":{"0":[2,0],"1":[2,2,2]},"_coverageSchema":"332fd63041d2c1bcb487cc26dd0d5f7d97098a6c","hash":"8c69a1bac4aee6912f008a886b6fef775732fcd6"}
,"/Users/alessiofimognari/sandbox/NICE/identity-hostedpages/custom-pages/login/src/util/isIE8.js": {"path":"/Users/alessiofimognari/sandbox/NICE/identity-hostedpages/custom-pages/login/src/util/isIE8.js","statementMap":{"0":{"start":{"line":1,"column":21},"end":{"line":14,"column":1}},"1":{"start":{"line":2,"column":2},"end":{"line":12,"column":3}},"2":{"start":{"line":5,"column":6},"end":{"line":6,"column":51}},"3":{"start":{"line":8,"column":4},"end":{"line":10,"column":5}},"4":{"start":{"line":9,"column":6},"end":{"line":9,"column":17}},"5":{"start":{"line":11,"column":4},"end":{"line":11,"column":16}},"6":{"start":{"line":13,"column":2},"end":{"line":13,"column":14}}},"fnMap":{"0":{"name":"(anonymous_0)","decl":{"start":{"line":1,"column":21},"end":{"line":1,"column":22}},"loc":{"start":{"line":1,"column":27},"end":{"line":14,"column":1}},"line":1}},"branchMap":{"0":{"loc":{"start":{"line":2,"column":2},"end":{"line":12,"column":3}},"type":"if","locations":[{"start":{"line":2,"column":2},"end":{"line":12,"column":3}},{"start":{"line":2,"column":2},"end":{"line":12,"column":3}}],"line":2},"1":{"loc":{"start":{"line":5,"column":6},"end":{"line":6,"column":51}},"type":"binary-expr","locations":[{"start":{"line":5,"column":6},"end":{"line":5,"column":51}},{"start":{"line":6,"column":6},"end":{"line":6,"column":51}}],"line":5},"2":{"loc":{"start":{"line":8,"column":4},"end":{"line":10,"column":5}},"type":"if","locations":[{"start":{"line":8,"column":4},"end":{"line":10,"column":5}},{"start":{"line":8,"column":4},"end":{"line":10,"column":5}}],"line":8}},"s":{"0":13,"1":1,"2":0,"3":0,"4":0,"5":0,"6":1},"f":{"0":1},"b":{"0":[0,1],"1":[0,0],"2":[0,0]},"_coverageSchema":"332fd63041d2c1bcb487cc26dd0d5f7d97098a6c","hash":"4f80fd40e6cfaff3ca0f4066bd93316712c25e5f"}
,"/Users/alessiofimognari/sandbox/NICE/identity-hostedpages/custom-pages/login/src/util/toggleNavigation.js": {"path":"/Users/alessiofimognari/sandbox/NICE/identity-hostedpages/custom-pages/login/src/util/toggleNavigation.js","statementMap":{"0":{"start":{"line":1,"column":23},"end":{"line":7,"column":4}},"1":{"start":{"line":2,"column":2},"end":{"line":7,"column":4}},"2":{"start":{"line":3,"column":4},"end":{"line":3,"column":80}},"3":{"start":{"line":4,"column":4},"end":{"line":6,"column":45}},"4":{"start":{"line":9,"column":23},"end":{"line":19,"column":4}},"5":{"start":{"line":10,"column":2},"end":{"line":19,"column":4}},"6":{"start":{"line":11,"column":4},"end":{"line":11,"column":66}},"7":{"start":{"line":12,"column":4},"end":{"line":18,"column":5}},"8":{"start":{"line":13,"column":6},"end":{"line":15,"column":47}},"9":{"start":{"line":17,"column":6},"end":{"line":17,"column":76}}},"fnMap":{"0":{"name":"(anonymous_0)","decl":{"start":{"line":1,"column":23},"end":{"line":1,"column":24}},"loc":{"start":{"line":2,"column":2},"end":{"line":7,"column":4}},"line":2},"1":{"name":"(anonymous_1)","decl":{"start":{"line":2,"column":13},"end":{"line":2,"column":14}},"loc":{"start":{"line":2,"column":19},"end":{"line":7,"column":3}},"line":2},"2":{"name":"(anonymous_2)","decl":{"start":{"line":9,"column":23},"end":{"line":9,"column":24}},"loc":{"start":{"line":10,"column":2},"end":{"line":19,"column":4}},"line":10},"3":{"name":"(anonymous_3)","decl":{"start":{"line":10,"column":13},"end":{"line":10,"column":14}},"loc":{"start":{"line":10,"column":19},"end":{"line":19,"column":3}},"line":10}},"branchMap":{"0":{"loc":{"start":{"line":12,"column":4},"end":{"line":18,"column":5}},"type":"if","locations":[{"start":{"line":12,"column":4},"end":{"line":18,"column":5}},{"start":{"line":12,"column":4},"end":{"line":18,"column":5}}],"line":12}},"s":{"0":12,"1":22,"2":1,"3":1,"4":12,"5":20,"6":1,"7":1,"8":0,"9":1},"f":{"0":22,"1":1,"2":20,"3":1},"b":{"0":[0,1]},"_coverageSchema":"332fd63041d2c1bcb487cc26dd0d5f7d97098a6c","hash":"a39cd64297f6fee6bba51d286f3fa94628de513c"}
,"/Users/alessiofimognari/sandbox/NICE/identity-hostedpages/custom-pages/login/src/util/validateFields.js": {"path":"/Users/alessiofimognari/sandbox/NICE/identity-hostedpages/custom-pages/login/src/util/validateFields.js","statementMap":{"0":{"start":{"line":1,"column":30},"end":{"line":26,"column":2}},"1":{"start":{"line":9,"column":7},"end":{"line":26,"column":1}},"2":{"start":{"line":11,"column":23},"end":{"line":11,"column":37}},"3":{"start":{"line":12,"column":4},"end":{"line":12,"column":57}},"4":{"start":{"line":14,"column":22},"end":{"line":14,"column":99}},"5":{"start":{"line":17,"column":26},"end":{"line":17,"column":153}},"6":{"start":{"line":18,"column":4},"end":{"line":18,"column":52}},"7":{"start":{"line":21,"column":4},"end":{"line":22,"column":65}},"8":{"start":{"line":23,"column":14},"end":{"line":23,"column":39}},"9":{"start":{"line":24,"column":17},"end":{"line":24,"column":48}},"10":{"start":{"line":25,"column":15},"end":{"line":25,"column":61}}},"fnMap":{"0":{"name":"(anonymous_0)","decl":{"start":{"line":1,"column":30},"end":{"line":1,"column":31}},"loc":{"start":{"line":9,"column":7},"end":{"line":26,"column":1}},"line":9},"1":{"name":"(anonymous_1)","decl":{"start":{"line":10,"column":9},"end":{"line":10,"column":10}},"loc":{"start":{"line":10,"column":15},"end":{"line":13,"column":3}},"line":10},"2":{"name":"(anonymous_2)","decl":{"start":{"line":14,"column":16},"end":{"line":14,"column":17}},"loc":{"start":{"line":14,"column":22},"end":{"line":14,"column":99}},"line":14},"3":{"name":"(anonymous_3)","decl":{"start":{"line":15,"column":12},"end":{"line":15,"column":13}},"loc":{"start":{"line":15,"column":18},"end":{"line":19,"column":3}},"line":15},"4":{"name":"(anonymous_4)","decl":{"start":{"line":20,"column":19},"end":{"line":20,"column":20}},"loc":{"start":{"line":21,"column":4},"end":{"line":22,"column":65}},"line":21},"5":{"name":"(anonymous_5)","decl":{"start":{"line":23,"column":8},"end":{"line":23,"column":9}},"loc":{"start":{"line":23,"column":14},"end":{"line":23,"column":39}},"line":23},"6":{"name":"(anonymous_6)","decl":{"start":{"line":24,"column":11},"end":{"line":24,"column":12}},"loc":{"start":{"line":24,"column":17},"end":{"line":24,"column":48}},"line":24},"7":{"name":"(anonymous_7)","decl":{"start":{"line":25,"column":9},"end":{"line":25,"column":10}},"loc":{"start":{"line":25,"column":15},"end":{"line":25,"column":61}},"line":25}},"branchMap":{"0":{"loc":{"start":{"line":12,"column":11},"end":{"line":12,"column":57}},"type":"binary-expr","locations":[{"start":{"line":12,"column":11},"end":{"line":12,"column":16}},{"start":{"line":12,"column":20},"end":{"line":12,"column":57}}],"line":12},"1":{"loc":{"start":{"line":14,"column":22},"end":{"line":14,"column":99}},"type":"binary-expr","locations":[{"start":{"line":14,"column":23},"end":{"line":14,"column":28}},{"start":{"line":14,"column":32},"end":{"line":14,"column":45}},{"start":{"line":14,"column":51},"end":{"line":14,"column":63}},{"start":{"line":14,"column":67},"end":{"line":14,"column":72}},{"start":{"line":14,"column":76},"end":{"line":14,"column":98}}],"line":14},"2":{"loc":{"start":{"line":18,"column":11},"end":{"line":18,"column":52}},"type":"binary-expr","locations":[{"start":{"line":18,"column":11},"end":{"line":18,"column":19}},{"start":{"line":18,"column":23},"end":{"line":18,"column":52}}],"line":18},"3":{"loc":{"start":{"line":21,"column":4},"end":{"line":22,"column":65}},"type":"binary-expr","locations":[{"start":{"line":21,"column":5},"end":{"line":21,"column":13}},{"start":{"line":21,"column":17},"end":{"line":21,"column":33}},{"start":{"line":22,"column":5},"end":{"line":22,"column":13}},{"start":{"line":22,"column":17},"end":{"line":22,"column":32}},{"start":{"line":22,"column":36},"end":{"line":22,"column":64}}],"line":21},"4":{"loc":{"start":{"line":23,"column":14},"end":{"line":23,"column":39}},"type":"binary-expr","locations":[{"start":{"line":23,"column":14},"end":{"line":23,"column":18}},{"start":{"line":23,"column":22},"end":{"line":23,"column":39}}],"line":23},"5":{"loc":{"start":{"line":24,"column":17},"end":{"line":24,"column":48}},"type":"binary-expr","locations":[{"start":{"line":24,"column":17},"end":{"line":24,"column":24}},{"start":{"line":24,"column":28},"end":{"line":24,"column":48}}],"line":24},"6":{"loc":{"start":{"line":25,"column":15},"end":{"line":25,"column":61}},"type":"binary-expr","locations":[{"start":{"line":25,"column":15},"end":{"line":25,"column":23}},{"start":{"line":25,"column":27},"end":{"line":25,"column":32}},{"start":{"line":25,"column":36},"end":{"line":25,"column":40}},{"start":{"line":25,"column":44},"end":{"line":25,"column":51}},{"start":{"line":25,"column":55},"end":{"line":25,"column":61}}],"line":25}},"s":{"0":12,"1":23,"2":4,"3":4,"4":5,"5":8,"6":8,"7":6,"8":3,"9":3,"10":1},"f":{"0":23,"1":4,"2":5,"3":8,"4":6,"5":3,"6":3,"7":1},"b":{"0":[4,3],"1":[5,3,4,3,2],"2":[8,7],"3":[6,4,5,3,3],"4":[3,3],"5":[3,3],"6":[1,1,1,1,1]},"_coverageSchema":"332fd63041d2c1bcb487cc26dd0d5f7d97098a6c","hash":"e2ce39092b2b83965b89a3d7b19e3bab30a83abe"}
}
