{"C:\\_src\\identity-hostedpages\\custom-pages\\login\\src\\components\\Header\\Header.js": {"path":"C:\\_src\\identity-hostedpages\\custom-pages\\login\\src\\components\\Header\\Header.js","statementMap":{"0":{"start":{"line":5,"column":22},"end":{"line":10,"column":1}},"1":{"start":{"line":6,"column":2},"end":{"line":9,"column":8}},"2":{"start":{"line":12,"column":0},"end":{"line":14,"column":1}},"3":{"start":{"line":16,"column":0},"end":{"line":18,"column":1}}},"fnMap":{"0":{"name":"(anonymous_0)","decl":{"start":{"line":5,"column":22},"end":{"line":5,"column":23}},"loc":{"start":{"line":6,"column":2},"end":{"line":9,"column":8}},"line":6}},"branchMap":{},"s":{"0":2,"1":1,"2":2,"3":2},"f":{"0":1},"b":{},"_coverageSchema":"332fd63041d2c1bcb487cc26dd0d5f7d97098a6c","hash":"17bc553b2e8153a4fd07e5e05363780b7cf48ead"}
,"C:\\_src\\identity-hostedpages\\custom-pages\\login\\src\\components\\Header\\index.js": {"path":"C:\\_src\\identity-hostedpages\\custom-pages\\login\\src\\components\\Header\\index.js","statementMap":{},"fnMap":{},"branchMap":{},"s":{},"f":{},"b":{},"_coverageSchema":"332fd63041d2c1bcb487cc26dd0d5f7d97098a6c","hash":"fd4c33829cb65657d8c05f5f364adf4ee40ae851"}
,"C:\\_src\\identity-hostedpages\\custom-pages\\login\\src\\components\\Layout\\Layout.js": {"path":"C:\\_src\\identity-hostedpages\\custom-pages\\login\\src\\components\\Layout\\Layout.js","statementMap":{"0":{"start":{"line":8,"column":26},"end":{"line":19,"column":1}},"1":{"start":{"line":9,"column":2},"end":{"line":18,"column":8}},"2":{"start":{"line":21,"column":0},"end":{"line":23,"column":1}}},"fnMap":{"0":{"name":"(anonymous_0)","decl":{"start":{"line":8,"column":26},"end":{"line":8,"column":27}},"loc":{"start":{"line":9,"column":2},"end":{"line":18,"column":8}},"line":9}},"branchMap":{},"s":{"0":1,"1":1,"2":1},"f":{"0":1},"b":{},"_coverageSchema":"332fd63041d2c1bcb487cc26dd0d5f7d97098a6c","hash":"566972ef1659b098c47ff4fa8d87c1944a00e3b9"}
,"C:\\_src\\identity-hostedpages\\custom-pages\\login\\src\\components\\Layout\\index.js": {"path":"C:\\_src\\identity-hostedpages\\custom-pages\\login\\src\\components\\Layout\\index.js","statementMap":{},"fnMap":{},"branchMap":{},"s":{},"f":{},"b":{},"_coverageSchema":"332fd63041d2c1bcb487cc26dd0d5f7d97098a6c","hash":"bcd92414c666c269a26a35aac4a443d776f4b307"}
,"C:\\_src\\identity-hostedpages\\custom-pages\\login\\src\\components\\Navigation\\Nav.js": {"path":"C:\\_src\\identity-hostedpages\\custom-pages\\login\\src\\components\\Navigation\\Nav.js","statementMap":{"0":{"start":{"line":6,"column":26},"end":{"line":37,"column":1}},"1":{"start":{"line":7,"column":19},"end":{"line":7,"column":66}},"2":{"start":{"line":8,"column":2},"end":{"line":36,"column":3}}},"fnMap":{"0":{"name":"(anonymous_0)","decl":{"start":{"line":6,"column":26},"end":{"line":6,"column":27}},"loc":{"start":{"line":6,"column":32},"end":{"line":37,"column":1}},"line":6}},"branchMap":{"0":{"loc":{"start":{"line":10,"column":7},"end":{"line":34,"column":7}},"type":"cond-expr","locations":[{"start":{"line":11,"column":8},"end":{"line":21,"column":14}},{"start":{"line":23,"column":8},"end":{"line":33,"column":14}}],"line":10}},"s":{"0":2,"1":1,"2":1},"f":{"0":1},"b":{"0":[0,1]},"_coverageSchema":"332fd63041d2c1bcb487cc26dd0d5f7d97098a6c","hash":"2bbf54b42846965d91ce1b4431a1031d5a69425a"}
,"C:\\_src\\identity-hostedpages\\custom-pages\\login\\src\\components\\Navigation\\index.js": {"path":"C:\\_src\\identity-hostedpages\\custom-pages\\login\\src\\components\\Navigation\\index.js","statementMap":{},"fnMap":{},"branchMap":{},"s":{},"f":{},"b":{},"_coverageSchema":"332fd63041d2c1bcb487cc26dd0d5f7d97098a6c","hash":"a588dde0a1d62d08b33ee91d94009743ecf31ab9"}
,"C:\\_src\\identity-hostedpages\\custom-pages\\login\\src\\containers\\AppContainer.js": {"path":"C:\\_src\\identity-hostedpages\\custom-pages\\login\\src\\containers\\AppContainer.js","statementMap":{"0":{"start":{"line":16,"column":43},"end":{"line":16,"column":53}},"1":{"start":{"line":18,"column":4},"end":{"line":22,"column":5}}},"fnMap":{"0":{"name":"(anonymous_0)","decl":{"start":{"line":15,"column":2},"end":{"line":15,"column":3}},"loc":{"start":{"line":15,"column":11},"end":{"line":23,"column":3}},"line":15}},"branchMap":{},"s":{"0":1,"1":1},"f":{"0":1},"b":{},"_coverageSchema":"332fd63041d2c1bcb487cc26dd0d5f7d97098a6c","hash":"649847184c9f16392f62eeacf869355906c3cc2d"}
,"C:\\_src\\identity-hostedpages\\custom-pages\\login\\src\\routes\\ForgotPassword\\index.js": {"path":"C:\\_src\\identity-hostedpages\\custom-pages\\login\\src\\routes\\ForgotPassword\\index.js","statementMap":{},"fnMap":{},"branchMap":{},"s":{},"f":{},"b":{},"_coverageSchema":"332fd63041d2c1bcb487cc26dd0d5f7d97098a6c","hash":"2ec72f886e7ce575aa80a074b5a9c6abbded1a8d"}
,"C:\\_src\\identity-hostedpages\\custom-pages\\login\\src\\routes\\ForgotPassword\\components\\ForgotPasswordForm.js": {"path":"C:\\_src\\identity-hostedpages\\custom-pages\\login\\src\\routes\\ForgotPassword\\components\\ForgotPasswordForm.js","statementMap":{"0":{"start":{"line":13,"column":4},"end":{"line":13,"column":16}},"1":{"start":{"line":14,"column":4},"end":{"line":14,"column":29}},"2":{"start":{"line":15,"column":4},"end":{"line":19,"column":5}},"3":{"start":{"line":22,"column":32},"end":{"line":22,"column":77}},"4":{"start":{"line":25,"column":4},"end":{"line":25,"column":29}},"5":{"start":{"line":25,"column":11},"end":{"line":25,"column":29}},"6":{"start":{"line":26,"column":4},"end":{"line":33,"column":5}},"7":{"start":{"line":27,"column":6},"end":{"line":30,"column":8}},"8":{"start":{"line":28,"column":26},"end":{"line":28,"column":36}},"9":{"start":{"line":29,"column":8},"end":{"line":29,"column":66}},"10":{"start":{"line":32,"column":6},"end":{"line":32,"column":39}},"11":{"start":{"line":37,"column":4},"end":{"line":43,"column":5}},"12":{"start":{"line":47,"column":4},"end":{"line":47,"column":13}},"13":{"start":{"line":48,"column":38},"end":{"line":48,"column":48}},"14":{"start":{"line":49,"column":4},"end":{"line":88,"column":5}}},"fnMap":{"0":{"name":"(anonymous_0)","decl":{"start":{"line":12,"column":2},"end":{"line":12,"column":3}},"loc":{"start":{"line":12,"column":21},"end":{"line":20,"column":3}},"line":12},"1":{"name":"(anonymous_1)","decl":{"start":{"line":22,"column":25},"end":{"line":22,"column":26}},"loc":{"start":{"line":22,"column":32},"end":{"line":22,"column":77}},"line":22},"2":{"name":"(anonymous_2)","decl":{"start":{"line":24,"column":19},"end":{"line":24,"column":20}},"loc":{"start":{"line":24,"column":26},"end":{"line":34,"column":3}},"line":24},"3":{"name":"(anonymous_3)","decl":{"start":{"line":27,"column":39},"end":{"line":27,"column":40}},"loc":{"start":{"line":27,"column":45},"end":{"line":30,"column":7}},"line":27},"4":{"name":"(anonymous_4)","decl":{"start":{"line":36,"column":17},"end":{"line":36,"column":18}},"loc":{"start":{"line":36,"column":50},"end":{"line":44,"column":3}},"line":36},"5":{"name":"(anonymous_5)","decl":{"start":{"line":46,"column":2},"end":{"line":46,"column":3}},"loc":{"start":{"line":46,"column":11},"end":{"line":89,"column":3}},"line":46}},"branchMap":{"0":{"loc":{"start":{"line":25,"column":4},"end":{"line":25,"column":29}},"type":"if","locations":[{"start":{"line":25,"column":4},"end":{"line":25,"column":29}},{"start":{"line":25,"column":4},"end":{"line":25,"column":29}}],"line":25},"1":{"loc":{"start":{"line":60,"column":13},"end":{"line":60,"column":57}},"type":"binary-expr","locations":[{"start":{"line":60,"column":13},"end":{"line":60,"column":18}},{"start":{"line":60,"column":22},"end":{"line":60,"column":57}}],"line":60},"2":{"loc":{"start":{"line":70,"column":13},"end":{"line":81,"column":13}},"type":"cond-expr","locations":[{"start":{"line":71,"column":14},"end":{"line":78,"column":23}},{"start":{"line":80,"column":14},"end":{"line":80,"column":26}}],"line":70}},"s":{"0":5,"1":5,"2":5,"3":0,"4":1,"5":0,"6":1,"7":1,"8":1,"9":1,"10":0,"11":0,"12":9,"13":9,"14":9},"f":{"0":5,"1":0,"2":1,"3":1,"4":0,"5":9},"b":{"0":[0,1],"1":[9,1],"2":[8,1]},"_coverageSchema":"332fd63041d2c1bcb487cc26dd0d5f7d97098a6c","hash":"c770252db15bf94195cf37fa1ab21a5b4b616afd"}
,"C:\\_src\\identity-hostedpages\\custom-pages\\login\\src\\routes\\ForgotPasswordSuccess\\ForgotPasswordSuccess.js": {"path":"C:\\_src\\identity-hostedpages\\custom-pages\\login\\src\\routes\\ForgotPasswordSuccess\\ForgotPasswordSuccess.js","statementMap":{"0":{"start":{"line":10,"column":37},"end":{"line":25,"column":1}},"1":{"start":{"line":11,"column":2},"end":{"line":11,"column":11}},"2":{"start":{"line":12,"column":2},"end":{"line":24,"column":3}}},"fnMap":{"0":{"name":"(anonymous_0)","decl":{"start":{"line":10,"column":37},"end":{"line":10,"column":38}},"loc":{"start":{"line":10,"column":43},"end":{"line":25,"column":1}},"line":10}},"branchMap":{},"s":{"0":1,"1":1,"2":1},"f":{"0":1},"b":{},"_coverageSchema":"332fd63041d2c1bcb487cc26dd0d5f7d97098a6c","hash":"c49b87e8fd39540b63a757ff337be102e80b4d2c"}
,"C:\\_src\\identity-hostedpages\\custom-pages\\login\\src\\routes\\ForgotPasswordSuccess\\index.js": {"path":"C:\\_src\\identity-hostedpages\\custom-pages\\login\\src\\routes\\ForgotPasswordSuccess\\index.js","statementMap":{},"fnMap":{},"branchMap":{},"s":{},"f":{},"b":{},"_coverageSchema":"332fd63041d2c1bcb487cc26dd0d5f7d97098a6c","hash":"b7eb124d2ece8f0b19b0a0bba4761bc6cda61c03"}
,"C:\\_src\\identity-hostedpages\\custom-pages\\login\\src\\routes\\Login\\index.js": {"path":"C:\\_src\\identity-hostedpages\\custom-pages\\login\\src\\routes\\Login\\index.js","statementMap":{},"fnMap":{},"branchMap":{},"s":{},"f":{},"b":{},"_coverageSchema":"332fd63041d2c1bcb487cc26dd0d5f7d97098a6c","hash":"e3a81bbc047388820db8068b91a07dff66e52416"}
,"C:\\_src\\identity-hostedpages\\custom-pages\\login\\src\\routes\\Login\\components\\LoginForm.js": {"path":"C:\\_src\\identity-hostedpages\\custom-pages\\login\\src\\routes\\Login\\components\\LoginForm.js","statementMap":{"0":{"start":{"line":13,"column":4},"end":{"line":13,"column":16}},"1":{"start":{"line":14,"column":4},"end":{"line":14,"column":29}},"2":{"start":{"line":15,"column":4},"end":{"line":21,"column":5}},"3":{"start":{"line":24,"column":32},"end":{"line":24,"column":77}},"4":{"start":{"line":27,"column":4},"end":{"line":27,"column":29}},"5":{"start":{"line":27,"column":11},"end":{"line":27,"column":29}},"6":{"start":{"line":28,"column":4},"end":{"line":36,"column":5}},"7":{"start":{"line":29,"column":6},"end":{"line":32,"column":8}},"8":{"start":{"line":30,"column":39},"end":{"line":30,"column":49}},"9":{"start":{"line":31,"column":8},"end":{"line":31,"column":70}},"10":{"start":{"line":35,"column":6},"end":{"line":35,"column":39}},"11":{"start":{"line":40,"column":35},"end":{"line":40,"column":45}},"12":{"start":{"line":41,"column":4},"end":{"line":41,"column":50}},"13":{"start":{"line":45,"column":4},"end":{"line":51,"column":5}},"14":{"start":{"line":55,"column":4},"end":{"line":55,"column":13}},"15":{"start":{"line":56,"column":38},"end":{"line":56,"column":48}},"16":{"start":{"line":57,"column":4},"end":{"line":91,"column":5}}},"fnMap":{"0":{"name":"(anonymous_0)","decl":{"start":{"line":12,"column":2},"end":{"line":12,"column":3}},"loc":{"start":{"line":12,"column":21},"end":{"line":22,"column":3}},"line":12},"1":{"name":"(anonymous_1)","decl":{"start":{"line":24,"column":25},"end":{"line":24,"column":26}},"loc":{"start":{"line":24,"column":32},"end":{"line":24,"column":77}},"line":24},"2":{"name":"(anonymous_2)","decl":{"start":{"line":26,"column":10},"end":{"line":26,"column":11}},"loc":{"start":{"line":26,"column":17},"end":{"line":37,"column":3}},"line":26},"3":{"name":"(anonymous_3)","decl":{"start":{"line":29,"column":39},"end":{"line":29,"column":40}},"loc":{"start":{"line":29,"column":45},"end":{"line":32,"column":7}},"line":29},"4":{"name":"(anonymous_4)","decl":{"start":{"line":39,"column":2},"end":{"line":39,"column":3}},"loc":{"start":{"line":39,"column":12},"end":{"line":42,"column":3}},"line":39},"5":{"name":"(anonymous_5)","decl":{"start":{"line":44,"column":17},"end":{"line":44,"column":18}},"loc":{"start":{"line":44,"column":50},"end":{"line":52,"column":3}},"line":44},"6":{"name":"(anonymous_6)","decl":{"start":{"line":54,"column":2},"end":{"line":54,"column":3}},"loc":{"start":{"line":54,"column":11},"end":{"line":92,"column":3}},"line":54}},"branchMap":{"0":{"loc":{"start":{"line":27,"column":4},"end":{"line":27,"column":29}},"type":"if","locations":[{"start":{"line":27,"column":4},"end":{"line":27,"column":29}},{"start":{"line":27,"column":4},"end":{"line":27,"column":29}}],"line":27},"1":{"loc":{"start":{"line":41,"column":27},"end":{"line":41,"column":47}},"type":"binary-expr","locations":[{"start":{"line":41,"column":27},"end":{"line":41,"column":35}},{"start":{"line":41,"column":39},"end":{"line":41,"column":47}}],"line":41},"2":{"loc":{"start":{"line":60,"column":11},"end":{"line":60,"column":55}},"type":"binary-expr","locations":[{"start":{"line":60,"column":11},"end":{"line":60,"column":16}},{"start":{"line":60,"column":20},"end":{"line":60,"column":55}}],"line":60},"3":{"loc":{"start":{"line":77,"column":11},"end":{"line":88,"column":11}},"type":"cond-expr","locations":[{"start":{"line":78,"column":12},"end":{"line":85,"column":21}},{"start":{"line":87,"column":12},"end":{"line":87,"column":24}}],"line":77}},"s":{"0":5,"1":5,"2":5,"3":0,"4":1,"5":0,"6":1,"7":1,"8":1,"9":1,"10":0,"11":0,"12":0,"13":0,"14":9,"15":9,"16":9},"f":{"0":5,"1":0,"2":1,"3":1,"4":0,"5":0,"6":9},"b":{"0":[0,1],"1":[0,0],"2":[9,1],"3":[8,1]},"_coverageSchema":"332fd63041d2c1bcb487cc26dd0d5f7d97098a6c","hash":"6800b6d17ed6209a63a71996b8ab797d97c44e55"}
,"C:\\_src\\identity-hostedpages\\custom-pages\\login\\src\\routes\\NotFound\\NotFound.js": {"path":"C:\\_src\\identity-hostedpages\\custom-pages\\login\\src\\routes\\NotFound\\NotFound.js","statementMap":{"0":{"start":{"line":5,"column":15},"end":{"line":8,"column":1}},"1":{"start":{"line":6,"column":2},"end":{"line":6,"column":20}},"2":{"start":{"line":7,"column":2},"end":{"line":7,"column":32}},"3":{"start":{"line":10,"column":24},"end":{"line":15,"column":1}},"4":{"start":{"line":11,"column":2},"end":{"line":14,"column":8}}},"fnMap":{"0":{"name":"(anonymous_0)","decl":{"start":{"line":5,"column":15},"end":{"line":5,"column":16}},"loc":{"start":{"line":5,"column":22},"end":{"line":8,"column":1}},"line":5},"1":{"name":"(anonymous_1)","decl":{"start":{"line":10,"column":24},"end":{"line":10,"column":25}},"loc":{"start":{"line":11,"column":2},"end":{"line":14,"column":8}},"line":11}},"branchMap":{},"s":{"0":1,"1":0,"2":0,"3":1,"4":1},"f":{"0":0,"1":1},"b":{},"_coverageSchema":"332fd63041d2c1bcb487cc26dd0d5f7d97098a6c","hash":"a63b05378b4636bb071d33cd62ebc4912b0f3091"}
,"C:\\_src\\identity-hostedpages\\custom-pages\\login\\src\\routes\\NotFound\\index.js": {"path":"C:\\_src\\identity-hostedpages\\custom-pages\\login\\src\\routes\\NotFound\\index.js","statementMap":{},"fnMap":{},"branchMap":{},"s":{},"f":{},"b":{},"_coverageSchema":"332fd63041d2c1bcb487cc26dd0d5f7d97098a6c","hash":"df03dc4938b014355a6ed2272adee030f90ae7eb"}
,"C:\\_src\\identity-hostedpages\\custom-pages\\login\\src\\routes\\Register\\index.js": {"path":"C:\\_src\\identity-hostedpages\\custom-pages\\login\\src\\routes\\Register\\index.js","statementMap":{},"fnMap":{},"branchMap":{},"s":{},"f":{},"b":{},"_coverageSchema":"332fd63041d2c1bcb487cc26dd0d5f7d97098a6c","hash":"3872883e937d1f2992623deeb688e41e59c821f8"}
,"C:\\_src\\identity-hostedpages\\custom-pages\\login\\src\\routes\\Register\\components\\RegisterForm.js": {"path":"C:\\_src\\identity-hostedpages\\custom-pages\\login\\src\\routes\\Register\\components\\RegisterForm.js","statementMap":{"0":{"start":{"line":11,"column":4},"end":{"line":11,"column":16}},"1":{"start":{"line":12,"column":4},"end":{"line":12,"column":29}},"2":{"start":{"line":13,"column":4},"end":{"line":32,"column":5}},"3":{"start":{"line":36,"column":4},"end":{"line":36,"column":37}},"4":{"start":{"line":36,"column":15},"end":{"line":36,"column":37}},"5":{"start":{"line":39,"column":8},"end":{"line":39,"column":18}},"6":{"start":{"line":40,"column":4},"end":{"line":40,"column":19}},"7":{"start":{"line":41,"column":4},"end":{"line":56,"column":5}},"8":{"start":{"line":42,"column":6},"end":{"line":48,"column":7}},"9":{"start":{"line":50,"column":6},"end":{"line":55,"column":7}},"10":{"start":{"line":60,"column":4},"end":{"line":63,"column":6}},"11":{"start":{"line":67,"column":4},"end":{"line":69,"column":6}},"12":{"start":{"line":73,"column":4},"end":{"line":76,"column":6}},"13":{"start":{"line":82,"column":8},"end":{"line":82,"column":18}},"14":{"start":{"line":83,"column":21},"end":{"line":87,"column":5}},"15":{"start":{"line":85,"column":8},"end":{"line":85,"column":48}},"16":{"start":{"line":88,"column":4},"end":{"line":88,"column":69}},"17":{"start":{"line":92,"column":18},"end":{"line":92,"column":44}},"18":{"start":{"line":93,"column":4},"end":{"line":103,"column":6}},"19":{"start":{"line":107,"column":4},"end":{"line":107,"column":29}},"20":{"start":{"line":107,"column":11},"end":{"line":107,"column":29}},"21":{"start":{"line":108,"column":4},"end":{"line":110,"column":6}},"22":{"start":{"line":116,"column":8},"end":{"line":116,"column":18}},"23":{"start":{"line":117,"column":4},"end":{"line":117,"column":13}},"24":{"start":{"line":118,"column":4},"end":{"line":270,"column":5}},"25":{"start":{"line":264,"column":26},"end":{"line":264,"column":42}}},"fnMap":{"0":{"name":"(anonymous_0)","decl":{"start":{"line":10,"column":2},"end":{"line":10,"column":3}},"loc":{"start":{"line":10,"column":21},"end":{"line":33,"column":3}},"line":10},"1":{"name":"(anonymous_1)","decl":{"start":{"line":35,"column":13},"end":{"line":35,"column":14}},"loc":{"start":{"line":35,"column":24},"end":{"line":57,"column":3}},"line":35},"2":{"name":"(anonymous_2)","decl":{"start":{"line":59,"column":25},"end":{"line":59,"column":26}},"loc":{"start":{"line":59,"column":36},"end":{"line":64,"column":3}},"line":59},"3":{"name":"(anonymous_3)","decl":{"start":{"line":66,"column":17},"end":{"line":66,"column":18}},"loc":{"start":{"line":66,"column":28},"end":{"line":70,"column":3}},"line":66},"4":{"name":"(anonymous_4)","decl":{"start":{"line":72,"column":15},"end":{"line":72,"column":16}},"loc":{"start":{"line":72,"column":26},"end":{"line":77,"column":3}},"line":72},"5":{"name":"(anonymous_5)","decl":{"start":{"line":79,"column":2},"end":{"line":79,"column":3}},"loc":{"start":{"line":79,"column":29},"end":{"line":89,"column":3}},"line":79},"6":{"name":"(anonymous_6)","decl":{"start":{"line":84,"column":6},"end":{"line":84,"column":7}},"loc":{"start":{"line":85,"column":8},"end":{"line":85,"column":48}},"line":85},"7":{"name":"(anonymous_7)","decl":{"start":{"line":91,"column":13},"end":{"line":91,"column":14}},"loc":{"start":{"line":91,"column":19},"end":{"line":104,"column":3}},"line":91},"8":{"name":"(anonymous_8)","decl":{"start":{"line":106,"column":14},"end":{"line":106,"column":15}},"loc":{"start":{"line":106,"column":21},"end":{"line":111,"column":3}},"line":106},"9":{"name":"(anonymous_9)","decl":{"start":{"line":113,"column":2},"end":{"line":113,"column":3}},"loc":{"start":{"line":113,"column":11},"end":{"line":271,"column":3}},"line":113},"10":{"name":"(anonymous_10)","decl":{"start":{"line":264,"column":21},"end":{"line":264,"column":22}},"loc":{"start":{"line":264,"column":26},"end":{"line":264,"column":42}},"line":264}},"branchMap":{"0":{"loc":{"start":{"line":36,"column":4},"end":{"line":36,"column":37}},"type":"if","locations":[{"start":{"line":36,"column":4},"end":{"line":36,"column":37}},{"start":{"line":36,"column":4},"end":{"line":36,"column":37}}],"line":36},"1":{"loc":{"start":{"line":41,"column":4},"end":{"line":56,"column":5}},"type":"if","locations":[{"start":{"line":41,"column":4},"end":{"line":56,"column":5}},{"start":{"line":41,"column":4},"end":{"line":56,"column":5}}],"line":41},"2":{"loc":{"start":{"line":85,"column":8},"end":{"line":85,"column":48}},"type":"binary-expr","locations":[{"start":{"line":85,"column":8},"end":{"line":85,"column":21}},{"start":{"line":85,"column":25},"end":{"line":85,"column":48}}],"line":85},"3":{"loc":{"start":{"line":88,"column":11},"end":{"line":88,"column":69}},"type":"binary-expr","locations":[{"start":{"line":88,"column":11},"end":{"line":88,"column":16}},{"start":{"line":88,"column":20},"end":{"line":88,"column":28}},{"start":{"line":88,"column":32},"end":{"line":88,"column":36}},{"start":{"line":88,"column":40},"end":{"line":88,"column":47}},{"start":{"line":88,"column":51},"end":{"line":88,"column":56}},{"start":{"line":88,"column":60},"end":{"line":88,"column":69}}],"line":88},"4":{"loc":{"start":{"line":107,"column":4},"end":{"line":107,"column":29}},"type":"if","locations":[{"start":{"line":107,"column":4},"end":{"line":107,"column":29}},{"start":{"line":107,"column":4},"end":{"line":107,"column":29}}],"line":107},"5":{"loc":{"start":{"line":125,"column":13},"end":{"line":141,"column":13}},"type":"binary-expr","locations":[{"start":{"line":125,"column":13},"end":{"line":125,"column":22}},{"start":{"line":126,"column":14},"end":{"line":140,"column":22}}],"line":125},"6":{"loc":{"start":{"line":227,"column":13},"end":{"line":232,"column":20}},"type":"cond-expr","locations":[{"start":{"line":228,"column":14},"end":{"line":231,"column":22}},{"start":{"line":232,"column":16},"end":{"line":232,"column":20}}],"line":227}},"s":{"0":5,"1":5,"2":5,"3":1,"4":0,"5":1,"6":1,"7":1,"8":1,"9":0,"10":0,"11":0,"12":0,"13":1,"14":1,"15":7,"16":1,"17":1,"18":1,"19":0,"20":0,"21":0,"22":9,"23":9,"24":9,"25":0},"f":{"0":5,"1":1,"2":0,"3":0,"4":0,"5":1,"6":7,"7":1,"8":0,"9":9,"10":0},"b":{"0":[0,1],"1":[1,0],"2":[7,7],"3":[1,1,1,1,1,1],"4":[0,0],"5":[9,0],"6":[0,9]},"_coverageSchema":"332fd63041d2c1bcb487cc26dd0d5f7d97098a6c","hash":"f06dc0e87687bff006529a264971be21c75bf8db"}
,"C:\\_src\\identity-hostedpages\\custom-pages\\login\\src\\routes\\RegisterSuccess\\RegisterSuccess.js": {"path":"C:\\_src\\identity-hostedpages\\custom-pages\\login\\src\\routes\\RegisterSuccess\\RegisterSuccess.js","statementMap":{"0":{"start":{"line":10,"column":31},"end":{"line":28,"column":1}},"1":{"start":{"line":11,"column":2},"end":{"line":11,"column":11}},"2":{"start":{"line":12,"column":2},"end":{"line":27,"column":3}}},"fnMap":{"0":{"name":"(anonymous_0)","decl":{"start":{"line":10,"column":31},"end":{"line":10,"column":32}},"loc":{"start":{"line":10,"column":37},"end":{"line":28,"column":1}},"line":10}},"branchMap":{},"s":{"0":1,"1":1,"2":1},"f":{"0":1},"b":{},"_coverageSchema":"332fd63041d2c1bcb487cc26dd0d5f7d97098a6c","hash":"f323b6452d15c50e5cee8ca3178a01b8dcc66eda"}
,"C:\\_src\\identity-hostedpages\\custom-pages\\login\\src\\routes\\RegisterSuccess\\index.js": {"path":"C:\\_src\\identity-hostedpages\\custom-pages\\login\\src\\routes\\RegisterSuccess\\index.js","statementMap":{},"fnMap":{},"branchMap":{},"s":{},"f":{},"b":{},"_coverageSchema":"332fd63041d2c1bcb487cc26dd0d5f7d97098a6c","hash":"0b5c75364ec1b35385d327691d153b982153daed"}
,"C:\\_src\\identity-hostedpages\\custom-pages\\login\\src\\routes\\ResetPassword\\index.js": {"path":"C:\\_src\\identity-hostedpages\\custom-pages\\login\\src\\routes\\ResetPassword\\index.js","statementMap":{},"fnMap":{},"branchMap":{},"s":{},"f":{},"b":{},"_coverageSchema":"332fd63041d2c1bcb487cc26dd0d5f7d97098a6c","hash":"2482e4118ece756de9c0be7b94480f6d1a0de6bb"}
,"C:\\_src\\identity-hostedpages\\custom-pages\\login\\src\\routes\\ResetPassword\\components\\ResetPasswordForm.js": {"path":"C:\\_src\\identity-hostedpages\\custom-pages\\login\\src\\routes\\ResetPassword\\components\\ResetPasswordForm.js","statementMap":{"0":{"start":{"line":11,"column":4},"end":{"line":11,"column":16}},"1":{"start":{"line":12,"column":4},"end":{"line":12,"column":29}},"2":{"start":{"line":13,"column":4},"end":{"line":22,"column":5}},"3":{"start":{"line":26,"column":4},"end":{"line":26,"column":37}},"4":{"start":{"line":26,"column":15},"end":{"line":26,"column":37}},"5":{"start":{"line":27,"column":25},"end":{"line":27,"column":35}},"6":{"start":{"line":28,"column":4},"end":{"line":28,"column":19}},"7":{"start":{"line":29,"column":4},"end":{"line":36,"column":5}},"8":{"start":{"line":30,"column":6},"end":{"line":30,"column":39}},"9":{"start":{"line":32,"column":6},"end":{"line":35,"column":8}},"10":{"start":{"line":33,"column":19},"end":{"line":33,"column":60}},"11":{"start":{"line":34,"column":8},"end":{"line":34,"column":54}},"12":{"start":{"line":34,"column":16},"end":{"line":34,"column":54}},"13":{"start":{"line":40,"column":4},"end":{"line":43,"column":6}},"14":{"start":{"line":47,"column":4},"end":{"line":49,"column":6}},"15":{"start":{"line":53,"column":4},"end":{"line":56,"column":6}},"16":{"start":{"line":60,"column":50},"end":{"line":60,"column":60}},"17":{"start":{"line":61,"column":21},"end":{"line":65,"column":5}},"18":{"start":{"line":63,"column":8},"end":{"line":63,"column":48}},"19":{"start":{"line":66,"column":4},"end":{"line":66,"column":51}},"20":{"start":{"line":70,"column":18},"end":{"line":70,"column":44}},"21":{"start":{"line":71,"column":4},"end":{"line":76,"column":6}},"22":{"start":{"line":80,"column":4},"end":{"line":80,"column":29}},"23":{"start":{"line":80,"column":11},"end":{"line":80,"column":29}},"24":{"start":{"line":81,"column":4},"end":{"line":83,"column":6}},"25":{"start":{"line":87,"column":34},"end":{"line":87,"column":44}},"26":{"start":{"line":88,"column":4},"end":{"line":88,"column":13}},"27":{"start":{"line":89,"column":4},"end":{"line":149,"column":5}},"28":{"start":{"line":142,"column":28},"end":{"line":142,"column":49}}},"fnMap":{"0":{"name":"(anonymous_0)","decl":{"start":{"line":10,"column":2},"end":{"line":10,"column":3}},"loc":{"start":{"line":10,"column":21},"end":{"line":23,"column":3}},"line":10},"1":{"name":"(anonymous_1)","decl":{"start":{"line":25,"column":18},"end":{"line":25,"column":19}},"loc":{"start":{"line":25,"column":29},"end":{"line":37,"column":3}},"line":25},"2":{"name":"(anonymous_2)","decl":{"start":{"line":32,"column":41},"end":{"line":32,"column":42}},"loc":{"start":{"line":32,"column":47},"end":{"line":35,"column":7}},"line":32},"3":{"name":"(anonymous_3)","decl":{"start":{"line":39,"column":25},"end":{"line":39,"column":26}},"loc":{"start":{"line":39,"column":36},"end":{"line":44,"column":3}},"line":39},"4":{"name":"(anonymous_4)","decl":{"start":{"line":46,"column":17},"end":{"line":46,"column":18}},"loc":{"start":{"line":46,"column":28},"end":{"line":50,"column":3}},"line":46},"5":{"name":"(anonymous_5)","decl":{"start":{"line":52,"column":15},"end":{"line":52,"column":16}},"loc":{"start":{"line":52,"column":26},"end":{"line":57,"column":3}},"line":52},"6":{"name":"(anonymous_6)","decl":{"start":{"line":59,"column":2},"end":{"line":59,"column":3}},"loc":{"start":{"line":59,"column":29},"end":{"line":67,"column":3}},"line":59},"7":{"name":"(anonymous_7)","decl":{"start":{"line":62,"column":6},"end":{"line":62,"column":7}},"loc":{"start":{"line":63,"column":8},"end":{"line":63,"column":48}},"line":63},"8":{"name":"(anonymous_8)","decl":{"start":{"line":69,"column":13},"end":{"line":69,"column":14}},"loc":{"start":{"line":69,"column":19},"end":{"line":77,"column":3}},"line":69},"9":{"name":"(anonymous_9)","decl":{"start":{"line":79,"column":14},"end":{"line":79,"column":15}},"loc":{"start":{"line":79,"column":21},"end":{"line":84,"column":3}},"line":79},"10":{"name":"(anonymous_10)","decl":{"start":{"line":86,"column":2},"end":{"line":86,"column":3}},"loc":{"start":{"line":86,"column":11},"end":{"line":150,"column":3}},"line":86},"11":{"name":"(anonymous_11)","decl":{"start":{"line":142,"column":23},"end":{"line":142,"column":24}},"loc":{"start":{"line":142,"column":28},"end":{"line":142,"column":49}},"line":142}},"branchMap":{"0":{"loc":{"start":{"line":26,"column":4},"end":{"line":26,"column":37}},"type":"if","locations":[{"start":{"line":26,"column":4},"end":{"line":26,"column":37}},{"start":{"line":26,"column":4},"end":{"line":26,"column":37}}],"line":26},"1":{"loc":{"start":{"line":29,"column":4},"end":{"line":36,"column":5}},"type":"if","locations":[{"start":{"line":29,"column":4},"end":{"line":36,"column":5}},{"start":{"line":29,"column":4},"end":{"line":36,"column":5}}],"line":29},"2":{"loc":{"start":{"line":34,"column":8},"end":{"line":34,"column":54}},"type":"if","locations":[{"start":{"line":34,"column":8},"end":{"line":34,"column":54}},{"start":{"line":34,"column":8},"end":{"line":34,"column":54}}],"line":34},"3":{"loc":{"start":{"line":63,"column":8},"end":{"line":63,"column":48}},"type":"binary-expr","locations":[{"start":{"line":63,"column":8},"end":{"line":63,"column":21}},{"start":{"line":63,"column":25},"end":{"line":63,"column":48}}],"line":63},"4":{"loc":{"start":{"line":66,"column":11},"end":{"line":66,"column":51}},"type":"binary-expr","locations":[{"start":{"line":66,"column":11},"end":{"line":66,"column":26}},{"start":{"line":66,"column":30},"end":{"line":66,"column":38}},{"start":{"line":66,"column":42},"end":{"line":66,"column":51}}],"line":66},"5":{"loc":{"start":{"line":80,"column":4},"end":{"line":80,"column":29}},"type":"if","locations":[{"start":{"line":80,"column":4},"end":{"line":80,"column":29}},{"start":{"line":80,"column":4},"end":{"line":80,"column":29}}],"line":80},"6":{"loc":{"start":{"line":96,"column":15},"end":{"line":112,"column":15}},"type":"binary-expr","locations":[{"start":{"line":96,"column":15},"end":{"line":96,"column":24}},{"start":{"line":97,"column":16},"end":{"line":111,"column":24}}],"line":96}},"s":{"0":5,"1":5,"2":5,"3":1,"4":0,"5":1,"6":1,"7":1,"8":1,"9":0,"10":0,"11":0,"12":0,"13":0,"14":0,"15":0,"16":1,"17":1,"18":2,"19":1,"20":1,"21":1,"22":0,"23":0,"24":0,"25":9,"26":9,"27":9,"28":0},"f":{"0":5,"1":1,"2":0,"3":0,"4":0,"5":0,"6":1,"7":2,"8":1,"9":0,"10":9,"11":0},"b":{"0":[0,1],"1":[1,0],"2":[0,0],"3":[2,2],"4":[1,1,1],"5":[0,0],"6":[9,0]},"_coverageSchema":"332fd63041d2c1bcb487cc26dd0d5f7d97098a6c","hash":"4034e2f73add8e64ee9cf97720f67c97f4c77299"}
,"C:\\_src\\identity-hostedpages\\custom-pages\\login\\src\\routes\\ResetPasswordSuccess\\ResetPasswordSuccess.js": {"path":"C:\\_src\\identity-hostedpages\\custom-pages\\login\\src\\routes\\ResetPasswordSuccess\\ResetPasswordSuccess.js","statementMap":{"0":{"start":{"line":11,"column":36},"end":{"line":22,"column":1}},"1":{"start":{"line":12,"column":2},"end":{"line":12,"column":11}},"2":{"start":{"line":13,"column":2},"end":{"line":21,"column":3}}},"fnMap":{"0":{"name":"(anonymous_0)","decl":{"start":{"line":11,"column":36},"end":{"line":11,"column":37}},"loc":{"start":{"line":11,"column":42},"end":{"line":22,"column":1}},"line":11}},"branchMap":{},"s":{"0":1,"1":1,"2":1},"f":{"0":1},"b":{},"_coverageSchema":"332fd63041d2c1bcb487cc26dd0d5f7d97098a6c","hash":"39b7acfecf3d9f2a74b09e31bb2d277edfcd7bfe"}
,"C:\\_src\\identity-hostedpages\\custom-pages\\login\\src\\routes\\ResetPasswordSuccess\\index.js": {"path":"C:\\_src\\identity-hostedpages\\custom-pages\\login\\src\\routes\\ResetPasswordSuccess\\index.js","statementMap":{},"fnMap":{},"branchMap":{},"s":{},"f":{},"b":{},"_coverageSchema":"332fd63041d2c1bcb487cc26dd0d5f7d97098a6c","hash":"7c76ec87ef7cbf86c830b43260b581e8b9f7c9fb"}
,"C:\\_src\\identity-hostedpages\\custom-pages\\login\\src\\services\\AuthApi.js": {"path":"C:\\_src\\identity-hostedpages\\custom-pages\\login\\src\\services\\AuthApi.js","statementMap":{"0":{"start":{"line":8,"column":4},"end":{"line":10,"column":5}},"1":{"start":{"line":9,"column":6},"end":{"line":9,"column":24}},"2":{"start":{"line":11,"column":4},"end":{"line":11,"column":63}},"3":{"start":{"line":12,"column":4},"end":{"line":27,"column":5}},"4":{"start":{"line":28,"column":19},"end":{"line":28,"column":74}},"5":{"start":{"line":29,"column":4},"end":{"line":29,"column":45}},"6":{"start":{"line":33,"column":4},"end":{"line":49,"column":5}},"7":{"start":{"line":41,"column":8},"end":{"line":46,"column":9}},"8":{"start":{"line":42,"column":10},"end":{"line":44,"column":11}},"9":{"start":{"line":43,"column":12},"end":{"line":43,"column":75}},"10":{"start":{"line":43,"column":29},"end":{"line":43,"column":71}},"11":{"start":{"line":45,"column":10},"end":{"line":45,"column":30}},"12":{"start":{"line":47,"column":8},"end":{"line":47,"column":19}},"13":{"start":{"line":53,"column":4},"end":{"line":73,"column":5}},"14":{"start":{"line":60,"column":8},"end":{"line":69,"column":9}},"15":{"start":{"line":61,"column":10},"end":{"line":67,"column":11}},"16":{"start":{"line":62,"column":12},"end":{"line":66,"column":13}},"17":{"start":{"line":64,"column":16},"end":{"line":64,"column":79}},"18":{"start":{"line":68,"column":10},"end":{"line":68,"column":22}},"19":{"start":{"line":70,"column":8},"end":{"line":70,"column":50}},"20":{"start":{"line":71,"column":8},"end":{"line":71,"column":19}},"21":{"start":{"line":77,"column":4},"end":{"line":77,"column":34}},"22":{"start":{"line":78,"column":4},"end":{"line":110,"column":5}},"23":{"start":{"line":79,"column":19},"end":{"line":87,"column":7}},"24":{"start":{"line":89,"column":6},"end":{"line":109,"column":10}},"25":{"start":{"line":98,"column":10},"end":{"line":102,"column":11}},"26":{"start":{"line":99,"column":12},"end":{"line":99,"column":53}},"27":{"start":{"line":100,"column":17},"end":{"line":102,"column":11}},"28":{"start":{"line":101,"column":12},"end":{"line":101,"column":73}},"29":{"start":{"line":101,"column":29},"end":{"line":101,"column":69}},"30":{"start":{"line":105,"column":10},"end":{"line":107,"column":11}},"31":{"start":{"line":106,"column":12},"end":{"line":106,"column":73}},"32":{"start":{"line":106,"column":29},"end":{"line":106,"column":69}},"33":{"start":{"line":108,"column":10},"end":{"line":108,"column":19}},"34":{"start":{"line":114,"column":4},"end":{"line":136,"column":5}},"35":{"start":{"line":127,"column":8},"end":{"line":132,"column":9}},"36":{"start":{"line":128,"column":10},"end":{"line":130,"column":11}},"37":{"start":{"line":129,"column":12},"end":{"line":129,"column":27}},"38":{"start":{"line":131,"column":10},"end":{"line":131,"column":22}},"39":{"start":{"line":133,"column":8},"end":{"line":133,"column":47}},"40":{"start":{"line":134,"column":8},"end":{"line":134,"column":19}}},"fnMap":{"0":{"name":"(anonymous_0)","decl":{"start":{"line":7,"column":2},"end":{"line":7,"column":3}},"loc":{"start":{"line":7,"column":16},"end":{"line":30,"column":3}},"line":7},"1":{"name":"(anonymous_1)","decl":{"start":{"line":32,"column":2},"end":{"line":32,"column":3}},"loc":{"start":{"line":32,"column":43},"end":{"line":50,"column":3}},"line":32},"2":{"name":"(anonymous_2)","decl":{"start":{"line":40,"column":6},"end":{"line":40,"column":7}},"loc":{"start":{"line":40,"column":15},"end":{"line":48,"column":7}},"line":40},"3":{"name":"(anonymous_3)","decl":{"start":{"line":43,"column":23},"end":{"line":43,"column":24}},"loc":{"start":{"line":43,"column":29},"end":{"line":43,"column":71}},"line":43},"4":{"name":"(anonymous_4)","decl":{"start":{"line":52,"column":2},"end":{"line":52,"column":3}},"loc":{"start":{"line":52,"column":39},"end":{"line":74,"column":3}},"line":52},"5":{"name":"(anonymous_5)","decl":{"start":{"line":59,"column":6},"end":{"line":59,"column":7}},"loc":{"start":{"line":59,"column":15},"end":{"line":72,"column":7}},"line":59},"6":{"name":"(anonymous_6)","decl":{"start":{"line":63,"column":14},"end":{"line":63,"column":15}},"loc":{"start":{"line":64,"column":16},"end":{"line":64,"column":79}},"line":64},"7":{"name":"(anonymous_7)","decl":{"start":{"line":76,"column":18},"end":{"line":76,"column":19}},"loc":{"start":{"line":76,"column":47},"end":{"line":111,"column":3}},"line":76},"8":{"name":"(anonymous_8)","decl":{"start":{"line":97,"column":14},"end":{"line":97,"column":15}},"loc":{"start":{"line":97,"column":23},"end":{"line":103,"column":9}},"line":97},"9":{"name":"(anonymous_9)","decl":{"start":{"line":101,"column":23},"end":{"line":101,"column":24}},"loc":{"start":{"line":101,"column":29},"end":{"line":101,"column":69}},"line":101},"10":{"name":"(anonymous_10)","decl":{"start":{"line":104,"column":15},"end":{"line":104,"column":16}},"loc":{"start":{"line":104,"column":24},"end":{"line":109,"column":9}},"line":104},"11":{"name":"(anonymous_11)","decl":{"start":{"line":106,"column":23},"end":{"line":106,"column":24}},"loc":{"start":{"line":106,"column":29},"end":{"line":106,"column":69}},"line":106},"12":{"name":"(anonymous_12)","decl":{"start":{"line":113,"column":2},"end":{"line":113,"column":3}},"loc":{"start":{"line":113,"column":74},"end":{"line":137,"column":3}},"line":113},"13":{"name":"(anonymous_13)","decl":{"start":{"line":126,"column":6},"end":{"line":126,"column":7}},"loc":{"start":{"line":126,"column":15},"end":{"line":135,"column":7}},"line":126}},"branchMap":{"0":{"loc":{"start":{"line":8,"column":4},"end":{"line":10,"column":5}},"type":"if","locations":[{"start":{"line":8,"column":4},"end":{"line":10,"column":5}},{"start":{"line":8,"column":4},"end":{"line":10,"column":5}}],"line":8},"1":{"loc":{"start":{"line":11,"column":32},"end":{"line":11,"column":63}},"type":"binary-expr","locations":[{"start":{"line":11,"column":32},"end":{"line":11,"column":57}},{"start":{"line":11,"column":61},"end":{"line":11,"column":63}}],"line":11},"2":{"loc":{"start":{"line":18,"column":20},"end":{"line":18,"column":51}},"type":"binary-expr","locations":[{"start":{"line":18,"column":20},"end":{"line":18,"column":41}},{"start":{"line":18,"column":45},"end":{"line":18,"column":51}}],"line":18},"3":{"loc":{"start":{"line":41,"column":8},"end":{"line":46,"column":9}},"type":"if","locations":[{"start":{"line":41,"column":8},"end":{"line":46,"column":9}},{"start":{"line":41,"column":8},"end":{"line":46,"column":9}}],"line":41},"4":{"loc":{"start":{"line":42,"column":10},"end":{"line":44,"column":11}},"type":"if","locations":[{"start":{"line":42,"column":10},"end":{"line":44,"column":11}},{"start":{"line":42,"column":10},"end":{"line":44,"column":11}}],"line":42},"5":{"loc":{"start":{"line":60,"column":8},"end":{"line":69,"column":9}},"type":"if","locations":[{"start":{"line":60,"column":8},"end":{"line":69,"column":9}},{"start":{"line":60,"column":8},"end":{"line":69,"column":9}}],"line":60},"6":{"loc":{"start":{"line":61,"column":10},"end":{"line":67,"column":11}},"type":"if","locations":[{"start":{"line":61,"column":10},"end":{"line":67,"column":11}},{"start":{"line":61,"column":10},"end":{"line":67,"column":11}}],"line":61},"7":{"loc":{"start":{"line":78,"column":4},"end":{"line":110,"column":5}},"type":"if","locations":[{"start":{"line":78,"column":4},"end":{"line":110,"column":5}},{"start":{"line":78,"column":4},"end":{"line":110,"column":5}}],"line":78},"8":{"loc":{"start":{"line":98,"column":10},"end":{"line":102,"column":11}},"type":"if","locations":[{"start":{"line":98,"column":10},"end":{"line":102,"column":11}},{"start":{"line":98,"column":10},"end":{"line":102,"column":11}}],"line":98},"9":{"loc":{"start":{"line":100,"column":17},"end":{"line":102,"column":11}},"type":"if","locations":[{"start":{"line":100,"column":17},"end":{"line":102,"column":11}},{"start":{"line":100,"column":17},"end":{"line":102,"column":11}}],"line":100},"10":{"loc":{"start":{"line":105,"column":10},"end":{"line":107,"column":11}},"type":"if","locations":[{"start":{"line":105,"column":10},"end":{"line":107,"column":11}},{"start":{"line":105,"column":10},"end":{"line":107,"column":11}}],"line":105},"11":{"loc":{"start":{"line":127,"column":8},"end":{"line":132,"column":9}},"type":"if","locations":[{"start":{"line":127,"column":8},"end":{"line":132,"column":9}},{"start":{"line":127,"column":8},"end":{"line":132,"column":9}}],"line":127},"12":{"loc":{"start":{"line":128,"column":10},"end":{"line":130,"column":11}},"type":"if","locations":[{"start":{"line":128,"column":10},"end":{"line":130,"column":11}},{"start":{"line":128,"column":10},"end":{"line":130,"column":11}}],"line":128}},"s":{"0":20,"1":4,"2":20,"3":20,"4":20,"5":20,"6":0,"7":0,"8":0,"9":0,"10":0,"11":0,"12":0,"13":0,"14":0,"15":0,"16":0,"17":0,"18":0,"19":0,"20":0,"21":0,"22":0,"23":0,"24":0,"25":0,"26":0,"27":0,"28":0,"29":0,"30":0,"31":0,"32":0,"33":0,"34":0,"35":0,"36":0,"37":0,"38":0,"39":0,"40":0},"f":{"0":20,"1":0,"2":0,"3":0,"4":0,"5":0,"6":0,"7":0,"8":0,"9":0,"10":0,"11":0,"12":0,"13":0},"b":{"0":[4,16],"1":[20,4],"2":[20,0],"3":[0,0],"4":[0,0],"5":[0,0],"6":[0,0],"7":[0,0],"8":[0,0],"9":[0,0],"10":[0,0],"11":[0,0],"12":[0,0]},"_coverageSchema":"332fd63041d2c1bcb487cc26dd0d5f7d97098a6c","hash":"1d72ce945a753abd48208f83b6514f3a33d7b50a"}
,"C:\\_src\\identity-hostedpages\\custom-pages\\login\\src\\services\\constants.js": {"path":"C:\\_src\\identity-hostedpages\\custom-pages\\login\\src\\services\\constants.js","statementMap":{"0":{"start":{"line":11,"column":20},"end":{"line":17,"column":2}}},"fnMap":{},"branchMap":{},"s":{"0":5},"f":{},"b":{},"_coverageSchema":"332fd63041d2c1bcb487cc26dd0d5f7d97098a6c","hash":"516e4e9657dea50a80591b69a660e0f9ac5c1fe1"}
,"C:\\_src\\identity-hostedpages\\custom-pages\\login\\src\\util\\getFirstErrorElement.js": {"path":"C:\\_src\\identity-hostedpages\\custom-pages\\login\\src\\util\\getFirstErrorElement.js","statementMap":{"0":{"start":{"line":1,"column":36},"end":{"line":10,"column":1}},"1":{"start":{"line":2,"column":2},"end":{"line":8,"column":3}},"2":{"start":{"line":3,"column":38},"end":{"line":3,"column":54}},"3":{"start":{"line":3,"column":44},"end":{"line":3,"column":54}},"4":{"start":{"line":4,"column":29},"end":{"line":4,"column":82}},"5":{"start":{"line":5,"column":24},"end":{"line":5,"column":96}},"6":{"start":{"line":6,"column":18},"end":{"line":6,"column":68}},"7":{"start":{"line":7,"column":4},"end":{"line":7,"column":50}},"8":{"start":{"line":9,"column":2},"end":{"line":9,"column":13}}},"fnMap":{"0":{"name":"(anonymous_0)","decl":{"start":{"line":1,"column":36},"end":{"line":1,"column":37}},"loc":{"start":{"line":1,"column":48},"end":{"line":10,"column":1}},"line":1},"1":{"name":"(anonymous_1)","decl":{"start":{"line":3,"column":38},"end":{"line":3,"column":39}},"loc":{"start":{"line":3,"column":44},"end":{"line":3,"column":54}},"line":3}},"branchMap":{"0":{"loc":{"start":{"line":2,"column":2},"end":{"line":8,"column":3}},"type":"if","locations":[{"start":{"line":2,"column":2},"end":{"line":8,"column":3}},{"start":{"line":2,"column":2},"end":{"line":8,"column":3}}],"line":2},"1":{"loc":{"start":{"line":5,"column":24},"end":{"line":5,"column":96}},"type":"cond-expr","locations":[{"start":{"line":5,"column":70},"end":{"line":5,"column":89}},{"start":{"line":5,"column":92},"end":{"line":5,"column":96}}],"line":5},"2":{"loc":{"start":{"line":5,"column":24},"end":{"line":5,"column":67}},"type":"binary-expr","locations":[{"start":{"line":5,"column":24},"end":{"line":5,"column":40}},{"start":{"line":5,"column":44},"end":{"line":5,"column":67}}],"line":5},"3":{"loc":{"start":{"line":6,"column":45},"end":{"line":6,"column":67}},"type":"binary-expr","locations":[{"start":{"line":6,"column":45},"end":{"line":6,"column":56}},{"start":{"line":6,"column":60},"end":{"line":6,"column":67}}],"line":6},"4":{"loc":{"start":{"line":7,"column":11},"end":{"line":7,"column":50}},"type":"cond-expr","locations":[{"start":{"line":7,"column":35},"end":{"line":7,"column":43}},{"start":{"line":7,"column":46},"end":{"line":7,"column":50}}],"line":7},"5":{"loc":{"start":{"line":7,"column":11},"end":{"line":7,"column":32}},"type":"binary-expr","locations":[{"start":{"line":7,"column":11},"end":{"line":7,"column":16}},{"start":{"line":7,"column":20},"end":{"line":7,"column":32}}],"line":7}},"s":{"0":10,"1":3,"2":2,"3":1,"4":2,"5":2,"6":2,"7":2,"8":1},"f":{"0":3,"1":1},"b":{"0":[2,1],"1":[1,1],"2":[2,2],"3":[2,1],"4":[0,2],"5":[2,0]},"_coverageSchema":"332fd63041d2c1bcb487cc26dd0d5f7d97098a6c","hash":"115c83f8058b8437f9e9dc67d4302bc4453526c5"}
,"C:\\_src\\identity-hostedpages\\custom-pages\\login\\src\\util\\index.js": {"path":"C:\\_src\\identity-hostedpages\\custom-pages\\login\\src\\util\\index.js","statementMap":{},"fnMap":{},"branchMap":{},"s":{},"f":{},"b":{},"_coverageSchema":"332fd63041d2c1bcb487cc26dd0d5f7d97098a6c","hash":"1fa5f8173f31a1a7ddc9f156bb389d5d6716e8f3"}
,"C:\\_src\\identity-hostedpages\\custom-pages\\login\\src\\util\\toggleNavigation.js": {"path":"C:\\_src\\identity-hostedpages\\custom-pages\\login\\src\\util\\toggleNavigation.js","statementMap":{"0":{"start":{"line":1,"column":23},"end":{"line":5,"column":4}},"1":{"start":{"line":2,"column":2},"end":{"line":5,"column":4}},"2":{"start":{"line":3,"column":4},"end":{"line":3,"column":80}},"3":{"start":{"line":4,"column":4},"end":{"line":4,"column":88}},"4":{"start":{"line":7,"column":23},"end":{"line":11,"column":4}},"5":{"start":{"line":8,"column":2},"end":{"line":11,"column":4}},"6":{"start":{"line":9,"column":4},"end":{"line":9,"column":66}},"7":{"start":{"line":10,"column":4},"end":{"line":10,"column":74}}},"fnMap":{"0":{"name":"(anonymous_0)","decl":{"start":{"line":1,"column":23},"end":{"line":1,"column":24}},"loc":{"start":{"line":2,"column":2},"end":{"line":5,"column":4}},"line":2},"1":{"name":"(anonymous_1)","decl":{"start":{"line":2,"column":13},"end":{"line":2,"column":14}},"loc":{"start":{"line":2,"column":19},"end":{"line":5,"column":3}},"line":2},"2":{"name":"(anonymous_2)","decl":{"start":{"line":7,"column":23},"end":{"line":7,"column":24}},"loc":{"start":{"line":8,"column":2},"end":{"line":11,"column":4}},"line":8},"3":{"name":"(anonymous_3)","decl":{"start":{"line":8,"column":13},"end":{"line":8,"column":14}},"loc":{"start":{"line":8,"column":19},"end":{"line":11,"column":3}},"line":8}},"branchMap":{},"s":{"0":10,"1":22,"2":1,"3":1,"4":10,"5":19,"6":1,"7":1},"f":{"0":22,"1":1,"2":19,"3":1},"b":{},"_coverageSchema":"332fd63041d2c1bcb487cc26dd0d5f7d97098a6c","hash":"f7f33d66774008b934dd06acf1dad90bb438a45d"}
,"C:\\_src\\identity-hostedpages\\custom-pages\\login\\src\\util\\validateFields.js": {"path":"C:\\_src\\identity-hostedpages\\custom-pages\\login\\src\\util\\validateFields.js","statementMap":{"0":{"start":{"line":1,"column":30},"end":{"line":25,"column":2}},"1":{"start":{"line":9,"column":7},"end":{"line":25,"column":1}},"2":{"start":{"line":11,"column":23},"end":{"line":11,"column":37}},"3":{"start":{"line":12,"column":4},"end":{"line":12,"column":57}},"4":{"start":{"line":14,"column":22},"end":{"line":14,"column":69}},"5":{"start":{"line":17,"column":26},"end":{"line":17,"column":153}},"6":{"start":{"line":18,"column":4},"end":{"line":18,"column":52}},"7":{"start":{"line":21,"column":4},"end":{"line":21,"column":63}},"8":{"start":{"line":22,"column":14},"end":{"line":22,"column":39}},"9":{"start":{"line":23,"column":17},"end":{"line":23,"column":48}},"10":{"start":{"line":24,"column":15},"end":{"line":24,"column":21}}},"fnMap":{"0":{"name":"(anonymous_0)","decl":{"start":{"line":1,"column":30},"end":{"line":1,"column":31}},"loc":{"start":{"line":9,"column":7},"end":{"line":25,"column":1}},"line":9},"1":{"name":"(anonymous_1)","decl":{"start":{"line":10,"column":9},"end":{"line":10,"column":10}},"loc":{"start":{"line":10,"column":15},"end":{"line":13,"column":3}},"line":10},"2":{"name":"(anonymous_2)","decl":{"start":{"line":14,"column":16},"end":{"line":14,"column":17}},"loc":{"start":{"line":14,"column":22},"end":{"line":14,"column":69}},"line":14},"3":{"name":"(anonymous_3)","decl":{"start":{"line":15,"column":12},"end":{"line":15,"column":13}},"loc":{"start":{"line":15,"column":18},"end":{"line":19,"column":3}},"line":15},"4":{"name":"(anonymous_4)","decl":{"start":{"line":20,"column":19},"end":{"line":20,"column":20}},"loc":{"start":{"line":21,"column":4},"end":{"line":21,"column":63}},"line":21},"5":{"name":"(anonymous_5)","decl":{"start":{"line":22,"column":8},"end":{"line":22,"column":9}},"loc":{"start":{"line":22,"column":14},"end":{"line":22,"column":39}},"line":22},"6":{"name":"(anonymous_6)","decl":{"start":{"line":23,"column":11},"end":{"line":23,"column":12}},"loc":{"start":{"line":23,"column":17},"end":{"line":23,"column":48}},"line":23},"7":{"name":"(anonymous_7)","decl":{"start":{"line":24,"column":9},"end":{"line":24,"column":10}},"loc":{"start":{"line":24,"column":15},"end":{"line":24,"column":21}},"line":24}},"branchMap":{"0":{"loc":{"start":{"line":12,"column":11},"end":{"line":12,"column":57}},"type":"binary-expr","locations":[{"start":{"line":12,"column":11},"end":{"line":12,"column":16}},{"start":{"line":12,"column":20},"end":{"line":12,"column":57}}],"line":12},"1":{"loc":{"start":{"line":14,"column":22},"end":{"line":14,"column":69}},"type":"binary-expr","locations":[{"start":{"line":14,"column":22},"end":{"line":14,"column":34}},{"start":{"line":14,"column":38},"end":{"line":14,"column":43}},{"start":{"line":14,"column":47},"end":{"line":14,"column":69}}],"line":14},"2":{"loc":{"start":{"line":18,"column":11},"end":{"line":18,"column":52}},"type":"binary-expr","locations":[{"start":{"line":18,"column":11},"end":{"line":18,"column":19}},{"start":{"line":18,"column":23},"end":{"line":18,"column":52}}],"line":18},"3":{"loc":{"start":{"line":21,"column":4},"end":{"line":21,"column":63}},"type":"binary-expr","locations":[{"start":{"line":21,"column":4},"end":{"line":21,"column":12}},{"start":{"line":21,"column":16},"end":{"line":21,"column":31}},{"start":{"line":21,"column":35},"end":{"line":21,"column":63}}],"line":21},"4":{"loc":{"start":{"line":22,"column":14},"end":{"line":22,"column":39}},"type":"binary-expr","locations":[{"start":{"line":22,"column":14},"end":{"line":22,"column":18}},{"start":{"line":22,"column":22},"end":{"line":22,"column":39}}],"line":22},"5":{"loc":{"start":{"line":23,"column":17},"end":{"line":23,"column":48}},"type":"binary-expr","locations":[{"start":{"line":23,"column":17},"end":{"line":23,"column":24}},{"start":{"line":23,"column":28},"end":{"line":23,"column":48}}],"line":23}},"s":{"0":10,"1":23,"2":4,"3":4,"4":5,"5":8,"6":8,"7":6,"8":3,"9":3,"10":1},"f":{"0":23,"1":4,"2":5,"3":8,"4":6,"5":3,"6":3,"7":1},"b":{"0":[4,3],"1":[5,3,2],"2":[8,7],"3":[6,4,3],"4":[3,3],"5":[3,3]},"_coverageSchema":"332fd63041d2c1bcb487cc26dd0d5f7d97098a6c","hash":"42309c120e83b3339a787f7d411082e6929b580d"}
}
