TN:
SF:/Users/alessiofimognari/sandbox/NICE/identity-hostedpages/custom-pages/login/src/components/Header/Header.js
FN:5,(anonymous_0)
FNF:1
FNH:1
FNDA:1,(anonymous_0)
DA:5,2
DA:6,1
DA:12,2
DA:16,2
LF:4
LH:4
BRF:0
BRH:0
end_of_record
TN:
SF:/Users/alessiofimognari/sandbox/NICE/identity-hostedpages/custom-pages/login/src/components/Header/index.js
FNF:0
FNH:0
LF:0
LH:0
BRF:0
BRH:0
end_of_record
TN:
SF:/Users/alessiofimognari/sandbox/NICE/identity-hostedpages/custom-pages/login/src/components/Layout/Layout.js
FN:8,(anonymous_0)
FNF:1
FNH:1
FNDA:1,(anonymous_0)
DA:8,1
DA:9,1
DA:21,1
LF:3
LH:3
BRF:0
BRH:0
end_of_record
TN:
SF:/Users/alessiofimognari/sandbox/NICE/identity-hostedpages/custom-pages/login/src/components/Layout/index.js
FNF:0
FNH:0
LF:0
LH:0
BRF:0
BRH:0
end_of_record
TN:
SF:/Users/alessiofimognari/sandbox/NICE/identity-hostedpages/custom-pages/login/src/components/Navigation/Nav.js
FN:6,(anonymous_0)
FNF:1
FNH:1
FNDA:1,(anonymous_0)
DA:6,2
DA:7,1
DA:8,1
LF:3
LH:3
BRDA:10,0,0,0
BRDA:10,0,1,1
BRF:2
BRH:1
end_of_record
TN:
SF:/Users/alessiofimognari/sandbox/NICE/identity-hostedpages/custom-pages/login/src/components/Navigation/index.js
FNF:0
FNH:0
LF:0
LH:0
BRF:0
BRH:0
end_of_record
TN:
SF:/Users/alessiofimognari/sandbox/NICE/identity-hostedpages/custom-pages/login/src/containers/AppContainer.js
FN:15,(anonymous_0)
FNF:1
FNH:1
FNDA:1,(anonymous_0)
DA:16,1
DA:18,1
LF:2
LH:2
BRF:0
BRH:0
end_of_record
TN:
SF:/Users/alessiofimognari/sandbox/NICE/identity-hostedpages/custom-pages/login/src/routes/ForgotPassword/index.js
FNF:0
FNH:0
LF:0
LH:0
BRF:0
BRH:0
end_of_record
TN:
SF:/Users/alessiofimognari/sandbox/NICE/identity-hostedpages/custom-pages/login/src/routes/ForgotPassword/components/ForgotPasswordForm.js
FN:12,(anonymous_0)
FN:22,(anonymous_1)
FN:24,(anonymous_2)
FN:27,(anonymous_3)
FN:36,(anonymous_4)
FN:46,(anonymous_5)
FNF:6
FNH:4
FNDA:5,(anonymous_0)
FNDA:0,(anonymous_1)
FNDA:1,(anonymous_2)
FNDA:1,(anonymous_3)
FNDA:0,(anonymous_4)
FNDA:9,(anonymous_5)
DA:13,5
DA:14,5
DA:15,5
DA:22,0
DA:25,1
DA:26,1
DA:27,1
DA:28,1
DA:29,1
DA:32,0
DA:37,0
DA:47,9
DA:48,9
DA:49,9
LF:14
LH:11
BRDA:25,0,0,0
BRDA:25,0,1,1
BRDA:60,1,0,9
BRDA:60,1,1,1
BRDA:71,2,0,8
BRDA:71,2,1,1
BRF:6
BRH:5
end_of_record
TN:
SF:/Users/alessiofimognari/sandbox/NICE/identity-hostedpages/custom-pages/login/src/routes/ForgotPasswordSuccess/ForgotPasswordSuccess.js
FN:10,(anonymous_0)
FNF:1
FNH:1
FNDA:1,(anonymous_0)
DA:10,1
DA:11,1
DA:12,1
LF:3
LH:3
BRF:0
BRH:0
end_of_record
TN:
SF:/Users/alessiofimognari/sandbox/NICE/identity-hostedpages/custom-pages/login/src/routes/ForgotPasswordSuccess/index.js
FNF:0
FNH:0
LF:0
LH:0
BRF:0
BRH:0
end_of_record
TN:
SF:/Users/alessiofimognari/sandbox/NICE/identity-hostedpages/custom-pages/login/src/routes/Login/index.js
FNF:0
FNH:0
LF:0
LH:0
BRF:0
BRH:0
end_of_record
TN:
SF:/Users/alessiofimognari/sandbox/NICE/identity-hostedpages/custom-pages/login/src/routes/Login/components/LoginForm.js
FN:14,(anonymous_0)
FN:27,(anonymous_1)
FN:28,(anonymous_2)
FN:43,(anonymous_3)
FN:45,(anonymous_4)
FN:48,(anonymous_5)
FN:64,(anonymous_6)
FN:77,(anonymous_7)
FN:111,(anonymous_8)
FN:121,(anonymous_9)
FNF:10
FNH:5
FNDA:5,(anonymous_0)
FNDA:5,(anonymous_1)
FNDA:0,(anonymous_2)
FNDA:1,(anonymous_3)
FNDA:0,(anonymous_4)
FNDA:1,(anonymous_5)
FNDA:0,(anonymous_6)
FNDA:9,(anonymous_7)
FNDA:0,(anonymous_8)
FNDA:0,(anonymous_9)
DA:15,5
DA:16,5
DA:17,5
DA:28,5
DA:29,0
DA:34,0
DA:39,0
DA:44,1
DA:45,1
DA:46,0
DA:47,1
DA:48,1
DA:49,1
DA:50,1
DA:51,1
DA:60,0
DA:65,0
DA:66,0
DA:67,0
DA:69,0
DA:78,9
DA:81,9
DA:83,9
DA:111,0
DA:121,0
LF:25
LH:14
BRDA:44,0,0,0
BRDA:44,0,1,1
BRDA:50,1,0,0
BRDA:50,1,1,1
BRDA:66,2,0,0
BRDA:66,2,1,0
BRDA:73,3,0,0
BRDA:73,3,1,0
BRDA:86,4,0,9
BRDA:86,4,1,1
BRDA:96,5,0,9
BRDA:96,5,1,9
BRDA:106,6,0,8
BRDA:106,6,1,1
BRDA:116,7,0,8
BRDA:116,7,1,0
BRF:16
BRH:9
end_of_record
TN:
SF:/Users/alessiofimognari/sandbox/NICE/identity-hostedpages/custom-pages/login/src/routes/NotFound/NotFound.js
FN:5,(anonymous_0)
FN:10,(anonymous_1)
FNF:2
FNH:1
FNDA:0,(anonymous_0)
FNDA:1,(anonymous_1)
DA:5,1
DA:6,0
DA:7,0
DA:10,1
DA:11,1
LF:5
LH:3
BRF:0
BRH:0
end_of_record
TN:
SF:/Users/alessiofimognari/sandbox/NICE/identity-hostedpages/custom-pages/login/src/routes/NotFound/index.js
FNF:0
FNH:0
LF:0
LH:0
BRF:0
BRH:0
end_of_record
TN:
SF:/Users/alessiofimognari/sandbox/NICE/identity-hostedpages/custom-pages/login/src/routes/Register/index.js
FNF:0
FNH:0
LF:0
LH:0
BRF:0
BRH:0
end_of_record
TN:
SF:/Users/alessiofimognari/sandbox/NICE/identity-hostedpages/custom-pages/login/src/routes/Register/components/RegisterForm.js
FN:11,(anonymous_0)
FN:36,(anonymous_1)
FN:45,(anonymous_2)
FN:67,(anonymous_3)
FN:78,(anonymous_4)
FN:84,(anonymous_5)
FN:91,(anonymous_6)
FN:96,(anonymous_7)
FN:103,(anonymous_8)
FN:126,(anonymous_9)
FN:141,(anonymous_10)
FN:150,(anonymous_11)
FN:325,(anonymous_12)
FNF:13
FNH:7
FNDA:5,(anonymous_0)
FNDA:0,(anonymous_1)
FNDA:1,(anonymous_2)
FNDA:0,(anonymous_3)
FNDA:0,(anonymous_4)
FNDA:0,(anonymous_5)
FNDA:1,(anonymous_6)
FNDA:7,(anonymous_7)
FNDA:1,(anonymous_8)
FNDA:1,(anonymous_9)
FNDA:0,(anonymous_10)
FNDA:10,(anonymous_11)
FNDA:0,(anonymous_12)
DA:12,5
DA:13,5
DA:14,5
DA:37,0
DA:38,0
DA:42,0
DA:46,1
DA:49,1
DA:50,1
DA:51,1
DA:52,1
DA:54,1
DA:55,1
DA:63,0
DA:69,0
DA:72,0
DA:79,0
DA:85,0
DA:94,1
DA:95,1
DA:97,7
DA:100,1
DA:112,1
DA:113,1
DA:127,1
DA:128,1
DA:142,0
DA:143,0
DA:144,0
DA:160,10
DA:161,10
DA:162,10
DA:325,0
LF:33
LH:21
BRDA:37,0,0,0
BRDA:37,0,1,0
BRDA:46,1,0,0
BRDA:46,1,1,1
BRDA:50,2,0,1
BRDA:50,2,1,0
BRDA:54,3,0,1
BRDA:54,3,1,0
BRDA:54,4,0,1
BRDA:54,4,1,0
BRDA:69,5,0,0
BRDA:69,5,1,0
BRDA:97,6,0,7
BRDA:97,6,1,7
BRDA:100,7,0,1
BRDA:100,7,1,1
BRDA:100,7,2,1
BRDA:100,7,3,1
BRDA:100,7,4,1
BRDA:100,7,5,1
BRDA:142,8,0,0
BRDA:142,8,1,0
BRDA:143,9,0,0
BRDA:143,9,1,0
BRDA:169,10,0,10
BRDA:169,10,1,0
BRDA:196,11,0,6
BRDA:196,11,1,4
BRDA:225,12,0,6
BRDA:225,12,1,4
BRDA:252,13,0,6
BRDA:252,13,1,4
BRDA:267,14,0,6
BRDA:267,14,1,4
BRDA:287,15,0,0
BRDA:287,15,1,10
BRF:36
BRH:22
end_of_record
TN:
SF:/Users/alessiofimognari/sandbox/NICE/identity-hostedpages/custom-pages/login/src/routes/RegisterSuccess/RegisterSuccess.js
FN:10,(anonymous_0)
FNF:1
FNH:1
FNDA:1,(anonymous_0)
DA:10,1
DA:11,1
DA:12,1
LF:3
LH:3
BRF:0
BRH:0
end_of_record
TN:
SF:/Users/alessiofimognari/sandbox/NICE/identity-hostedpages/custom-pages/login/src/routes/RegisterSuccess/index.js
FNF:0
FNH:0
LF:0
LH:0
BRF:0
BRH:0
end_of_record
TN:
SF:/Users/alessiofimognari/sandbox/NICE/identity-hostedpages/custom-pages/login/src/routes/ResetPassword/index.js
FNF:0
FNH:0
LF:0
LH:0
BRF:0
BRH:0
end_of_record
TN:
SF:/Users/alessiofimognari/sandbox/NICE/identity-hostedpages/custom-pages/login/src/routes/ResetPassword/components/ResetPasswordForm.js
FN:10,(anonymous_0)
FN:25,(anonymous_1)
FN:32,(anonymous_2)
FN:39,(anonymous_3)
FN:46,(anonymous_4)
FN:52,(anonymous_5)
FN:59,(anonymous_6)
FN:62,(anonymous_7)
FN:69,(anonymous_8)
FN:79,(anonymous_9)
FN:86,(anonymous_10)
FN:142,(anonymous_11)
FNF:12
FNH:6
FNDA:5,(anonymous_0)
FNDA:1,(anonymous_1)
FNDA:0,(anonymous_2)
FNDA:0,(anonymous_3)
FNDA:0,(anonymous_4)
FNDA:0,(anonymous_5)
FNDA:1,(anonymous_6)
FNDA:2,(anonymous_7)
FNDA:1,(anonymous_8)
FNDA:0,(anonymous_9)
FNDA:9,(anonymous_10)
FNDA:0,(anonymous_11)
DA:11,5
DA:12,5
DA:13,5
DA:26,1
DA:27,1
DA:28,1
DA:29,1
DA:30,1
DA:32,0
DA:33,0
DA:34,0
DA:40,0
DA:47,0
DA:53,0
DA:60,1
DA:61,1
DA:63,2
DA:66,1
DA:70,1
DA:71,1
DA:80,0
DA:81,0
DA:87,9
DA:88,9
DA:89,9
DA:142,0
LF:26
LH:17
BRDA:26,0,0,0
BRDA:26,0,1,1
BRDA:29,1,0,1
BRDA:29,1,1,0
BRDA:34,2,0,0
BRDA:34,2,1,0
BRDA:63,3,0,2
BRDA:63,3,1,2
BRDA:66,4,0,1
BRDA:66,4,1,1
BRDA:66,4,2,1
BRDA:80,5,0,0
BRDA:80,5,1,0
BRDA:96,6,0,9
BRDA:96,6,1,0
BRF:15
BRH:8
end_of_record
TN:
SF:/Users/alessiofimognari/sandbox/NICE/identity-hostedpages/custom-pages/login/src/routes/ResetPasswordSuccess/ResetPasswordSuccess.js
FN:11,(anonymous_0)
FNF:1
FNH:1
FNDA:1,(anonymous_0)
DA:11,1
DA:12,1
DA:13,1
LF:3
LH:3
BRF:0
BRH:0
end_of_record
TN:
SF:/Users/alessiofimognari/sandbox/NICE/identity-hostedpages/custom-pages/login/src/routes/ResetPasswordSuccess/index.js
FNF:0
FNH:0
LF:0
LH:0
BRF:0
BRH:0
end_of_record
TN:
SF:/Users/alessiofimognari/sandbox/NICE/identity-hostedpages/custom-pages/login/src/services/AuthApi.js
FN:12,(anonymous_0)
FN:37,(anonymous_1)
FN:39,(anonymous_2)
FN:50,(anonymous_3)
FN:51,(anonymous_4)
FN:66,(anonymous_5)
FN:67,(anonymous_6)
FN:80,(anonymous_7)
FN:115,(anonymous_8)
FN:119,(anonymous_9)
FN:133,(anonymous_10)
FN:152,(anonymous_11)
FN:156,(anonymous_12)
FN:159,(anonymous_13)
FN:161,(anonymous_14)
FN:167,(anonymous_15)
FN:174,(anonymous_16)
FN:181,(anonymous_17)
FN:185,(anonymous_18)
FN:198,(anonymous_19)
FN:219,(anonymous_20)
FN:223,(anonymous_21)
FN:226,(anonymous_22)
FN:228,(anonymous_23)
FN:235,(anonymous_24)
FN:251,(anonymous_25)
FN:254,(anonymous_26)
FN:263,(anonymous_27)
FN:282,(anonymous_28)
FN:286,(anonymous_29)
FN:289,(anonymous_30)
FN:291,(anonymous_31)
FNF:32
FNH:4
FNDA:21,(anonymous_0)
FNDA:5,(anonymous_1)
FNDA:0,(anonymous_2)
FNDA:5,(anonymous_3)
FNDA:5,(anonymous_4)
FNDA:0,(anonymous_5)
FNDA:0,(anonymous_6)
FNDA:0,(anonymous_7)
FNDA:0,(anonymous_8)
FNDA:0,(anonymous_9)
FNDA:0,(anonymous_10)
FNDA:0,(anonymous_11)
FNDA:0,(anonymous_12)
FNDA:0,(anonymous_13)
FNDA:0,(anonymous_14)
FNDA:0,(anonymous_15)
FNDA:0,(anonymous_16)
FNDA:0,(anonymous_17)
FNDA:0,(anonymous_18)
FNDA:0,(anonymous_19)
FNDA:0,(anonymous_20)
FNDA:0,(anonymous_21)
FNDA:0,(anonymous_22)
FNDA:0,(anonymous_23)
FNDA:0,(anonymous_24)
FNDA:0,(anonymous_25)
FNDA:0,(anonymous_26)
FNDA:0,(anonymous_27)
FNDA:0,(anonymous_28)
FNDA:0,(anonymous_29)
FNDA:0,(anonymous_30)
FNDA:0,(anonymous_31)
DA:9,5
DA:13,21
DA:14,5
DA:16,21
DA:17,21
DA:33,21
DA:34,21
DA:38,5
DA:40,0
DA:45,0
DA:51,5
DA:52,5
DA:53,5
DA:56,5
DA:59,5
DA:60,5
DA:61,5
DA:62,5
DA:67,0
DA:68,0
DA:77,0
DA:81,0
DA:82,0
DA:89,0
DA:90,0
DA:96,0
DA:98,0
DA:106,0
DA:108,0
DA:109,0
DA:111,0
DA:112,0
DA:113,0
DA:115,0
DA:116,0
DA:117,0
DA:118,0
DA:119,0
DA:120,0
DA:124,0
DA:129,0
DA:134,0
DA:139,0
DA:153,0
DA:154,0
DA:155,0
DA:156,0
DA:160,0
DA:161,0
DA:163,0
DA:168,0
DA:169,0
DA:170,0
DA:171,0
DA:175,0
DA:182,0
DA:183,0
DA:184,0
DA:186,0
DA:190,0
DA:192,0
DA:193,0
DA:199,0
DA:200,0
DA:201,0
DA:211,0
DA:220,0
DA:221,0
DA:222,0
DA:223,0
DA:227,0
DA:228,0
DA:230,0
DA:236,0
DA:248,0
DA:249,0
DA:251,0
DA:252,0
DA:253,0
DA:254,0
DA:256,0
DA:258,0
DA:259,0
DA:264,0
DA:265,0
DA:270,0
DA:283,0
DA:285,0
DA:286,0
DA:290,0
DA:291,0
DA:293,0
LF:92
LH:16
BRDA:9,0,0,5
BRDA:9,0,1,5
BRDA:13,1,0,5
BRDA:13,1,1,16
BRDA:16,2,0,21
BRDA:16,2,1,5
BRDA:52,3,0,5
BRDA:52,3,1,0
BRDA:53,4,0,0
BRDA:53,4,1,5
BRDA:70,5,0,0
BRDA:70,5,1,0
BRDA:73,6,0,0
BRDA:73,6,1,0
BRDA:89,7,0,0
BRDA:89,7,1,0
BRDA:108,8,0,0
BRDA:108,8,1,0
BRDA:112,9,0,0
BRDA:112,9,1,0
BRDA:117,10,0,0
BRDA:117,10,1,0
BRDA:118,11,0,0
BRDA:118,11,1,0
BRDA:120,12,0,0
BRDA:120,12,1,0
BRDA:147,13,0,0
BRDA:147,13,1,0
BRDA:153,14,0,0
BRDA:153,14,1,0
BRDA:155,15,0,0
BRDA:155,15,1,0
BRDA:160,16,0,0
BRDA:160,16,1,0
BRDA:182,17,0,0
BRDA:182,17,1,0
BRDA:183,18,0,0
BRDA:183,18,1,0
BRDA:200,19,0,0
BRDA:200,19,1,0
BRDA:220,20,0,0
BRDA:220,20,1,0
BRDA:222,21,0,0
BRDA:222,21,1,0
BRDA:227,22,0,0
BRDA:227,22,1,0
BRDA:248,23,0,0
BRDA:248,23,1,0
BRDA:252,24,0,0
BRDA:252,24,1,0
BRDA:253,25,0,0
BRDA:253,25,1,0
BRDA:283,26,0,0
BRDA:283,26,1,0
BRDA:285,27,0,0
BRDA:285,27,1,0
BRDA:290,28,0,0
BRDA:290,28,1,0
BRF:58
BRH:8
end_of_record
TN:
SF:/Users/alessiofimognari/sandbox/NICE/identity-hostedpages/custom-pages/login/src/services/constants.js
FNF:0
FNH:0
DA:4,6
DA:6,6
LF:2
LH:2
BRDA:4,0,0,6
BRDA:4,0,1,6
BRDA:7,1,0,0
BRDA:7,1,1,6
BRDA:8,2,0,0
BRDA:8,2,1,6
BRDA:13,3,0,0
BRDA:13,3,1,6
BRF:8
BRH:5
end_of_record
TN:
SF:/Users/alessiofimognari/sandbox/NICE/identity-hostedpages/custom-pages/login/src/util/ensureTrailingSlash.js
FN:1,(anonymous_0)
FNF:1
FNH:1
FNDA:10,(anonymous_0)
DA:1,12
DA:3,10
DA:4,2
DA:5,2
DA:7,8
LF:5
LH:5
BRDA:3,0,0,2
BRDA:3,0,1,8
BRDA:3,1,0,10
BRDA:3,1,1,4
BRDA:4,2,0,1
BRDA:4,2,1,1
BRF:6
BRH:6
end_of_record
TN:
SF:/Users/alessiofimognari/sandbox/NICE/identity-hostedpages/custom-pages/login/src/util/getFirstErrorElement.js
FN:1,(anonymous_0)
FN:3,(anonymous_1)
FNF:2
FNH:2
FNDA:3,(anonymous_0)
FNDA:1,(anonymous_1)
DA:1,12
DA:2,3
DA:3,2
DA:4,2
DA:5,2
DA:6,2
DA:7,2
DA:9,1
LF:8
LH:8
BRDA:2,0,0,2
BRDA:2,0,1,1
BRDA:5,1,0,1
BRDA:5,1,1,1
BRDA:5,2,0,2
BRDA:5,2,1,2
BRDA:6,3,0,2
BRDA:6,3,1,1
BRDA:7,4,0,0
BRDA:7,4,1,2
BRDA:7,5,0,2
BRDA:7,5,1,0
BRF:12
BRH:10
end_of_record
TN:
SF:/Users/alessiofimognari/sandbox/NICE/identity-hostedpages/custom-pages/login/src/util/index.js
FNF:0
FNH:0
LF:0
LH:0
BRF:0
BRH:0
end_of_record
TN:
SF:/Users/alessiofimognari/sandbox/NICE/identity-hostedpages/custom-pages/login/src/util/isDomainInUsername.js
FN:3,(anonymous_0)
FNF:1
FNH:1
FNDA:2,(anonymous_0)
DA:3,13
DA:4,2
DA:9,2
DA:10,2
DA:12,0
LF:5
LH:4
BRDA:9,0,0,2
BRDA:9,0,1,0
BRDA:9,1,0,2
BRDA:9,1,1,2
BRDA:9,1,2,2
BRF:5
BRH:4
end_of_record
TN:
SF:/Users/alessiofimognari/sandbox/NICE/identity-hostedpages/custom-pages/login/src/util/isIE8.js
FN:1,(anonymous_0)
FNF:1
FNH:1
FNDA:1,(anonymous_0)
DA:1,13
DA:2,1
DA:5,0
DA:8,0
DA:9,0
DA:11,0
DA:13,1
LF:7
LH:3
BRDA:2,0,0,0
BRDA:2,0,1,1
BRDA:5,1,0,0
BRDA:5,1,1,0
BRDA:8,2,0,0
BRDA:8,2,1,0
BRF:6
BRH:1
end_of_record
TN:
SF:/Users/alessiofimognari/sandbox/NICE/identity-hostedpages/custom-pages/login/src/util/toggleNavigation.js
FN:1,(anonymous_0)
FN:2,(anonymous_1)
FN:9,(anonymous_2)
FN:10,(anonymous_3)
FNF:4
FNH:4
FNDA:22,(anonymous_0)
FNDA:1,(anonymous_1)
FNDA:20,(anonymous_2)
FNDA:1,(anonymous_3)
DA:1,12
DA:2,22
DA:3,1
DA:4,1
DA:9,12
DA:10,20
DA:11,1
DA:12,1
DA:13,0
DA:17,1
LF:10
LH:9
BRDA:12,0,0,0
BRDA:12,0,1,1
BRF:2
BRH:1
end_of_record
TN:
SF:/Users/alessiofimognari/sandbox/NICE/identity-hostedpages/custom-pages/login/src/util/validateFields.js
FN:1,(anonymous_0)
FN:10,(anonymous_1)
FN:14,(anonymous_2)
FN:15,(anonymous_3)
FN:20,(anonymous_4)
FN:23,(anonymous_5)
FN:24,(anonymous_6)
FN:25,(anonymous_7)
FNF:8
FNH:8
FNDA:23,(anonymous_0)
FNDA:4,(anonymous_1)
FNDA:5,(anonymous_2)
FNDA:8,(anonymous_3)
FNDA:6,(anonymous_4)
FNDA:3,(anonymous_5)
FNDA:3,(anonymous_6)
FNDA:1,(anonymous_7)
DA:1,12
DA:9,23
DA:11,4
DA:12,4
DA:14,5
DA:17,8
DA:18,8
DA:21,6
DA:23,3
DA:24,3
DA:25,1
LF:11
LH:11
BRDA:12,0,0,4
BRDA:12,0,1,3
BRDA:14,1,0,5
BRDA:14,1,1,3
BRDA:14,1,2,4
BRDA:14,1,3,3
BRDA:14,1,4,2
BRDA:18,2,0,8
BRDA:18,2,1,7
BRDA:21,3,0,6
BRDA:21,3,1,4
BRDA:21,3,2,5
BRDA:21,3,3,3
BRDA:21,3,4,3
BRDA:23,4,0,3
BRDA:23,4,1,3
BRDA:24,5,0,3
BRDA:24,5,1,3
BRDA:25,6,0,1
BRDA:25,6,1,1
BRDA:25,6,2,1
BRDA:25,6,3,1
BRDA:25,6,4,1
BRF:23
BRH:23
end_of_record
