TN:
SF:C:\_src\identity-hostedpages\custom-pages\login\src\components\Header\Header.js
FN:5,(anonymous_0)
FNF:1
FNH:1
FNDA:1,(anonymous_0)
DA:5,2
DA:6,1
DA:12,2
DA:16,2
LF:4
LH:4
BRF:0
BRH:0
end_of_record
TN:
SF:C:\_src\identity-hostedpages\custom-pages\login\src\components\Header\index.js
FNF:0
FNH:0
LF:0
LH:0
BRF:0
BRH:0
end_of_record
TN:
SF:C:\_src\identity-hostedpages\custom-pages\login\src\components\Layout\Layout.js
FN:8,(anonymous_0)
FNF:1
FNH:1
FNDA:1,(anonymous_0)
DA:8,1
DA:9,1
DA:21,1
LF:3
LH:3
BRF:0
BRH:0
end_of_record
TN:
SF:C:\_src\identity-hostedpages\custom-pages\login\src\components\Layout\index.js
FNF:0
FNH:0
LF:0
LH:0
BRF:0
BRH:0
end_of_record
TN:
SF:C:\_src\identity-hostedpages\custom-pages\login\src\components\Navigation\Nav.js
FN:6,(anonymous_0)
FNF:1
FNH:1
FNDA:1,(anonymous_0)
DA:6,2
DA:7,1
DA:8,1
LF:3
LH:3
BRDA:10,0,0,0
BRDA:10,0,1,1
BRF:2
BRH:1
end_of_record
TN:
SF:C:\_src\identity-hostedpages\custom-pages\login\src\components\Navigation\index.js
FNF:0
FNH:0
LF:0
LH:0
BRF:0
BRH:0
end_of_record
TN:
SF:C:\_src\identity-hostedpages\custom-pages\login\src\containers\AppContainer.js
FN:15,(anonymous_0)
FNF:1
FNH:1
FNDA:1,(anonymous_0)
DA:16,1
DA:18,1
LF:2
LH:2
BRF:0
BRH:0
end_of_record
TN:
SF:C:\_src\identity-hostedpages\custom-pages\login\src\routes\ForgotPassword\index.js
FNF:0
FNH:0
LF:0
LH:0
BRF:0
BRH:0
end_of_record
TN:
SF:C:\_src\identity-hostedpages\custom-pages\login\src\routes\ForgotPassword\components\ForgotPasswordForm.js
FN:12,(anonymous_0)
FN:22,(anonymous_1)
FN:24,(anonymous_2)
FN:27,(anonymous_3)
FN:36,(anonymous_4)
FN:46,(anonymous_5)
FNF:6
FNH:4
FNDA:5,(anonymous_0)
FNDA:0,(anonymous_1)
FNDA:1,(anonymous_2)
FNDA:1,(anonymous_3)
FNDA:0,(anonymous_4)
FNDA:9,(anonymous_5)
DA:13,5
DA:14,5
DA:15,5
DA:22,0
DA:25,1
DA:26,1
DA:27,1
DA:28,1
DA:29,1
DA:32,0
DA:37,0
DA:47,9
DA:48,9
DA:49,9
LF:14
LH:11
BRDA:25,0,0,0
BRDA:25,0,1,1
BRDA:60,1,0,9
BRDA:60,1,1,1
BRDA:70,2,0,8
BRDA:70,2,1,1
BRF:6
BRH:5
end_of_record
TN:
SF:C:\_src\identity-hostedpages\custom-pages\login\src\routes\ForgotPasswordSuccess\ForgotPasswordSuccess.js
FN:10,(anonymous_0)
FNF:1
FNH:1
FNDA:1,(anonymous_0)
DA:10,1
DA:11,1
DA:12,1
LF:3
LH:3
BRF:0
BRH:0
end_of_record
TN:
SF:C:\_src\identity-hostedpages\custom-pages\login\src\routes\ForgotPasswordSuccess\index.js
FNF:0
FNH:0
LF:0
LH:0
BRF:0
BRH:0
end_of_record
TN:
SF:C:\_src\identity-hostedpages\custom-pages\login\src\routes\Login\index.js
FNF:0
FNH:0
LF:0
LH:0
BRF:0
BRH:0
end_of_record
TN:
SF:C:\_src\identity-hostedpages\custom-pages\login\src\routes\Login\components\LoginForm.js
FN:12,(anonymous_0)
FN:24,(anonymous_1)
FN:26,(anonymous_2)
FN:29,(anonymous_3)
FN:39,(anonymous_4)
FN:44,(anonymous_5)
FN:54,(anonymous_6)
FNF:7
FNH:4
FNDA:5,(anonymous_0)
FNDA:0,(anonymous_1)
FNDA:1,(anonymous_2)
FNDA:1,(anonymous_3)
FNDA:0,(anonymous_4)
FNDA:0,(anonymous_5)
FNDA:9,(anonymous_6)
DA:13,5
DA:14,5
DA:15,5
DA:24,0
DA:27,1
DA:28,1
DA:29,1
DA:30,1
DA:31,1
DA:35,0
DA:40,0
DA:41,0
DA:45,0
DA:55,9
DA:56,9
DA:57,9
LF:16
LH:11
BRDA:27,0,0,0
BRDA:27,0,1,1
BRDA:41,1,0,0
BRDA:41,1,1,0
BRDA:60,2,0,9
BRDA:60,2,1,1
BRDA:77,3,0,8
BRDA:77,3,1,1
BRF:8
BRH:5
end_of_record
TN:
SF:C:\_src\identity-hostedpages\custom-pages\login\src\routes\NotFound\NotFound.js
FN:5,(anonymous_0)
FN:10,(anonymous_1)
FNF:2
FNH:1
FNDA:0,(anonymous_0)
FNDA:1,(anonymous_1)
DA:5,1
DA:6,0
DA:7,0
DA:10,1
DA:11,1
LF:5
LH:3
BRF:0
BRH:0
end_of_record
TN:
SF:C:\_src\identity-hostedpages\custom-pages\login\src\routes\NotFound\index.js
FNF:0
FNH:0
LF:0
LH:0
BRF:0
BRH:0
end_of_record
TN:
SF:C:\_src\identity-hostedpages\custom-pages\login\src\routes\Register\index.js
FNF:0
FNH:0
LF:0
LH:0
BRF:0
BRH:0
end_of_record
TN:
SF:C:\_src\identity-hostedpages\custom-pages\login\src\routes\Register\components\RegisterForm.js
FN:10,(anonymous_0)
FN:35,(anonymous_1)
FN:59,(anonymous_2)
FN:66,(anonymous_3)
FN:72,(anonymous_4)
FN:79,(anonymous_5)
FN:84,(anonymous_6)
FN:91,(anonymous_7)
FN:106,(anonymous_8)
FN:113,(anonymous_9)
FN:264,(anonymous_10)
FNF:11
FNH:6
FNDA:5,(anonymous_0)
FNDA:1,(anonymous_1)
FNDA:0,(anonymous_2)
FNDA:0,(anonymous_3)
FNDA:0,(anonymous_4)
FNDA:1,(anonymous_5)
FNDA:7,(anonymous_6)
FNDA:1,(anonymous_7)
FNDA:0,(anonymous_8)
FNDA:9,(anonymous_9)
FNDA:0,(anonymous_10)
DA:11,5
DA:12,5
DA:13,5
DA:36,1
DA:39,1
DA:40,1
DA:41,1
DA:42,1
DA:50,0
DA:60,0
DA:67,0
DA:73,0
DA:82,1
DA:83,1
DA:85,7
DA:88,1
DA:92,1
DA:93,1
DA:107,0
DA:108,0
DA:116,9
DA:117,9
DA:118,9
DA:264,0
LF:24
LH:17
BRDA:36,0,0,0
BRDA:36,0,1,1
BRDA:41,1,0,1
BRDA:41,1,1,0
BRDA:85,2,0,7
BRDA:85,2,1,7
BRDA:88,3,0,1
BRDA:88,3,1,1
BRDA:88,3,2,1
BRDA:88,3,3,1
BRDA:88,3,4,1
BRDA:88,3,5,1
BRDA:107,4,0,0
BRDA:107,4,1,0
BRDA:125,5,0,9
BRDA:125,5,1,0
BRDA:227,6,0,0
BRDA:227,6,1,9
BRF:18
BRH:12
end_of_record
TN:
SF:C:\_src\identity-hostedpages\custom-pages\login\src\routes\RegisterSuccess\RegisterSuccess.js
FN:10,(anonymous_0)
FNF:1
FNH:1
FNDA:1,(anonymous_0)
DA:10,1
DA:11,1
DA:12,1
LF:3
LH:3
BRF:0
BRH:0
end_of_record
TN:
SF:C:\_src\identity-hostedpages\custom-pages\login\src\routes\RegisterSuccess\index.js
FNF:0
FNH:0
LF:0
LH:0
BRF:0
BRH:0
end_of_record
TN:
SF:C:\_src\identity-hostedpages\custom-pages\login\src\routes\ResetPassword\index.js
FNF:0
FNH:0
LF:0
LH:0
BRF:0
BRH:0
end_of_record
TN:
SF:C:\_src\identity-hostedpages\custom-pages\login\src\routes\ResetPassword\components\ResetPasswordForm.js
FN:10,(anonymous_0)
FN:25,(anonymous_1)
FN:32,(anonymous_2)
FN:39,(anonymous_3)
FN:46,(anonymous_4)
FN:52,(anonymous_5)
FN:59,(anonymous_6)
FN:62,(anonymous_7)
FN:69,(anonymous_8)
FN:79,(anonymous_9)
FN:86,(anonymous_10)
FN:142,(anonymous_11)
FNF:12
FNH:6
FNDA:5,(anonymous_0)
FNDA:1,(anonymous_1)
FNDA:0,(anonymous_2)
FNDA:0,(anonymous_3)
FNDA:0,(anonymous_4)
FNDA:0,(anonymous_5)
FNDA:1,(anonymous_6)
FNDA:2,(anonymous_7)
FNDA:1,(anonymous_8)
FNDA:0,(anonymous_9)
FNDA:9,(anonymous_10)
FNDA:0,(anonymous_11)
DA:11,5
DA:12,5
DA:13,5
DA:26,1
DA:27,1
DA:28,1
DA:29,1
DA:30,1
DA:32,0
DA:33,0
DA:34,0
DA:40,0
DA:47,0
DA:53,0
DA:60,1
DA:61,1
DA:63,2
DA:66,1
DA:70,1
DA:71,1
DA:80,0
DA:81,0
DA:87,9
DA:88,9
DA:89,9
DA:142,0
LF:26
LH:17
BRDA:26,0,0,0
BRDA:26,0,1,1
BRDA:29,1,0,1
BRDA:29,1,1,0
BRDA:34,2,0,0
BRDA:34,2,1,0
BRDA:63,3,0,2
BRDA:63,3,1,2
BRDA:66,4,0,1
BRDA:66,4,1,1
BRDA:66,4,2,1
BRDA:80,5,0,0
BRDA:80,5,1,0
BRDA:96,6,0,9
BRDA:96,6,1,0
BRF:15
BRH:8
end_of_record
TN:
SF:C:\_src\identity-hostedpages\custom-pages\login\src\routes\ResetPasswordSuccess\ResetPasswordSuccess.js
FN:11,(anonymous_0)
FNF:1
FNH:1
FNDA:1,(anonymous_0)
DA:11,1
DA:12,1
DA:13,1
LF:3
LH:3
BRF:0
BRH:0
end_of_record
TN:
SF:C:\_src\identity-hostedpages\custom-pages\login\src\routes\ResetPasswordSuccess\index.js
FNF:0
FNH:0
LF:0
LH:0
BRF:0
BRH:0
end_of_record
TN:
SF:C:\_src\identity-hostedpages\custom-pages\login\src\services\AuthApi.js
FN:7,(anonymous_0)
FN:32,(anonymous_1)
FN:40,(anonymous_2)
FN:43,(anonymous_3)
FN:52,(anonymous_4)
FN:59,(anonymous_5)
FN:63,(anonymous_6)
FN:76,(anonymous_7)
FN:97,(anonymous_8)
FN:101,(anonymous_9)
FN:104,(anonymous_10)
FN:106,(anonymous_11)
FN:113,(anonymous_12)
FN:126,(anonymous_13)
FNF:14
FNH:1
FNDA:20,(anonymous_0)
FNDA:0,(anonymous_1)
FNDA:0,(anonymous_2)
FNDA:0,(anonymous_3)
FNDA:0,(anonymous_4)
FNDA:0,(anonymous_5)
FNDA:0,(anonymous_6)
FNDA:0,(anonymous_7)
FNDA:0,(anonymous_8)
FNDA:0,(anonymous_9)
FNDA:0,(anonymous_10)
FNDA:0,(anonymous_11)
FNDA:0,(anonymous_12)
FNDA:0,(anonymous_13)
DA:8,20
DA:9,4
DA:11,20
DA:12,20
DA:28,20
DA:29,20
DA:33,0
DA:41,0
DA:42,0
DA:43,0
DA:45,0
DA:47,0
DA:53,0
DA:60,0
DA:61,0
DA:62,0
DA:64,0
DA:68,0
DA:70,0
DA:71,0
DA:77,0
DA:78,0
DA:79,0
DA:89,0
DA:98,0
DA:99,0
DA:100,0
DA:101,0
DA:105,0
DA:106,0
DA:108,0
DA:114,0
DA:127,0
DA:128,0
DA:129,0
DA:131,0
DA:133,0
DA:134,0
LF:38
LH:6
BRDA:8,0,0,4
BRDA:8,0,1,16
BRDA:11,1,0,20
BRDA:11,1,1,4
BRDA:18,2,0,20
BRDA:18,2,1,0
BRDA:41,3,0,0
BRDA:41,3,1,0
BRDA:42,4,0,0
BRDA:42,4,1,0
BRDA:60,5,0,0
BRDA:60,5,1,0
BRDA:61,6,0,0
BRDA:61,6,1,0
BRDA:78,7,0,0
BRDA:78,7,1,0
BRDA:98,8,0,0
BRDA:98,8,1,0
BRDA:100,9,0,0
BRDA:100,9,1,0
BRDA:105,10,0,0
BRDA:105,10,1,0
BRDA:127,11,0,0
BRDA:127,11,1,0
BRDA:128,12,0,0
BRDA:128,12,1,0
BRF:26
BRH:5
end_of_record
TN:
SF:C:\_src\identity-hostedpages\custom-pages\login\src\services\constants.js
FNF:0
FNH:0
DA:11,5
LF:1
LH:1
BRF:0
BRH:0
end_of_record
TN:
SF:C:\_src\identity-hostedpages\custom-pages\login\src\util\getFirstErrorElement.js
FN:1,(anonymous_0)
FN:3,(anonymous_1)
FNF:2
FNH:2
FNDA:3,(anonymous_0)
FNDA:1,(anonymous_1)
DA:1,10
DA:2,3
DA:3,2
DA:4,2
DA:5,2
DA:6,2
DA:7,2
DA:9,1
LF:8
LH:8
BRDA:2,0,0,2
BRDA:2,0,1,1
BRDA:5,1,0,1
BRDA:5,1,1,1
BRDA:5,2,0,2
BRDA:5,2,1,2
BRDA:6,3,0,2
BRDA:6,3,1,1
BRDA:7,4,0,0
BRDA:7,4,1,2
BRDA:7,5,0,2
BRDA:7,5,1,0
BRF:12
BRH:10
end_of_record
TN:
SF:C:\_src\identity-hostedpages\custom-pages\login\src\util\index.js
FNF:0
FNH:0
LF:0
LH:0
BRF:0
BRH:0
end_of_record
TN:
SF:C:\_src\identity-hostedpages\custom-pages\login\src\util\toggleNavigation.js
FN:1,(anonymous_0)
FN:2,(anonymous_1)
FN:7,(anonymous_2)
FN:8,(anonymous_3)
FNF:4
FNH:4
FNDA:22,(anonymous_0)
FNDA:1,(anonymous_1)
FNDA:19,(anonymous_2)
FNDA:1,(anonymous_3)
DA:1,10
DA:2,22
DA:3,1
DA:4,1
DA:7,10
DA:8,19
DA:9,1
DA:10,1
LF:8
LH:8
BRF:0
BRH:0
end_of_record
TN:
SF:C:\_src\identity-hostedpages\custom-pages\login\src\util\validateFields.js
FN:1,(anonymous_0)
FN:10,(anonymous_1)
FN:14,(anonymous_2)
FN:15,(anonymous_3)
FN:20,(anonymous_4)
FN:22,(anonymous_5)
FN:23,(anonymous_6)
FN:24,(anonymous_7)
FNF:8
FNH:8
FNDA:23,(anonymous_0)
FNDA:4,(anonymous_1)
FNDA:5,(anonymous_2)
FNDA:8,(anonymous_3)
FNDA:6,(anonymous_4)
FNDA:3,(anonymous_5)
FNDA:3,(anonymous_6)
FNDA:1,(anonymous_7)
DA:1,10
DA:9,23
DA:11,4
DA:12,4
DA:14,5
DA:17,8
DA:18,8
DA:21,6
DA:22,3
DA:23,3
DA:24,1
LF:11
LH:11
BRDA:12,0,0,4
BRDA:12,0,1,3
BRDA:14,1,0,5
BRDA:14,1,1,3
BRDA:14,1,2,2
BRDA:18,2,0,8
BRDA:18,2,1,7
BRDA:21,3,0,6
BRDA:21,3,1,4
BRDA:21,3,2,3
BRDA:22,4,0,3
BRDA:22,4,1,3
BRDA:23,5,0,3
BRDA:23,5,1,3
BRF:14
BRH:14
end_of_record
